[2022-11-01 12:47:04,136] [log.py:241] [log:log_response] [WARNING]- Not Found: /asnlist/
[2022-11-01 12:47:04,136] [log.py:241] [log:log_response] [WARNING]- Not Found: /asnlist/
[2022-11-01 12:47:21,422] [log.py:241] [log:log_response] [WARNING]- Not Found: /asnlist/
[2022-11-01 12:47:21,422] [log.py:241] [log:log_response] [WARNING]- Not Found: /asnlist/
[2022-11-01 12:50:06,277] [log.py:241] [log:log_response] [WARNING]- Not Found: /asnlist/
[2022-11-01 12:50:06,277] [log.py:241] [log:log_response] [WARNING]- Not Found: /asnlist/
[2022-11-01 12:51:19,454] [log.py:241] [log:log_response] [WARNING]- Not Found: /list
[2022-11-01 12:51:19,454] [log.py:241] [log:log_response] [WARNING]- Not Found: /list
[2022-11-01 12:51:41,500] [log.py:241] [log:log_response] [ERROR]- Internal Server Error: /asn/list/
Traceback (most recent call last):
  File "C:\Users\heqix\anaconda3\envs\GreateWMS\lib\site-packages\django\core\handlers\exception.py", line 55, in inner
    response = get_response(request)
  File "C:\Users\heqix\anaconda3\envs\GreateWMS\lib\site-packages\django\core\handlers\base.py", line 197, in _get_response
    response = wrapped_callback(request, *callback_args, **callback_kwargs)
  File "C:\Users\heqix\anaconda3\envs\GreateWMS\lib\site-packages\django\views\decorators\csrf.py", line 54, in wrapped_view
    return view_func(*args, **kwargs)
  File "C:\Users\heqix\anaconda3\envs\GreateWMS\lib\site-packages\rest_framework\viewsets.py", line 125, in view
    return self.dispatch(request, *args, **kwargs)
  File "C:\Users\heqix\anaconda3\envs\GreateWMS\lib\site-packages\rest_framework\views.py", line 509, in dispatch
    response = self.handle_exception(exc)
  File "C:\Users\heqix\anaconda3\envs\GreateWMS\lib\site-packages\rest_framework\views.py", line 469, in handle_exception
    self.raise_uncaught_exception(exc)
  File "C:\Users\heqix\anaconda3\envs\GreateWMS\lib\site-packages\rest_framework\views.py", line 480, in raise_uncaught_exception
    raise exc
  File "C:\Users\heqix\anaconda3\envs\GreateWMS\lib\site-packages\rest_framework\views.py", line 497, in dispatch
    self.initial(request, *args, **kwargs)
  File "C:\Users\heqix\anaconda3\envs\GreateWMS\lib\site-packages\rest_framework\views.py", line 416, in initial
    self.check_throttles(request)
  File "C:\Users\heqix\anaconda3\envs\GreateWMS\lib\site-packages\rest_framework\views.py", line 359, in check_throttles
    if not throttle.allow_request(request, self):
  File "D:\src\smarterwms\supplier\utils\throttle.py", line 17, in allow_request
    openid = request.auth.openid
AttributeError: 'NoneType' object has no attribute 'openid'
[2022-11-01 12:51:41,500] [log.py:241] [log:log_response] [ERROR]- Internal Server Error: /asn/list/
Traceback (most recent call last):
  File "C:\Users\heqix\anaconda3\envs\GreateWMS\lib\site-packages\django\core\handlers\exception.py", line 55, in inner
    response = get_response(request)
  File "C:\Users\heqix\anaconda3\envs\GreateWMS\lib\site-packages\django\core\handlers\base.py", line 197, in _get_response
    response = wrapped_callback(request, *callback_args, **callback_kwargs)
  File "C:\Users\heqix\anaconda3\envs\GreateWMS\lib\site-packages\django\views\decorators\csrf.py", line 54, in wrapped_view
    return view_func(*args, **kwargs)
  File "C:\Users\heqix\anaconda3\envs\GreateWMS\lib\site-packages\rest_framework\viewsets.py", line 125, in view
    return self.dispatch(request, *args, **kwargs)
  File "C:\Users\heqix\anaconda3\envs\GreateWMS\lib\site-packages\rest_framework\views.py", line 509, in dispatch
    response = self.handle_exception(exc)
  File "C:\Users\heqix\anaconda3\envs\GreateWMS\lib\site-packages\rest_framework\views.py", line 469, in handle_exception
    self.raise_uncaught_exception(exc)
  File "C:\Users\heqix\anaconda3\envs\GreateWMS\lib\site-packages\rest_framework\views.py", line 480, in raise_uncaught_exception
    raise exc
  File "C:\Users\heqix\anaconda3\envs\GreateWMS\lib\site-packages\rest_framework\views.py", line 497, in dispatch
    self.initial(request, *args, **kwargs)
  File "C:\Users\heqix\anaconda3\envs\GreateWMS\lib\site-packages\rest_framework\views.py", line 416, in initial
    self.check_throttles(request)
  File "C:\Users\heqix\anaconda3\envs\GreateWMS\lib\site-packages\rest_framework\views.py", line 359, in check_throttles
    if not throttle.allow_request(request, self):
  File "D:\src\smarterwms\supplier\utils\throttle.py", line 17, in allow_request
    openid = request.auth.openid
AttributeError: 'NoneType' object has no attribute 'openid'
[2022-11-01 12:59:52,047] [log.py:241] [log:log_response] [ERROR]- Internal Server Error: /asn/list/
Traceback (most recent call last):
  File "C:\Users\heqix\anaconda3\envs\GreateWMS\lib\site-packages\django\core\handlers\exception.py", line 55, in inner
    response = get_response(request)
  File "C:\Users\heqix\anaconda3\envs\GreateWMS\lib\site-packages\django\core\handlers\base.py", line 197, in _get_response
    response = wrapped_callback(request, *callback_args, **callback_kwargs)
  File "C:\Users\heqix\anaconda3\envs\GreateWMS\lib\site-packages\django\views\decorators\csrf.py", line 54, in wrapped_view
    return view_func(*args, **kwargs)
  File "C:\Users\heqix\anaconda3\envs\GreateWMS\lib\site-packages\rest_framework\viewsets.py", line 125, in view
    return self.dispatch(request, *args, **kwargs)
  File "C:\Users\heqix\anaconda3\envs\GreateWMS\lib\site-packages\rest_framework\views.py", line 509, in dispatch
    response = self.handle_exception(exc)
  File "C:\Users\heqix\anaconda3\envs\GreateWMS\lib\site-packages\rest_framework\views.py", line 469, in handle_exception
    self.raise_uncaught_exception(exc)
  File "C:\Users\heqix\anaconda3\envs\GreateWMS\lib\site-packages\rest_framework\views.py", line 480, in raise_uncaught_exception
    raise exc
  File "C:\Users\heqix\anaconda3\envs\GreateWMS\lib\site-packages\rest_framework\views.py", line 497, in dispatch
    self.initial(request, *args, **kwargs)
  File "C:\Users\heqix\anaconda3\envs\GreateWMS\lib\site-packages\rest_framework\views.py", line 416, in initial
    self.check_throttles(request)
  File "C:\Users\heqix\anaconda3\envs\GreateWMS\lib\site-packages\rest_framework\views.py", line 359, in check_throttles
    if not throttle.allow_request(request, self):
  File "D:\src\smarterwms\supplier\utils\throttle.py", line 17, in allow_request
    openid = request.auth.openid
AttributeError: 'NoneType' object has no attribute 'openid'
[2022-11-01 12:59:52,047] [log.py:241] [log:log_response] [ERROR]- Internal Server Error: /asn/list/
Traceback (most recent call last):
  File "C:\Users\heqix\anaconda3\envs\GreateWMS\lib\site-packages\django\core\handlers\exception.py", line 55, in inner
    response = get_response(request)
  File "C:\Users\heqix\anaconda3\envs\GreateWMS\lib\site-packages\django\core\handlers\base.py", line 197, in _get_response
    response = wrapped_callback(request, *callback_args, **callback_kwargs)
  File "C:\Users\heqix\anaconda3\envs\GreateWMS\lib\site-packages\django\views\decorators\csrf.py", line 54, in wrapped_view
    return view_func(*args, **kwargs)
  File "C:\Users\heqix\anaconda3\envs\GreateWMS\lib\site-packages\rest_framework\viewsets.py", line 125, in view
    return self.dispatch(request, *args, **kwargs)
  File "C:\Users\heqix\anaconda3\envs\GreateWMS\lib\site-packages\rest_framework\views.py", line 509, in dispatch
    response = self.handle_exception(exc)
  File "C:\Users\heqix\anaconda3\envs\GreateWMS\lib\site-packages\rest_framework\views.py", line 469, in handle_exception
    self.raise_uncaught_exception(exc)
  File "C:\Users\heqix\anaconda3\envs\GreateWMS\lib\site-packages\rest_framework\views.py", line 480, in raise_uncaught_exception
    raise exc
  File "C:\Users\heqix\anaconda3\envs\GreateWMS\lib\site-packages\rest_framework\views.py", line 497, in dispatch
    self.initial(request, *args, **kwargs)
  File "C:\Users\heqix\anaconda3\envs\GreateWMS\lib\site-packages\rest_framework\views.py", line 416, in initial
    self.check_throttles(request)
  File "C:\Users\heqix\anaconda3\envs\GreateWMS\lib\site-packages\rest_framework\views.py", line 359, in check_throttles
    if not throttle.allow_request(request, self):
  File "D:\src\smarterwms\supplier\utils\throttle.py", line 17, in allow_request
    openid = request.auth.openid
AttributeError: 'NoneType' object has no attribute 'openid'
[2022-11-01 13:09:09,513] [log.py:241] [log:log_response] [ERROR]- Internal Server Error: /asn/list/
Traceback (most recent call last):
  File "C:\Users\heqix\anaconda3\envs\GreateWMS\lib\site-packages\django\core\handlers\exception.py", line 55, in inner
    response = get_response(request)
  File "C:\Users\heqix\anaconda3\envs\GreateWMS\lib\site-packages\django\core\handlers\base.py", line 197, in _get_response
    response = wrapped_callback(request, *callback_args, **callback_kwargs)
  File "C:\Users\heqix\anaconda3\envs\GreateWMS\lib\site-packages\django\views\decorators\csrf.py", line 54, in wrapped_view
    return view_func(*args, **kwargs)
  File "C:\Users\heqix\anaconda3\envs\GreateWMS\lib\site-packages\rest_framework\viewsets.py", line 125, in view
    return self.dispatch(request, *args, **kwargs)
  File "C:\Users\heqix\anaconda3\envs\GreateWMS\lib\site-packages\rest_framework\views.py", line 509, in dispatch
    response = self.handle_exception(exc)
  File "C:\Users\heqix\anaconda3\envs\GreateWMS\lib\site-packages\rest_framework\views.py", line 469, in handle_exception
    self.raise_uncaught_exception(exc)
  File "C:\Users\heqix\anaconda3\envs\GreateWMS\lib\site-packages\rest_framework\views.py", line 480, in raise_uncaught_exception
    raise exc
  File "C:\Users\heqix\anaconda3\envs\GreateWMS\lib\site-packages\rest_framework\views.py", line 497, in dispatch
    self.initial(request, *args, **kwargs)
  File "C:\Users\heqix\anaconda3\envs\GreateWMS\lib\site-packages\rest_framework\views.py", line 416, in initial
    self.check_throttles(request)
  File "C:\Users\heqix\anaconda3\envs\GreateWMS\lib\site-packages\rest_framework\views.py", line 359, in check_throttles
    if not throttle.allow_request(request, self):
  File "D:\src\smarterwms\supplier\utils\throttle.py", line 17, in allow_request
    openid = request.auth.openid
AttributeError: 'NoneType' object has no attribute 'openid'
[2022-11-01 13:09:09,513] [log.py:241] [log:log_response] [ERROR]- Internal Server Error: /asn/list/
Traceback (most recent call last):
  File "C:\Users\heqix\anaconda3\envs\GreateWMS\lib\site-packages\django\core\handlers\exception.py", line 55, in inner
    response = get_response(request)
  File "C:\Users\heqix\anaconda3\envs\GreateWMS\lib\site-packages\django\core\handlers\base.py", line 197, in _get_response
    response = wrapped_callback(request, *callback_args, **callback_kwargs)
  File "C:\Users\heqix\anaconda3\envs\GreateWMS\lib\site-packages\django\views\decorators\csrf.py", line 54, in wrapped_view
    return view_func(*args, **kwargs)
  File "C:\Users\heqix\anaconda3\envs\GreateWMS\lib\site-packages\rest_framework\viewsets.py", line 125, in view
    return self.dispatch(request, *args, **kwargs)
  File "C:\Users\heqix\anaconda3\envs\GreateWMS\lib\site-packages\rest_framework\views.py", line 509, in dispatch
    response = self.handle_exception(exc)
  File "C:\Users\heqix\anaconda3\envs\GreateWMS\lib\site-packages\rest_framework\views.py", line 469, in handle_exception
    self.raise_uncaught_exception(exc)
  File "C:\Users\heqix\anaconda3\envs\GreateWMS\lib\site-packages\rest_framework\views.py", line 480, in raise_uncaught_exception
    raise exc
  File "C:\Users\heqix\anaconda3\envs\GreateWMS\lib\site-packages\rest_framework\views.py", line 497, in dispatch
    self.initial(request, *args, **kwargs)
  File "C:\Users\heqix\anaconda3\envs\GreateWMS\lib\site-packages\rest_framework\views.py", line 416, in initial
    self.check_throttles(request)
  File "C:\Users\heqix\anaconda3\envs\GreateWMS\lib\site-packages\rest_framework\views.py", line 359, in check_throttles
    if not throttle.allow_request(request, self):
  File "D:\src\smarterwms\supplier\utils\throttle.py", line 17, in allow_request
    openid = request.auth.openid
AttributeError: 'NoneType' object has no attribute 'openid'
[2022-11-01 13:09:29,391] [log.py:241] [log:log_response] [ERROR]- Internal Server Error: /asn/list/
Traceback (most recent call last):
  File "C:\Users\heqix\anaconda3\envs\GreateWMS\lib\site-packages\django\core\handlers\exception.py", line 55, in inner
    response = get_response(request)
  File "C:\Users\heqix\anaconda3\envs\GreateWMS\lib\site-packages\django\core\handlers\base.py", line 197, in _get_response
    response = wrapped_callback(request, *callback_args, **callback_kwargs)
  File "C:\Users\heqix\anaconda3\envs\GreateWMS\lib\site-packages\django\views\decorators\csrf.py", line 54, in wrapped_view
    return view_func(*args, **kwargs)
  File "C:\Users\heqix\anaconda3\envs\GreateWMS\lib\site-packages\rest_framework\viewsets.py", line 125, in view
    return self.dispatch(request, *args, **kwargs)
  File "C:\Users\heqix\anaconda3\envs\GreateWMS\lib\site-packages\rest_framework\views.py", line 509, in dispatch
    response = self.handle_exception(exc)
  File "C:\Users\heqix\anaconda3\envs\GreateWMS\lib\site-packages\rest_framework\views.py", line 469, in handle_exception
    self.raise_uncaught_exception(exc)
  File "C:\Users\heqix\anaconda3\envs\GreateWMS\lib\site-packages\rest_framework\views.py", line 480, in raise_uncaught_exception
    raise exc
  File "C:\Users\heqix\anaconda3\envs\GreateWMS\lib\site-packages\rest_framework\views.py", line 506, in dispatch
    response = handler(request, *args, **kwargs)
  File "D:\src\smarterwms\supplier\base\profiler.py", line 40, in _inner
    ret = func(*args, **kwargs)
  File "D:\src\smarterwms\supplier\asn\views.py", line 76, in list
    queryset = self.get_queryset()
  File "D:\src\smarterwms\supplier\asn\views.py", line 66, in get_queryset
    queryset = AsnListModel.objects.filter(openid=self.request.auth.openid, is_delete=False)
AttributeError: 'NoneType' object has no attribute 'openid'
[2022-11-01 13:09:29,391] [log.py:241] [log:log_response] [ERROR]- Internal Server Error: /asn/list/
Traceback (most recent call last):
  File "C:\Users\heqix\anaconda3\envs\GreateWMS\lib\site-packages\django\core\handlers\exception.py", line 55, in inner
    response = get_response(request)
  File "C:\Users\heqix\anaconda3\envs\GreateWMS\lib\site-packages\django\core\handlers\base.py", line 197, in _get_response
    response = wrapped_callback(request, *callback_args, **callback_kwargs)
  File "C:\Users\heqix\anaconda3\envs\GreateWMS\lib\site-packages\django\views\decorators\csrf.py", line 54, in wrapped_view
    return view_func(*args, **kwargs)
  File "C:\Users\heqix\anaconda3\envs\GreateWMS\lib\site-packages\rest_framework\viewsets.py", line 125, in view
    return self.dispatch(request, *args, **kwargs)
  File "C:\Users\heqix\anaconda3\envs\GreateWMS\lib\site-packages\rest_framework\views.py", line 509, in dispatch
    response = self.handle_exception(exc)
  File "C:\Users\heqix\anaconda3\envs\GreateWMS\lib\site-packages\rest_framework\views.py", line 469, in handle_exception
    self.raise_uncaught_exception(exc)
  File "C:\Users\heqix\anaconda3\envs\GreateWMS\lib\site-packages\rest_framework\views.py", line 480, in raise_uncaught_exception
    raise exc
  File "C:\Users\heqix\anaconda3\envs\GreateWMS\lib\site-packages\rest_framework\views.py", line 506, in dispatch
    response = handler(request, *args, **kwargs)
  File "D:\src\smarterwms\supplier\base\profiler.py", line 40, in _inner
    ret = func(*args, **kwargs)
  File "D:\src\smarterwms\supplier\asn\views.py", line 76, in list
    queryset = self.get_queryset()
  File "D:\src\smarterwms\supplier\asn\views.py", line 66, in get_queryset
    queryset = AsnListModel.objects.filter(openid=self.request.auth.openid, is_delete=False)
AttributeError: 'NoneType' object has no attribute 'openid'
[2022-11-01 16:15:40,774] [log.py:241] [log:log_response] [WARNING]- Not Found: /asnlist/1/
[2022-11-01 16:15:40,774] [log.py:241] [log:log_response] [WARNING]- Not Found: /asnlist/1/
[2022-11-01 16:16:32,912] [log.py:241] [log:log_response] [WARNING]- Not Found: /asnlist/1/
[2022-11-01 16:16:32,912] [log.py:241] [log:log_response] [WARNING]- Not Found: /asnlist/1/
[2022-11-01 16:22:44,499] [models.py:96] [models:check_stock] [INFO]- check stock asn_status 1, stock status -1, sorted False 
[2022-11-01 16:22:44,505] [log.py:241] [log:log_response] [ERROR]- Internal Server Error: /asn/list/49/
Traceback (most recent call last):
  File "C:\Users\heqix\anaconda3\envs\GreateWMS\lib\site-packages\django\core\handlers\exception.py", line 55, in inner
    response = get_response(request)
  File "C:\Users\heqix\anaconda3\envs\GreateWMS\lib\site-packages\django\core\handlers\base.py", line 197, in _get_response
    response = wrapped_callback(request, *callback_args, **callback_kwargs)
  File "C:\Users\heqix\anaconda3\envs\GreateWMS\lib\site-packages\django\views\decorators\csrf.py", line 54, in wrapped_view
    return view_func(*args, **kwargs)
  File "C:\Users\heqix\anaconda3\envs\GreateWMS\lib\site-packages\rest_framework\viewsets.py", line 125, in view
    return self.dispatch(request, *args, **kwargs)
  File "C:\Users\heqix\anaconda3\envs\GreateWMS\lib\site-packages\rest_framework\views.py", line 509, in dispatch
    response = self.handle_exception(exc)
  File "C:\Users\heqix\anaconda3\envs\GreateWMS\lib\site-packages\rest_framework\views.py", line 469, in handle_exception
    self.raise_uncaught_exception(exc)
  File "C:\Users\heqix\anaconda3\envs\GreateWMS\lib\site-packages\rest_framework\views.py", line 480, in raise_uncaught_exception
    raise exc
  File "C:\Users\heqix\anaconda3\envs\GreateWMS\lib\site-packages\rest_framework\views.py", line 506, in dispatch
    response = handler(request, *args, **kwargs)
  File "D:\src\smarterwms\supplier\asn\views.py", line 159, in update
    self._update(qs, self.request.data)
  File "D:\src\smarterwms\supplier\asn\views.py", line 227, in _update
    instance = serializer.save()
  File "C:\Users\heqix\anaconda3\envs\GreateWMS\lib\site-packages\rest_framework\serializers.py", line 201, in save
    self.instance = self.update(self.instance, validated_data)
  File "C:\Users\heqix\anaconda3\envs\GreateWMS\lib\site-packages\rest_framework\serializers.py", line 984, in update
    instance.save()
  File "D:\src\smarterwms\supplier\base\models.py", line 30, in save
    self.afterSave(*args, **kwargs)
  File "D:\src\smarterwms\supplier\asn\models.py", line 49, in afterSave
    asn_details_model.check_stock()
  File "D:\src\smarterwms\supplier\asn\models.py", line 98, in check_stock
    stock = StockListModel.objects.create(
NameError: name 'StockListModel' is not defined
[2022-11-01 16:22:44,505] [log.py:241] [log:log_response] [ERROR]- Internal Server Error: /asn/list/49/
Traceback (most recent call last):
  File "C:\Users\heqix\anaconda3\envs\GreateWMS\lib\site-packages\django\core\handlers\exception.py", line 55, in inner
    response = get_response(request)
  File "C:\Users\heqix\anaconda3\envs\GreateWMS\lib\site-packages\django\core\handlers\base.py", line 197, in _get_response
    response = wrapped_callback(request, *callback_args, **callback_kwargs)
  File "C:\Users\heqix\anaconda3\envs\GreateWMS\lib\site-packages\django\views\decorators\csrf.py", line 54, in wrapped_view
    return view_func(*args, **kwargs)
  File "C:\Users\heqix\anaconda3\envs\GreateWMS\lib\site-packages\rest_framework\viewsets.py", line 125, in view
    return self.dispatch(request, *args, **kwargs)
  File "C:\Users\heqix\anaconda3\envs\GreateWMS\lib\site-packages\rest_framework\views.py", line 509, in dispatch
    response = self.handle_exception(exc)
  File "C:\Users\heqix\anaconda3\envs\GreateWMS\lib\site-packages\rest_framework\views.py", line 469, in handle_exception
    self.raise_uncaught_exception(exc)
  File "C:\Users\heqix\anaconda3\envs\GreateWMS\lib\site-packages\rest_framework\views.py", line 480, in raise_uncaught_exception
    raise exc
  File "C:\Users\heqix\anaconda3\envs\GreateWMS\lib\site-packages\rest_framework\views.py", line 506, in dispatch
    response = handler(request, *args, **kwargs)
  File "D:\src\smarterwms\supplier\asn\views.py", line 159, in update
    self._update(qs, self.request.data)
  File "D:\src\smarterwms\supplier\asn\views.py", line 227, in _update
    instance = serializer.save()
  File "C:\Users\heqix\anaconda3\envs\GreateWMS\lib\site-packages\rest_framework\serializers.py", line 201, in save
    self.instance = self.update(self.instance, validated_data)
  File "C:\Users\heqix\anaconda3\envs\GreateWMS\lib\site-packages\rest_framework\serializers.py", line 984, in update
    instance.save()
  File "D:\src\smarterwms\supplier\base\models.py", line 30, in save
    self.afterSave(*args, **kwargs)
  File "D:\src\smarterwms\supplier\asn\models.py", line 49, in afterSave
    asn_details_model.check_stock()
  File "D:\src\smarterwms\supplier\asn\models.py", line 98, in check_stock
    stock = StockListModel.objects.create(
NameError: name 'StockListModel' is not defined
[2022-11-01 16:59:06,000] [models.py:95] [models:check_stock] [INFO]- check stock asn_status 1, stock status -1, sorted False 
[2022-11-01 16:59:08,769] [log.py:241] [log:log_response] [ERROR]- Internal Server Error: /asn/list/51/
Traceback (most recent call last):
  File "C:\Users\heqix\anaconda3\envs\GreateWMS\lib\site-packages\django\core\handlers\exception.py", line 55, in inner
    response = get_response(request)
  File "C:\Users\heqix\anaconda3\envs\GreateWMS\lib\site-packages\django\core\handlers\base.py", line 197, in _get_response
    response = wrapped_callback(request, *callback_args, **callback_kwargs)
  File "C:\Users\heqix\anaconda3\envs\GreateWMS\lib\site-packages\django\views\decorators\csrf.py", line 54, in wrapped_view
    return view_func(*args, **kwargs)
  File "C:\Users\heqix\anaconda3\envs\GreateWMS\lib\site-packages\rest_framework\viewsets.py", line 125, in view
    return self.dispatch(request, *args, **kwargs)
  File "C:\Users\heqix\anaconda3\envs\GreateWMS\lib\site-packages\rest_framework\views.py", line 509, in dispatch
    response = self.handle_exception(exc)
  File "C:\Users\heqix\anaconda3\envs\GreateWMS\lib\site-packages\rest_framework\views.py", line 469, in handle_exception
    self.raise_uncaught_exception(exc)
  File "C:\Users\heqix\anaconda3\envs\GreateWMS\lib\site-packages\rest_framework\views.py", line 480, in raise_uncaught_exception
    raise exc
  File "C:\Users\heqix\anaconda3\envs\GreateWMS\lib\site-packages\rest_framework\views.py", line 506, in dispatch
    response = handler(request, *args, **kwargs)
  File "D:\src\smarterwms\supplier\asn\views.py", line 159, in update
    self._update(qs, self.request.data)
  File "D:\src\smarterwms\supplier\asn\views.py", line 227, in _update
    instance = serializer.save()
  File "C:\Users\heqix\anaconda3\envs\GreateWMS\lib\site-packages\rest_framework\serializers.py", line 201, in save
    self.instance = self.update(self.instance, validated_data)
  File "C:\Users\heqix\anaconda3\envs\GreateWMS\lib\site-packages\rest_framework\serializers.py", line 984, in update
    instance.save()
  File "D:\src\smarterwms\supplier\base\models.py", line 30, in save
    self.afterSave(*args, **kwargs)
  File "D:\src\smarterwms\supplier\asn\models.py", line 51, in afterSave
    asn_details_model.save()
  File "D:\src\smarterwms\supplier\base\models.py", line 29, in save
    super(BaseModel, self).save(*args, **kwargs)
  File "C:\Users\heqix\anaconda3\envs\GreateWMS\lib\site-packages\django\db\models\base.py", line 831, in save
    self.save_base(
  File "C:\Users\heqix\anaconda3\envs\GreateWMS\lib\site-packages\django\db\models\base.py", line 882, in save_base
    updated = self._save_table(
  File "C:\Users\heqix\anaconda3\envs\GreateWMS\lib\site-packages\django\db\models\base.py", line 995, in _save_table
    updated = self._do_update(
  File "C:\Users\heqix\anaconda3\envs\GreateWMS\lib\site-packages\django\db\models\base.py", line 1059, in _do_update
    return filtered._update(values) > 0
  File "C:\Users\heqix\anaconda3\envs\GreateWMS\lib\site-packages\django\db\models\query.py", line 1215, in _update
    return query.get_compiler(self.db).execute_sql(CURSOR)
  File "C:\Users\heqix\anaconda3\envs\GreateWMS\lib\site-packages\django\db\models\sql\compiler.py", line 1819, in execute_sql
    cursor = super().execute_sql(result_type)
  File "C:\Users\heqix\anaconda3\envs\GreateWMS\lib\site-packages\silk\sql.py", line 66, in execute_sql
    q, params = self.as_sql()
  File "C:\Users\heqix\anaconda3\envs\GreateWMS\lib\site-packages\django\db\models\sql\compiler.py", line 1779, in as_sql
    raise TypeError(
TypeError: Tried to update field asn.AsnDetailModel.stock with a model instance, <StockRecord: StockRecord object (2)>. Use a value compatible with PositiveIntegerField.
[2022-11-01 16:59:08,769] [log.py:241] [log:log_response] [ERROR]- Internal Server Error: /asn/list/51/
Traceback (most recent call last):
  File "C:\Users\heqix\anaconda3\envs\GreateWMS\lib\site-packages\django\core\handlers\exception.py", line 55, in inner
    response = get_response(request)
  File "C:\Users\heqix\anaconda3\envs\GreateWMS\lib\site-packages\django\core\handlers\base.py", line 197, in _get_response
    response = wrapped_callback(request, *callback_args, **callback_kwargs)
  File "C:\Users\heqix\anaconda3\envs\GreateWMS\lib\site-packages\django\views\decorators\csrf.py", line 54, in wrapped_view
    return view_func(*args, **kwargs)
  File "C:\Users\heqix\anaconda3\envs\GreateWMS\lib\site-packages\rest_framework\viewsets.py", line 125, in view
    return self.dispatch(request, *args, **kwargs)
  File "C:\Users\heqix\anaconda3\envs\GreateWMS\lib\site-packages\rest_framework\views.py", line 509, in dispatch
    response = self.handle_exception(exc)
  File "C:\Users\heqix\anaconda3\envs\GreateWMS\lib\site-packages\rest_framework\views.py", line 469, in handle_exception
    self.raise_uncaught_exception(exc)
  File "C:\Users\heqix\anaconda3\envs\GreateWMS\lib\site-packages\rest_framework\views.py", line 480, in raise_uncaught_exception
    raise exc
  File "C:\Users\heqix\anaconda3\envs\GreateWMS\lib\site-packages\rest_framework\views.py", line 506, in dispatch
    response = handler(request, *args, **kwargs)
  File "D:\src\smarterwms\supplier\asn\views.py", line 159, in update
    self._update(qs, self.request.data)
  File "D:\src\smarterwms\supplier\asn\views.py", line 227, in _update
    instance = serializer.save()
  File "C:\Users\heqix\anaconda3\envs\GreateWMS\lib\site-packages\rest_framework\serializers.py", line 201, in save
    self.instance = self.update(self.instance, validated_data)
  File "C:\Users\heqix\anaconda3\envs\GreateWMS\lib\site-packages\rest_framework\serializers.py", line 984, in update
    instance.save()
  File "D:\src\smarterwms\supplier\base\models.py", line 30, in save
    self.afterSave(*args, **kwargs)
  File "D:\src\smarterwms\supplier\asn\models.py", line 51, in afterSave
    asn_details_model.save()
  File "D:\src\smarterwms\supplier\base\models.py", line 29, in save
    super(BaseModel, self).save(*args, **kwargs)
  File "C:\Users\heqix\anaconda3\envs\GreateWMS\lib\site-packages\django\db\models\base.py", line 831, in save
    self.save_base(
  File "C:\Users\heqix\anaconda3\envs\GreateWMS\lib\site-packages\django\db\models\base.py", line 882, in save_base
    updated = self._save_table(
  File "C:\Users\heqix\anaconda3\envs\GreateWMS\lib\site-packages\django\db\models\base.py", line 995, in _save_table
    updated = self._do_update(
  File "C:\Users\heqix\anaconda3\envs\GreateWMS\lib\site-packages\django\db\models\base.py", line 1059, in _do_update
    return filtered._update(values) > 0
  File "C:\Users\heqix\anaconda3\envs\GreateWMS\lib\site-packages\django\db\models\query.py", line 1215, in _update
    return query.get_compiler(self.db).execute_sql(CURSOR)
  File "C:\Users\heqix\anaconda3\envs\GreateWMS\lib\site-packages\django\db\models\sql\compiler.py", line 1819, in execute_sql
    cursor = super().execute_sql(result_type)
  File "C:\Users\heqix\anaconda3\envs\GreateWMS\lib\site-packages\silk\sql.py", line 66, in execute_sql
    q, params = self.as_sql()
  File "C:\Users\heqix\anaconda3\envs\GreateWMS\lib\site-packages\django\db\models\sql\compiler.py", line 1779, in as_sql
    raise TypeError(
TypeError: Tried to update field asn.AsnDetailModel.stock with a model instance, <StockRecord: StockRecord object (2)>. Use a value compatible with PositiveIntegerField.
[2022-11-01 17:03:54,947] [models.py:98] [models:check_stock] [INFO]- check stock asn_status 1, stock status -1, sorted False 
[2022-11-01 17:03:57,854] [models.py:98] [models:check_stock] [INFO]- check stock asn_status 1, stock status -1, sorted False 
[2022-11-01 17:03:57,906] [models.py:98] [models:check_stock] [INFO]- check stock asn_status 1, stock status -1, sorted False 
[2022-11-01 17:03:57,962] [models.py:98] [models:check_stock] [INFO]- check stock asn_status 1, stock status -1, sorted False 
[2022-11-01 17:03:58,022] [models.py:98] [models:check_stock] [INFO]- check stock asn_status 1, stock status -1, sorted False 
[2022-11-01 17:03:58,079] [models.py:98] [models:check_stock] [INFO]- check stock asn_status 1, stock status -1, sorted False 
[2022-11-01 17:03:58,133] [models.py:98] [models:check_stock] [INFO]- check stock asn_status 1, stock status -1, sorted False 
[2022-11-01 17:03:58,187] [models.py:98] [models:check_stock] [INFO]- check stock asn_status 1, stock status -1, sorted False 
[2022-11-01 17:03:58,245] [models.py:98] [models:check_stock] [INFO]- check stock asn_status 1, stock status -1, sorted False 
[2022-11-01 17:03:58,298] [models.py:98] [models:check_stock] [INFO]- check stock asn_status 1, stock status -1, sorted False 
[2022-11-01 17:14:59,827] [models.py:98] [models:check_stock] [INFO]- check stock asn_status 1, stock status -1, sorted False 
[2022-11-01 17:15:02,745] [models.py:98] [models:check_stock] [INFO]- check stock asn_status 1, stock status -1, sorted False 
[2022-11-01 17:15:02,799] [models.py:98] [models:check_stock] [INFO]- check stock asn_status 1, stock status -1, sorted False 
[2022-11-01 17:15:02,853] [models.py:98] [models:check_stock] [INFO]- check stock asn_status 1, stock status -1, sorted False 
[2022-11-01 17:15:02,907] [models.py:98] [models:check_stock] [INFO]- check stock asn_status 1, stock status -1, sorted False 
[2022-11-01 17:15:02,962] [models.py:98] [models:check_stock] [INFO]- check stock asn_status 1, stock status -1, sorted False 
[2022-11-01 17:15:03,021] [models.py:98] [models:check_stock] [INFO]- check stock asn_status 1, stock status -1, sorted False 
[2022-11-01 17:15:03,075] [models.py:98] [models:check_stock] [INFO]- check stock asn_status 1, stock status -1, sorted False 
[2022-11-01 17:15:03,130] [models.py:98] [models:check_stock] [INFO]- check stock asn_status 1, stock status -1, sorted False 
[2022-11-01 17:15:03,186] [models.py:98] [models:check_stock] [INFO]- check stock asn_status 1, stock status -1, sorted False 
[2022-11-01 18:03:47,705] [models.py:98] [models:check_stock] [INFO]- check stock asn_status 1, stock status -1, sorted False 
[2022-11-01 18:03:50,574] [models.py:98] [models:check_stock] [INFO]- check stock asn_status 1, stock status -1, sorted False 
[2022-11-01 18:03:50,636] [models.py:98] [models:check_stock] [INFO]- check stock asn_status 1, stock status -1, sorted False 
[2022-11-01 18:03:50,698] [models.py:98] [models:check_stock] [INFO]- check stock asn_status 1, stock status -1, sorted False 
[2022-11-01 18:03:50,757] [models.py:98] [models:check_stock] [INFO]- check stock asn_status 1, stock status -1, sorted False 
[2022-11-01 18:03:50,814] [models.py:98] [models:check_stock] [INFO]- check stock asn_status 1, stock status -1, sorted False 
[2022-11-01 18:03:50,869] [models.py:98] [models:check_stock] [INFO]- check stock asn_status 1, stock status -1, sorted False 
[2022-11-01 18:03:50,924] [models.py:98] [models:check_stock] [INFO]- check stock asn_status 1, stock status -1, sorted False 
[2022-11-01 18:03:51,087] [models.py:98] [models:check_stock] [INFO]- check stock asn_status 1, stock status -1, sorted False 
[2022-11-01 18:03:51,143] [models.py:98] [models:check_stock] [INFO]- check stock asn_status 1, stock status -1, sorted False 
[2022-11-01 18:04:07,622] [models.py:98] [models:check_stock] [INFO]- check stock asn_status 1, stock status -1, sorted False 
[2022-11-01 18:04:10,522] [models.py:98] [models:check_stock] [INFO]- check stock asn_status 1, stock status -1, sorted False 
[2022-11-01 18:04:10,577] [models.py:98] [models:check_stock] [INFO]- check stock asn_status 1, stock status -1, sorted False 
[2022-11-01 18:04:10,632] [models.py:98] [models:check_stock] [INFO]- check stock asn_status 1, stock status -1, sorted False 
[2022-11-01 18:04:10,790] [models.py:98] [models:check_stock] [INFO]- check stock asn_status 1, stock status -1, sorted False 
[2022-11-01 18:04:10,846] [models.py:98] [models:check_stock] [INFO]- check stock asn_status 1, stock status -1, sorted False 
[2022-11-01 18:04:11,008] [models.py:98] [models:check_stock] [INFO]- check stock asn_status 1, stock status -1, sorted False 
[2022-11-01 18:04:11,064] [models.py:98] [models:check_stock] [INFO]- check stock asn_status 1, stock status -1, sorted False 
[2022-11-01 18:04:11,123] [models.py:98] [models:check_stock] [INFO]- check stock asn_status 1, stock status -1, sorted False 
[2022-11-01 18:04:11,184] [models.py:98] [models:check_stock] [INFO]- check stock asn_status 1, stock status -1, sorted False 
[2022-11-01 18:23:54,392] [models.py:98] [models:check_stock] [INFO]- check stock asn_status 1, stock status -1, sorted False 
[2022-11-01 18:23:57,287] [models.py:98] [models:check_stock] [INFO]- check stock asn_status 1, stock status -1, sorted False 
[2022-11-01 18:23:57,342] [models.py:98] [models:check_stock] [INFO]- check stock asn_status 1, stock status -1, sorted False 
[2022-11-01 18:23:57,396] [models.py:98] [models:check_stock] [INFO]- check stock asn_status 1, stock status -1, sorted False 
[2022-11-01 18:23:57,454] [models.py:98] [models:check_stock] [INFO]- check stock asn_status 1, stock status -1, sorted False 
[2022-11-01 18:23:57,509] [models.py:98] [models:check_stock] [INFO]- check stock asn_status 1, stock status -1, sorted False 
[2022-11-01 18:23:57,673] [models.py:98] [models:check_stock] [INFO]- check stock asn_status 1, stock status -1, sorted False 
[2022-11-01 18:23:57,729] [models.py:98] [models:check_stock] [INFO]- check stock asn_status 1, stock status -1, sorted False 
[2022-11-01 18:23:57,784] [models.py:98] [models:check_stock] [INFO]- check stock asn_status 1, stock status -1, sorted False 
[2022-11-01 18:23:57,840] [models.py:98] [models:check_stock] [INFO]- check stock asn_status 1, stock status -1, sorted False 
[2022-11-01 18:28:35,854] [models.py:98] [models:check_stock] [INFO]- check stock asn_status 2, stock status -1, sorted False 
[2022-11-01 18:28:38,779] [models.py:98] [models:check_stock] [INFO]- check stock asn_status 2, stock status -1, sorted False 
[2022-11-01 18:28:38,834] [models.py:98] [models:check_stock] [INFO]- check stock asn_status 2, stock status -1, sorted False 
[2022-11-01 18:28:38,911] [models.py:98] [models:check_stock] [INFO]- check stock asn_status 2, stock status -1, sorted False 
[2022-11-01 18:28:38,970] [models.py:98] [models:check_stock] [INFO]- check stock asn_status 2, stock status -1, sorted False 
[2022-11-01 18:28:39,151] [models.py:98] [models:check_stock] [INFO]- check stock asn_status 2, stock status -1, sorted False 
[2022-11-01 18:28:39,224] [models.py:98] [models:check_stock] [INFO]- check stock asn_status 2, stock status -1, sorted False 
[2022-11-01 18:28:39,278] [models.py:98] [models:check_stock] [INFO]- check stock asn_status 2, stock status -1, sorted False 
[2022-11-01 18:28:39,333] [models.py:98] [models:check_stock] [INFO]- check stock asn_status 2, stock status -1, sorted False 
[2022-11-01 18:28:39,394] [models.py:98] [models:check_stock] [INFO]- check stock asn_status 2, stock status -1, sorted False 
[2022-11-01 23:08:56,535] [models.py:98] [models:check_stock] [INFO]- check stock asn_status 2, stock status -1, sorted False 
[2022-11-01 23:08:59,183] [models.py:98] [models:check_stock] [INFO]- check stock asn_status 2, stock status -1, sorted False 
[2022-11-01 23:08:59,237] [models.py:98] [models:check_stock] [INFO]- check stock asn_status 2, stock status -1, sorted False 
[2022-11-01 23:08:59,290] [models.py:98] [models:check_stock] [INFO]- check stock asn_status 2, stock status -1, sorted False 
[2022-11-01 23:08:59,343] [models.py:98] [models:check_stock] [INFO]- check stock asn_status 2, stock status -1, sorted False 
[2022-11-01 23:08:59,395] [models.py:98] [models:check_stock] [INFO]- check stock asn_status 2, stock status -1, sorted False 
[2022-11-01 23:08:59,449] [models.py:98] [models:check_stock] [INFO]- check stock asn_status 2, stock status -1, sorted False 
[2022-11-01 23:08:59,502] [models.py:98] [models:check_stock] [INFO]- check stock asn_status 2, stock status -1, sorted False 
[2022-11-01 23:08:59,555] [models.py:98] [models:check_stock] [INFO]- check stock asn_status 2, stock status -1, sorted False 
[2022-11-01 23:08:59,608] [models.py:98] [models:check_stock] [INFO]- check stock asn_status 2, stock status -1, sorted False 
[2022-11-01 23:20:59,077] [models.py:98] [models:check_stock] [INFO]- check stock asn_status 2, stock status -1, sorted False 
[2022-11-01 23:21:01,882] [models.py:98] [models:check_stock] [INFO]- check stock asn_status 2, stock status -1, sorted False 
[2022-11-01 23:21:01,968] [models.py:98] [models:check_stock] [INFO]- check stock asn_status 2, stock status -1, sorted False 
[2022-11-01 23:21:02,034] [models.py:98] [models:check_stock] [INFO]- check stock asn_status 2, stock status -1, sorted False 
[2022-11-01 23:21:02,094] [models.py:98] [models:check_stock] [INFO]- check stock asn_status 2, stock status -1, sorted False 
[2022-11-01 23:21:02,149] [models.py:98] [models:check_stock] [INFO]- check stock asn_status 2, stock status -1, sorted False 
[2022-11-01 23:21:02,202] [models.py:98] [models:check_stock] [INFO]- check stock asn_status 2, stock status -1, sorted False 
[2022-11-01 23:21:02,258] [models.py:98] [models:check_stock] [INFO]- check stock asn_status 2, stock status -1, sorted False 
[2022-11-01 23:21:02,312] [models.py:98] [models:check_stock] [INFO]- check stock asn_status 2, stock status -1, sorted False 
[2022-11-01 23:21:02,366] [models.py:98] [models:check_stock] [INFO]- check stock asn_status 2, stock status -1, sorted False 
[2022-11-01 23:23:23,127] [models.py:98] [models:check_stock] [INFO]- check stock asn_status 2, stock status -1, sorted False 
[2022-11-01 23:23:25,902] [models.py:98] [models:check_stock] [INFO]- check stock asn_status 2, stock status -1, sorted False 
[2022-11-01 23:23:25,956] [models.py:98] [models:check_stock] [INFO]- check stock asn_status 2, stock status -1, sorted False 
[2022-11-01 23:23:26,012] [models.py:98] [models:check_stock] [INFO]- check stock asn_status 2, stock status -1, sorted False 
[2022-11-01 23:23:26,170] [models.py:98] [models:check_stock] [INFO]- check stock asn_status 2, stock status -1, sorted False 
[2022-11-01 23:23:26,223] [models.py:98] [models:check_stock] [INFO]- check stock asn_status 2, stock status -1, sorted False 
[2022-11-01 23:23:26,280] [models.py:98] [models:check_stock] [INFO]- check stock asn_status 2, stock status -1, sorted False 
[2022-11-01 23:23:26,336] [models.py:98] [models:check_stock] [INFO]- check stock asn_status 2, stock status -1, sorted False 
[2022-11-01 23:23:26,399] [models.py:98] [models:check_stock] [INFO]- check stock asn_status 2, stock status -1, sorted False 
[2022-11-01 23:23:26,454] [models.py:98] [models:check_stock] [INFO]- check stock asn_status 2, stock status -1, sorted False 
[2022-11-01 23:23:54,294] [models.py:98] [models:check_stock] [INFO]- check stock asn_status 2, stock status -1, sorted False 
[2022-11-01 23:23:57,170] [models.py:98] [models:check_stock] [INFO]- check stock asn_status 2, stock status -1, sorted False 
[2022-11-01 23:23:57,225] [models.py:98] [models:check_stock] [INFO]- check stock asn_status 2, stock status -1, sorted False 
[2022-11-01 23:23:57,279] [models.py:98] [models:check_stock] [INFO]- check stock asn_status 2, stock status -1, sorted False 
[2022-11-01 23:23:57,334] [models.py:98] [models:check_stock] [INFO]- check stock asn_status 2, stock status -1, sorted False 
[2022-11-01 23:23:57,388] [models.py:98] [models:check_stock] [INFO]- check stock asn_status 2, stock status -1, sorted False 
[2022-11-01 23:23:57,445] [models.py:98] [models:check_stock] [INFO]- check stock asn_status 2, stock status -1, sorted False 
[2022-11-01 23:23:57,500] [models.py:98] [models:check_stock] [INFO]- check stock asn_status 2, stock status -1, sorted False 
[2022-11-01 23:23:57,556] [models.py:98] [models:check_stock] [INFO]- check stock asn_status 2, stock status -1, sorted False 
[2022-11-01 23:23:57,615] [models.py:98] [models:check_stock] [INFO]- check stock asn_status 2, stock status -1, sorted False 
[2022-11-01 23:24:25,395] [models.py:98] [models:check_stock] [INFO]- check stock asn_status 2, stock status -1, sorted False 
[2022-11-01 23:24:28,267] [models.py:98] [models:check_stock] [INFO]- check stock asn_status 2, stock status -1, sorted False 
[2022-11-01 23:24:28,321] [models.py:98] [models:check_stock] [INFO]- check stock asn_status 2, stock status -1, sorted False 
[2022-11-01 23:24:28,374] [models.py:98] [models:check_stock] [INFO]- check stock asn_status 2, stock status -1, sorted False 
[2022-11-01 23:24:28,429] [models.py:98] [models:check_stock] [INFO]- check stock asn_status 2, stock status -1, sorted False 
[2022-11-01 23:24:28,483] [models.py:98] [models:check_stock] [INFO]- check stock asn_status 2, stock status -1, sorted False 
[2022-11-01 23:24:28,536] [models.py:98] [models:check_stock] [INFO]- check stock asn_status 2, stock status -1, sorted False 
[2022-11-01 23:24:28,594] [models.py:98] [models:check_stock] [INFO]- check stock asn_status 2, stock status -1, sorted False 
[2022-11-01 23:24:28,647] [models.py:98] [models:check_stock] [INFO]- check stock asn_status 2, stock status -1, sorted False 
[2022-11-01 23:24:28,702] [models.py:98] [models:check_stock] [INFO]- check stock asn_status 2, stock status -1, sorted False 
[2022-11-01 23:25:19,543] [models.py:98] [models:check_stock] [INFO]- check stock asn_status 2, stock status -1, sorted False 
[2022-11-01 23:25:22,481] [models.py:98] [models:check_stock] [INFO]- check stock asn_status 2, stock status -1, sorted False 
[2022-11-01 23:25:22,553] [models.py:98] [models:check_stock] [INFO]- check stock asn_status 2, stock status -1, sorted False 
[2022-11-01 23:25:22,610] [models.py:98] [models:check_stock] [INFO]- check stock asn_status 2, stock status -1, sorted False 
[2022-11-01 23:25:22,780] [models.py:98] [models:check_stock] [INFO]- check stock asn_status 2, stock status -1, sorted False 
[2022-11-01 23:25:22,847] [models.py:98] [models:check_stock] [INFO]- check stock asn_status 2, stock status -1, sorted False 
[2022-11-01 23:25:22,902] [models.py:98] [models:check_stock] [INFO]- check stock asn_status 2, stock status -1, sorted False 
[2022-11-01 23:25:22,954] [models.py:98] [models:check_stock] [INFO]- check stock asn_status 2, stock status -1, sorted False 
[2022-11-01 23:25:23,116] [models.py:98] [models:check_stock] [INFO]- check stock asn_status 2, stock status -1, sorted False 
[2022-11-01 23:25:23,169] [models.py:98] [models:check_stock] [INFO]- check stock asn_status 2, stock status -1, sorted False 
[2022-11-01 23:25:24,095] [models.py:98] [models:check_stock] [INFO]- check stock asn_status 3, stock status 1, sorted False 
[2022-11-01 23:25:24,207] [models.py:98] [models:check_stock] [INFO]- check stock asn_status 3, stock status 1, sorted False 
[2022-11-01 23:25:24,320] [models.py:98] [models:check_stock] [INFO]- check stock asn_status 3, stock status 1, sorted False 
[2022-11-01 23:25:24,429] [models.py:98] [models:check_stock] [INFO]- check stock asn_status 3, stock status 1, sorted False 
[2022-11-01 23:25:24,538] [models.py:98] [models:check_stock] [INFO]- check stock asn_status 3, stock status 1, sorted False 
[2022-11-01 23:25:24,649] [models.py:98] [models:check_stock] [INFO]- check stock asn_status 3, stock status 1, sorted False 
[2022-11-01 23:25:24,761] [models.py:98] [models:check_stock] [INFO]- check stock asn_status 3, stock status 1, sorted False 
[2022-11-01 23:25:24,987] [models.py:98] [models:check_stock] [INFO]- check stock asn_status 3, stock status 1, sorted False 
[2022-11-01 23:25:25,213] [models.py:98] [models:check_stock] [INFO]- check stock asn_status 3, stock status 1, sorted False 
[2022-11-01 23:25:25,325] [models.py:98] [models:check_stock] [INFO]- check stock asn_status 3, stock status 1, sorted False 
[2022-11-01 23:27:06,888] [models.py:98] [models:check_stock] [INFO]- check stock asn_status 2, stock status -1, sorted False 
[2022-11-01 23:27:09,754] [models.py:98] [models:check_stock] [INFO]- check stock asn_status 2, stock status -1, sorted False 
[2022-11-01 23:27:09,808] [models.py:98] [models:check_stock] [INFO]- check stock asn_status 2, stock status -1, sorted False 
[2022-11-01 23:27:09,861] [models.py:98] [models:check_stock] [INFO]- check stock asn_status 2, stock status -1, sorted False 
[2022-11-01 23:27:09,915] [models.py:98] [models:check_stock] [INFO]- check stock asn_status 2, stock status -1, sorted False 
[2022-11-01 23:27:09,969] [models.py:98] [models:check_stock] [INFO]- check stock asn_status 2, stock status -1, sorted False 
[2022-11-01 23:27:10,021] [models.py:98] [models:check_stock] [INFO]- check stock asn_status 2, stock status -1, sorted False 
[2022-11-01 23:27:10,076] [models.py:98] [models:check_stock] [INFO]- check stock asn_status 2, stock status -1, sorted False 
[2022-11-01 23:27:10,130] [models.py:98] [models:check_stock] [INFO]- check stock asn_status 2, stock status -1, sorted False 
[2022-11-01 23:27:10,183] [models.py:98] [models:check_stock] [INFO]- check stock asn_status 2, stock status -1, sorted False 
[2022-11-01 23:27:10,983] [models.py:98] [models:check_stock] [INFO]- check stock asn_status 3, stock status 1, sorted False 
[2022-11-01 23:27:11,037] [log.py:241] [log:log_response] [ERROR]- Internal Server Error: /asn/list/80/
Traceback (most recent call last):
  File "C:\Users\heqix\anaconda3\envs\GreateWMS\lib\site-packages\django\core\handlers\exception.py", line 55, in inner
    response = get_response(request)
  File "C:\Users\heqix\anaconda3\envs\GreateWMS\lib\site-packages\django\core\handlers\base.py", line 197, in _get_response
    response = wrapped_callback(request, *callback_args, **callback_kwargs)
  File "C:\Users\heqix\anaconda3\envs\GreateWMS\lib\site-packages\django\views\decorators\csrf.py", line 54, in wrapped_view
    return view_func(*args, **kwargs)
  File "C:\Users\heqix\anaconda3\envs\GreateWMS\lib\site-packages\rest_framework\viewsets.py", line 125, in view
    return self.dispatch(request, *args, **kwargs)
  File "C:\Users\heqix\anaconda3\envs\GreateWMS\lib\site-packages\rest_framework\views.py", line 509, in dispatch
    response = self.handle_exception(exc)
  File "C:\Users\heqix\anaconda3\envs\GreateWMS\lib\site-packages\rest_framework\views.py", line 469, in handle_exception
    self.raise_uncaught_exception(exc)
  File "C:\Users\heqix\anaconda3\envs\GreateWMS\lib\site-packages\rest_framework\views.py", line 480, in raise_uncaught_exception
    raise exc
  File "C:\Users\heqix\anaconda3\envs\GreateWMS\lib\site-packages\rest_framework\views.py", line 506, in dispatch
    response = handler(request, *args, **kwargs)
  File "D:\src\smarterwms\supplier\asn\views.py", line 159, in update
    self._update(qs, self.request.data)
  File "D:\src\smarterwms\supplier\asn\views.py", line 227, in _update
    instance = serializer.save()
  File "C:\Users\heqix\anaconda3\envs\GreateWMS\lib\site-packages\rest_framework\serializers.py", line 201, in save
    self.instance = self.update(self.instance, validated_data)
  File "C:\Users\heqix\anaconda3\envs\GreateWMS\lib\site-packages\rest_framework\serializers.py", line 984, in update
    instance.save()
  File "D:\src\smarterwms\supplier\base\models.py", line 30, in save
    self.afterSave(*args, **kwargs)
  File "D:\src\smarterwms\supplier\asn\models.py", line 51, in afterSave
    asn_details_model.check_stock()
  File "D:\src\smarterwms\supplier\asn\models.py", line 107, in check_stock
    StockService.get_instance().update_stock(stock, right_stock_qty, right_stock_status)
  File "D:\src\smarterwms\supplier\stock\services\stockprovider.py", line 54, in update_stock
    raise Exception('update stock qty fail, %s %s', res.code, res.msg)
Exception: ('update stock qty fail, %s %s', 0, "{'stock_status': [ErrorDetail(string='“SORTED” 不是合法选项。', code='invalid_choice')]}")
[2022-11-01 23:27:11,037] [log.py:241] [log:log_response] [ERROR]- Internal Server Error: /asn/list/80/
Traceback (most recent call last):
  File "C:\Users\heqix\anaconda3\envs\GreateWMS\lib\site-packages\django\core\handlers\exception.py", line 55, in inner
    response = get_response(request)
  File "C:\Users\heqix\anaconda3\envs\GreateWMS\lib\site-packages\django\core\handlers\base.py", line 197, in _get_response
    response = wrapped_callback(request, *callback_args, **callback_kwargs)
  File "C:\Users\heqix\anaconda3\envs\GreateWMS\lib\site-packages\django\views\decorators\csrf.py", line 54, in wrapped_view
    return view_func(*args, **kwargs)
  File "C:\Users\heqix\anaconda3\envs\GreateWMS\lib\site-packages\rest_framework\viewsets.py", line 125, in view
    return self.dispatch(request, *args, **kwargs)
  File "C:\Users\heqix\anaconda3\envs\GreateWMS\lib\site-packages\rest_framework\views.py", line 509, in dispatch
    response = self.handle_exception(exc)
  File "C:\Users\heqix\anaconda3\envs\GreateWMS\lib\site-packages\rest_framework\views.py", line 469, in handle_exception
    self.raise_uncaught_exception(exc)
  File "C:\Users\heqix\anaconda3\envs\GreateWMS\lib\site-packages\rest_framework\views.py", line 480, in raise_uncaught_exception
    raise exc
  File "C:\Users\heqix\anaconda3\envs\GreateWMS\lib\site-packages\rest_framework\views.py", line 506, in dispatch
    response = handler(request, *args, **kwargs)
  File "D:\src\smarterwms\supplier\asn\views.py", line 159, in update
    self._update(qs, self.request.data)
  File "D:\src\smarterwms\supplier\asn\views.py", line 227, in _update
    instance = serializer.save()
  File "C:\Users\heqix\anaconda3\envs\GreateWMS\lib\site-packages\rest_framework\serializers.py", line 201, in save
    self.instance = self.update(self.instance, validated_data)
  File "C:\Users\heqix\anaconda3\envs\GreateWMS\lib\site-packages\rest_framework\serializers.py", line 984, in update
    instance.save()
  File "D:\src\smarterwms\supplier\base\models.py", line 30, in save
    self.afterSave(*args, **kwargs)
  File "D:\src\smarterwms\supplier\asn\models.py", line 51, in afterSave
    asn_details_model.check_stock()
  File "D:\src\smarterwms\supplier\asn\models.py", line 107, in check_stock
    StockService.get_instance().update_stock(stock, right_stock_qty, right_stock_status)
  File "D:\src\smarterwms\supplier\stock\services\stockprovider.py", line 54, in update_stock
    raise Exception('update stock qty fail, %s %s', res.code, res.msg)
Exception: ('update stock qty fail, %s %s', 0, "{'stock_status': [ErrorDetail(string='“SORTED” 不是合法选项。', code='invalid_choice')]}")
[2022-11-01 23:34:26,547] [models.py:98] [models:check_stock] [INFO]- check stock asn_status 2, stock status -1, sorted False 
[2022-11-01 23:34:29,321] [models.py:98] [models:check_stock] [INFO]- check stock asn_status 2, stock status -1, sorted False 
[2022-11-01 23:34:29,379] [models.py:98] [models:check_stock] [INFO]- check stock asn_status 2, stock status -1, sorted False 
[2022-11-01 23:34:29,537] [models.py:98] [models:check_stock] [INFO]- check stock asn_status 2, stock status -1, sorted False 
[2022-11-01 23:34:29,592] [models.py:98] [models:check_stock] [INFO]- check stock asn_status 2, stock status -1, sorted False 
[2022-11-01 23:34:29,766] [models.py:98] [models:check_stock] [INFO]- check stock asn_status 2, stock status -1, sorted False 
[2022-11-01 23:34:29,831] [models.py:98] [models:check_stock] [INFO]- check stock asn_status 2, stock status -1, sorted False 
[2022-11-01 23:34:29,886] [models.py:98] [models:check_stock] [INFO]- check stock asn_status 2, stock status -1, sorted False 
[2022-11-01 23:34:29,942] [models.py:98] [models:check_stock] [INFO]- check stock asn_status 2, stock status -1, sorted False 
[2022-11-01 23:34:29,998] [models.py:98] [models:check_stock] [INFO]- check stock asn_status 2, stock status -1, sorted False 
[2022-11-01 23:34:30,820] [models.py:98] [models:check_stock] [INFO]- check stock asn_status 3, stock status 1, sorted False 
[2022-11-01 23:34:30,872] [log.py:241] [log:log_response] [ERROR]- Internal Server Error: /asn/list/82/
Traceback (most recent call last):
  File "C:\Users\heqix\anaconda3\envs\GreateWMS\lib\site-packages\django\core\handlers\exception.py", line 55, in inner
    response = get_response(request)
  File "C:\Users\heqix\anaconda3\envs\GreateWMS\lib\site-packages\django\core\handlers\base.py", line 197, in _get_response
    response = wrapped_callback(request, *callback_args, **callback_kwargs)
  File "C:\Users\heqix\anaconda3\envs\GreateWMS\lib\site-packages\django\views\decorators\csrf.py", line 54, in wrapped_view
    return view_func(*args, **kwargs)
  File "C:\Users\heqix\anaconda3\envs\GreateWMS\lib\site-packages\rest_framework\viewsets.py", line 125, in view
    return self.dispatch(request, *args, **kwargs)
  File "C:\Users\heqix\anaconda3\envs\GreateWMS\lib\site-packages\rest_framework\views.py", line 509, in dispatch
    response = self.handle_exception(exc)
  File "C:\Users\heqix\anaconda3\envs\GreateWMS\lib\site-packages\rest_framework\views.py", line 469, in handle_exception
    self.raise_uncaught_exception(exc)
  File "C:\Users\heqix\anaconda3\envs\GreateWMS\lib\site-packages\rest_framework\views.py", line 480, in raise_uncaught_exception
    raise exc
  File "C:\Users\heqix\anaconda3\envs\GreateWMS\lib\site-packages\rest_framework\views.py", line 506, in dispatch
    response = handler(request, *args, **kwargs)
  File "D:\src\smarterwms\supplier\asn\views.py", line 159, in update
    self._update(qs, self.request.data)
  File "D:\src\smarterwms\supplier\asn\views.py", line 227, in _update
    instance = serializer.save()
  File "C:\Users\heqix\anaconda3\envs\GreateWMS\lib\site-packages\rest_framework\serializers.py", line 201, in save
    self.instance = self.update(self.instance, validated_data)
  File "C:\Users\heqix\anaconda3\envs\GreateWMS\lib\site-packages\rest_framework\serializers.py", line 984, in update
    instance.save()
  File "D:\src\smarterwms\supplier\base\models.py", line 30, in save
    self.afterSave(*args, **kwargs)
  File "D:\src\smarterwms\supplier\asn\models.py", line 51, in afterSave
    asn_details_model.check_stock()
  File "D:\src\smarterwms\supplier\asn\models.py", line 107, in check_stock
    StockService.get_instance().update_stock(stock, right_stock_qty, right_stock_status)
  File "D:\src\smarterwms\supplier\stock\services\stockprovider.py", line 54, in update_stock
    raise Exception('update stock qty fail, %s %s', res.code, res.msg)
Exception: ('update stock qty fail, %s %s', 0, "{'stock_status': [ErrorDetail(string='“SORTED” 不是合法选项。', code='invalid_choice')]}")
[2022-11-01 23:34:30,872] [log.py:241] [log:log_response] [ERROR]- Internal Server Error: /asn/list/82/
Traceback (most recent call last):
  File "C:\Users\heqix\anaconda3\envs\GreateWMS\lib\site-packages\django\core\handlers\exception.py", line 55, in inner
    response = get_response(request)
  File "C:\Users\heqix\anaconda3\envs\GreateWMS\lib\site-packages\django\core\handlers\base.py", line 197, in _get_response
    response = wrapped_callback(request, *callback_args, **callback_kwargs)
  File "C:\Users\heqix\anaconda3\envs\GreateWMS\lib\site-packages\django\views\decorators\csrf.py", line 54, in wrapped_view
    return view_func(*args, **kwargs)
  File "C:\Users\heqix\anaconda3\envs\GreateWMS\lib\site-packages\rest_framework\viewsets.py", line 125, in view
    return self.dispatch(request, *args, **kwargs)
  File "C:\Users\heqix\anaconda3\envs\GreateWMS\lib\site-packages\rest_framework\views.py", line 509, in dispatch
    response = self.handle_exception(exc)
  File "C:\Users\heqix\anaconda3\envs\GreateWMS\lib\site-packages\rest_framework\views.py", line 469, in handle_exception
    self.raise_uncaught_exception(exc)
  File "C:\Users\heqix\anaconda3\envs\GreateWMS\lib\site-packages\rest_framework\views.py", line 480, in raise_uncaught_exception
    raise exc
  File "C:\Users\heqix\anaconda3\envs\GreateWMS\lib\site-packages\rest_framework\views.py", line 506, in dispatch
    response = handler(request, *args, **kwargs)
  File "D:\src\smarterwms\supplier\asn\views.py", line 159, in update
    self._update(qs, self.request.data)
  File "D:\src\smarterwms\supplier\asn\views.py", line 227, in _update
    instance = serializer.save()
  File "C:\Users\heqix\anaconda3\envs\GreateWMS\lib\site-packages\rest_framework\serializers.py", line 201, in save
    self.instance = self.update(self.instance, validated_data)
  File "C:\Users\heqix\anaconda3\envs\GreateWMS\lib\site-packages\rest_framework\serializers.py", line 984, in update
    instance.save()
  File "D:\src\smarterwms\supplier\base\models.py", line 30, in save
    self.afterSave(*args, **kwargs)
  File "D:\src\smarterwms\supplier\asn\models.py", line 51, in afterSave
    asn_details_model.check_stock()
  File "D:\src\smarterwms\supplier\asn\models.py", line 107, in check_stock
    StockService.get_instance().update_stock(stock, right_stock_qty, right_stock_status)
  File "D:\src\smarterwms\supplier\stock\services\stockprovider.py", line 54, in update_stock
    raise Exception('update stock qty fail, %s %s', res.code, res.msg)
Exception: ('update stock qty fail, %s %s', 0, "{'stock_status': [ErrorDetail(string='“SORTED” 不是合法选项。', code='invalid_choice')]}")
[2022-11-01 23:35:16,531] [models.py:98] [models:check_stock] [INFO]- check stock asn_status 2, stock status -1, sorted False 
[2022-11-01 23:35:19,442] [models.py:98] [models:check_stock] [INFO]- check stock asn_status 2, stock status -1, sorted False 
[2022-11-01 23:35:19,498] [models.py:98] [models:check_stock] [INFO]- check stock asn_status 2, stock status -1, sorted False 
[2022-11-01 23:35:19,551] [models.py:98] [models:check_stock] [INFO]- check stock asn_status 2, stock status -1, sorted False 
[2022-11-01 23:35:19,605] [models.py:98] [models:check_stock] [INFO]- check stock asn_status 2, stock status -1, sorted False 
[2022-11-01 23:35:19,659] [models.py:98] [models:check_stock] [INFO]- check stock asn_status 2, stock status -1, sorted False 
[2022-11-01 23:35:19,713] [models.py:98] [models:check_stock] [INFO]- check stock asn_status 2, stock status -1, sorted False 
[2022-11-01 23:35:19,765] [models.py:98] [models:check_stock] [INFO]- check stock asn_status 2, stock status -1, sorted False 
[2022-11-01 23:35:19,820] [models.py:98] [models:check_stock] [INFO]- check stock asn_status 2, stock status -1, sorted False 
[2022-11-01 23:35:19,872] [models.py:98] [models:check_stock] [INFO]- check stock asn_status 2, stock status -1, sorted False 
[2022-11-01 23:35:20,578] [models.py:98] [models:check_stock] [INFO]- check stock asn_status 3, stock status 1, sorted False 
[2022-11-01 23:35:20,632] [log.py:241] [log:log_response] [ERROR]- Internal Server Error: /asn/list/84/
Traceback (most recent call last):
  File "C:\Users\heqix\anaconda3\envs\GreateWMS\lib\site-packages\django\core\handlers\exception.py", line 55, in inner
    response = get_response(request)
  File "C:\Users\heqix\anaconda3\envs\GreateWMS\lib\site-packages\django\core\handlers\base.py", line 197, in _get_response
    response = wrapped_callback(request, *callback_args, **callback_kwargs)
  File "C:\Users\heqix\anaconda3\envs\GreateWMS\lib\site-packages\django\views\decorators\csrf.py", line 54, in wrapped_view
    return view_func(*args, **kwargs)
  File "C:\Users\heqix\anaconda3\envs\GreateWMS\lib\site-packages\rest_framework\viewsets.py", line 125, in view
    return self.dispatch(request, *args, **kwargs)
  File "C:\Users\heqix\anaconda3\envs\GreateWMS\lib\site-packages\rest_framework\views.py", line 509, in dispatch
    response = self.handle_exception(exc)
  File "C:\Users\heqix\anaconda3\envs\GreateWMS\lib\site-packages\rest_framework\views.py", line 469, in handle_exception
    self.raise_uncaught_exception(exc)
  File "C:\Users\heqix\anaconda3\envs\GreateWMS\lib\site-packages\rest_framework\views.py", line 480, in raise_uncaught_exception
    raise exc
  File "C:\Users\heqix\anaconda3\envs\GreateWMS\lib\site-packages\rest_framework\views.py", line 506, in dispatch
    response = handler(request, *args, **kwargs)
  File "D:\src\smarterwms\supplier\asn\views.py", line 159, in update
    self._update(qs, self.request.data)
  File "D:\src\smarterwms\supplier\asn\views.py", line 227, in _update
    instance = serializer.save()
  File "C:\Users\heqix\anaconda3\envs\GreateWMS\lib\site-packages\rest_framework\serializers.py", line 201, in save
    self.instance = self.update(self.instance, validated_data)
  File "C:\Users\heqix\anaconda3\envs\GreateWMS\lib\site-packages\rest_framework\serializers.py", line 984, in update
    instance.save()
  File "D:\src\smarterwms\supplier\base\models.py", line 30, in save
    self.afterSave(*args, **kwargs)
  File "D:\src\smarterwms\supplier\asn\models.py", line 51, in afterSave
    asn_details_model.check_stock()
  File "D:\src\smarterwms\supplier\asn\models.py", line 107, in check_stock
    StockService.get_instance().update_stock(stock, right_stock_qty, right_stock_status)
  File "D:\src\smarterwms\supplier\stock\services\stockprovider.py", line 54, in update_stock
    raise Exception('update stock qty fail, %s %s', res.code, res.msg)
Exception: ('update stock qty fail, %s %s', 0, "{'stock_status': [ErrorDetail(string='“SORTED” 不是合法选项。', code='invalid_choice')]}")
[2022-11-01 23:35:20,632] [log.py:241] [log:log_response] [ERROR]- Internal Server Error: /asn/list/84/
Traceback (most recent call last):
  File "C:\Users\heqix\anaconda3\envs\GreateWMS\lib\site-packages\django\core\handlers\exception.py", line 55, in inner
    response = get_response(request)
  File "C:\Users\heqix\anaconda3\envs\GreateWMS\lib\site-packages\django\core\handlers\base.py", line 197, in _get_response
    response = wrapped_callback(request, *callback_args, **callback_kwargs)
  File "C:\Users\heqix\anaconda3\envs\GreateWMS\lib\site-packages\django\views\decorators\csrf.py", line 54, in wrapped_view
    return view_func(*args, **kwargs)
  File "C:\Users\heqix\anaconda3\envs\GreateWMS\lib\site-packages\rest_framework\viewsets.py", line 125, in view
    return self.dispatch(request, *args, **kwargs)
  File "C:\Users\heqix\anaconda3\envs\GreateWMS\lib\site-packages\rest_framework\views.py", line 509, in dispatch
    response = self.handle_exception(exc)
  File "C:\Users\heqix\anaconda3\envs\GreateWMS\lib\site-packages\rest_framework\views.py", line 469, in handle_exception
    self.raise_uncaught_exception(exc)
  File "C:\Users\heqix\anaconda3\envs\GreateWMS\lib\site-packages\rest_framework\views.py", line 480, in raise_uncaught_exception
    raise exc
  File "C:\Users\heqix\anaconda3\envs\GreateWMS\lib\site-packages\rest_framework\views.py", line 506, in dispatch
    response = handler(request, *args, **kwargs)
  File "D:\src\smarterwms\supplier\asn\views.py", line 159, in update
    self._update(qs, self.request.data)
  File "D:\src\smarterwms\supplier\asn\views.py", line 227, in _update
    instance = serializer.save()
  File "C:\Users\heqix\anaconda3\envs\GreateWMS\lib\site-packages\rest_framework\serializers.py", line 201, in save
    self.instance = self.update(self.instance, validated_data)
  File "C:\Users\heqix\anaconda3\envs\GreateWMS\lib\site-packages\rest_framework\serializers.py", line 984, in update
    instance.save()
  File "D:\src\smarterwms\supplier\base\models.py", line 30, in save
    self.afterSave(*args, **kwargs)
  File "D:\src\smarterwms\supplier\asn\models.py", line 51, in afterSave
    asn_details_model.check_stock()
  File "D:\src\smarterwms\supplier\asn\models.py", line 107, in check_stock
    StockService.get_instance().update_stock(stock, right_stock_qty, right_stock_status)
  File "D:\src\smarterwms\supplier\stock\services\stockprovider.py", line 54, in update_stock
    raise Exception('update stock qty fail, %s %s', res.code, res.msg)
Exception: ('update stock qty fail, %s %s', 0, "{'stock_status': [ErrorDetail(string='“SORTED” 不是合法选项。', code='invalid_choice')]}")
[2022-11-01 23:36:05,014] [models.py:98] [models:check_stock] [INFO]- check stock asn_status 2, stock status -1, sorted False 
[2022-11-01 23:36:07,907] [models.py:98] [models:check_stock] [INFO]- check stock asn_status 2, stock status -1, sorted False 
[2022-11-01 23:36:07,959] [models.py:98] [models:check_stock] [INFO]- check stock asn_status 2, stock status -1, sorted False 
[2022-11-01 23:36:08,014] [models.py:98] [models:check_stock] [INFO]- check stock asn_status 2, stock status -1, sorted False 
[2022-11-01 23:36:08,067] [models.py:98] [models:check_stock] [INFO]- check stock asn_status 2, stock status -1, sorted False 
[2022-11-01 23:36:08,120] [models.py:98] [models:check_stock] [INFO]- check stock asn_status 2, stock status -1, sorted False 
[2022-11-01 23:36:08,174] [models.py:98] [models:check_stock] [INFO]- check stock asn_status 2, stock status -1, sorted False 
[2022-11-01 23:36:08,229] [models.py:98] [models:check_stock] [INFO]- check stock asn_status 2, stock status -1, sorted False 
[2022-11-01 23:36:08,282] [models.py:98] [models:check_stock] [INFO]- check stock asn_status 2, stock status -1, sorted False 
[2022-11-01 23:36:08,336] [models.py:98] [models:check_stock] [INFO]- check stock asn_status 2, stock status -1, sorted False 
[2022-11-01 23:36:09,151] [models.py:98] [models:check_stock] [INFO]- check stock asn_status 3, stock status 1, sorted False 
[2022-11-01 23:36:09,305] [log.py:241] [log:log_response] [ERROR]- Internal Server Error: /asn/list/86/
Traceback (most recent call last):
  File "C:\Users\heqix\anaconda3\envs\GreateWMS\lib\site-packages\django\core\handlers\exception.py", line 55, in inner
    response = get_response(request)
  File "C:\Users\heqix\anaconda3\envs\GreateWMS\lib\site-packages\django\core\handlers\base.py", line 197, in _get_response
    response = wrapped_callback(request, *callback_args, **callback_kwargs)
  File "C:\Users\heqix\anaconda3\envs\GreateWMS\lib\site-packages\django\views\decorators\csrf.py", line 54, in wrapped_view
    return view_func(*args, **kwargs)
  File "C:\Users\heqix\anaconda3\envs\GreateWMS\lib\site-packages\rest_framework\viewsets.py", line 125, in view
    return self.dispatch(request, *args, **kwargs)
  File "C:\Users\heqix\anaconda3\envs\GreateWMS\lib\site-packages\rest_framework\views.py", line 509, in dispatch
    response = self.handle_exception(exc)
  File "C:\Users\heqix\anaconda3\envs\GreateWMS\lib\site-packages\rest_framework\views.py", line 469, in handle_exception
    self.raise_uncaught_exception(exc)
  File "C:\Users\heqix\anaconda3\envs\GreateWMS\lib\site-packages\rest_framework\views.py", line 480, in raise_uncaught_exception
    raise exc
  File "C:\Users\heqix\anaconda3\envs\GreateWMS\lib\site-packages\rest_framework\views.py", line 506, in dispatch
    response = handler(request, *args, **kwargs)
  File "D:\src\smarterwms\supplier\asn\views.py", line 159, in update
    self._update(qs, self.request.data)
  File "D:\src\smarterwms\supplier\asn\views.py", line 227, in _update
    instance = serializer.save()
  File "C:\Users\heqix\anaconda3\envs\GreateWMS\lib\site-packages\rest_framework\serializers.py", line 201, in save
    self.instance = self.update(self.instance, validated_data)
  File "C:\Users\heqix\anaconda3\envs\GreateWMS\lib\site-packages\rest_framework\serializers.py", line 984, in update
    instance.save()
  File "D:\src\smarterwms\supplier\base\models.py", line 30, in save
    self.afterSave(*args, **kwargs)
  File "D:\src\smarterwms\supplier\asn\models.py", line 51, in afterSave
    asn_details_model.check_stock()
  File "D:\src\smarterwms\supplier\asn\models.py", line 107, in check_stock
    StockService.get_instance().update_stock(stock, right_stock_qty, right_stock_status)
  File "D:\src\smarterwms\supplier\stock\services\stockprovider.py", line 54, in update_stock
    raise Exception('update stock qty fail, %s %s', res.code, res.msg)
Exception: ('update stock qty fail, %s %s', 0, "{'stock_status': [ErrorDetail(string='“SORTED” 不是合法选项。', code='invalid_choice')]}")
[2022-11-01 23:36:09,305] [log.py:241] [log:log_response] [ERROR]- Internal Server Error: /asn/list/86/
Traceback (most recent call last):
  File "C:\Users\heqix\anaconda3\envs\GreateWMS\lib\site-packages\django\core\handlers\exception.py", line 55, in inner
    response = get_response(request)
  File "C:\Users\heqix\anaconda3\envs\GreateWMS\lib\site-packages\django\core\handlers\base.py", line 197, in _get_response
    response = wrapped_callback(request, *callback_args, **callback_kwargs)
  File "C:\Users\heqix\anaconda3\envs\GreateWMS\lib\site-packages\django\views\decorators\csrf.py", line 54, in wrapped_view
    return view_func(*args, **kwargs)
  File "C:\Users\heqix\anaconda3\envs\GreateWMS\lib\site-packages\rest_framework\viewsets.py", line 125, in view
    return self.dispatch(request, *args, **kwargs)
  File "C:\Users\heqix\anaconda3\envs\GreateWMS\lib\site-packages\rest_framework\views.py", line 509, in dispatch
    response = self.handle_exception(exc)
  File "C:\Users\heqix\anaconda3\envs\GreateWMS\lib\site-packages\rest_framework\views.py", line 469, in handle_exception
    self.raise_uncaught_exception(exc)
  File "C:\Users\heqix\anaconda3\envs\GreateWMS\lib\site-packages\rest_framework\views.py", line 480, in raise_uncaught_exception
    raise exc
  File "C:\Users\heqix\anaconda3\envs\GreateWMS\lib\site-packages\rest_framework\views.py", line 506, in dispatch
    response = handler(request, *args, **kwargs)
  File "D:\src\smarterwms\supplier\asn\views.py", line 159, in update
    self._update(qs, self.request.data)
  File "D:\src\smarterwms\supplier\asn\views.py", line 227, in _update
    instance = serializer.save()
  File "C:\Users\heqix\anaconda3\envs\GreateWMS\lib\site-packages\rest_framework\serializers.py", line 201, in save
    self.instance = self.update(self.instance, validated_data)
  File "C:\Users\heqix\anaconda3\envs\GreateWMS\lib\site-packages\rest_framework\serializers.py", line 984, in update
    instance.save()
  File "D:\src\smarterwms\supplier\base\models.py", line 30, in save
    self.afterSave(*args, **kwargs)
  File "D:\src\smarterwms\supplier\asn\models.py", line 51, in afterSave
    asn_details_model.check_stock()
  File "D:\src\smarterwms\supplier\asn\models.py", line 107, in check_stock
    StockService.get_instance().update_stock(stock, right_stock_qty, right_stock_status)
  File "D:\src\smarterwms\supplier\stock\services\stockprovider.py", line 54, in update_stock
    raise Exception('update stock qty fail, %s %s', res.code, res.msg)
Exception: ('update stock qty fail, %s %s', 0, "{'stock_status': [ErrorDetail(string='“SORTED” 不是合法选项。', code='invalid_choice')]}")
[2022-11-01 23:44:42,386] [models.py:98] [models:check_stock] [INFO]- check stock asn_status 2, stock status -1, sorted False 
[2022-11-01 23:44:45,186] [models.py:98] [models:check_stock] [INFO]- check stock asn_status 2, stock status -1, sorted False 
[2022-11-01 23:44:45,243] [models.py:98] [models:check_stock] [INFO]- check stock asn_status 2, stock status -1, sorted False 
[2022-11-01 23:44:45,302] [models.py:98] [models:check_stock] [INFO]- check stock asn_status 2, stock status -1, sorted False 
[2022-11-01 23:44:45,356] [models.py:98] [models:check_stock] [INFO]- check stock asn_status 2, stock status -1, sorted False 
[2022-11-01 23:44:45,411] [models.py:98] [models:check_stock] [INFO]- check stock asn_status 2, stock status -1, sorted False 
[2022-11-01 23:44:45,465] [models.py:98] [models:check_stock] [INFO]- check stock asn_status 2, stock status -1, sorted False 
[2022-11-01 23:44:45,520] [models.py:98] [models:check_stock] [INFO]- check stock asn_status 2, stock status -1, sorted False 
[2022-11-01 23:44:45,573] [models.py:98] [models:check_stock] [INFO]- check stock asn_status 2, stock status -1, sorted False 
[2022-11-01 23:44:45,627] [models.py:98] [models:check_stock] [INFO]- check stock asn_status 2, stock status -1, sorted False 
[2022-11-01 23:44:46,454] [models.py:98] [models:check_stock] [INFO]- check stock asn_status 3, stock status 1, sorted False 
[2022-11-01 23:44:46,580] [models.py:98] [models:check_stock] [INFO]- check stock asn_status 3, stock status 1, sorted False 
[2022-11-01 23:44:46,700] [models.py:98] [models:check_stock] [INFO]- check stock asn_status 3, stock status 1, sorted False 
[2022-11-01 23:44:46,812] [models.py:98] [models:check_stock] [INFO]- check stock asn_status 3, stock status 1, sorted False 
[2022-11-01 23:44:46,923] [models.py:98] [models:check_stock] [INFO]- check stock asn_status 3, stock status 1, sorted False 
[2022-11-01 23:44:47,038] [models.py:98] [models:check_stock] [INFO]- check stock asn_status 3, stock status 1, sorted False 
[2022-11-01 23:44:47,150] [models.py:98] [models:check_stock] [INFO]- check stock asn_status 3, stock status 1, sorted False 
[2022-11-01 23:44:47,265] [models.py:98] [models:check_stock] [INFO]- check stock asn_status 3, stock status 1, sorted False 
[2022-11-01 23:44:47,376] [models.py:98] [models:check_stock] [INFO]- check stock asn_status 3, stock status 1, sorted False 
[2022-11-01 23:44:47,484] [models.py:98] [models:check_stock] [INFO]- check stock asn_status 3, stock status 1, sorted False 
[2022-11-01 23:48:15,655] [models.py:98] [models:check_stock] [INFO]- check stock asn_status 2, stock status -1, sorted False 
[2022-11-01 23:48:18,608] [models.py:98] [models:check_stock] [INFO]- check stock asn_status 2, stock status -1, sorted False 
[2022-11-01 23:48:18,672] [models.py:98] [models:check_stock] [INFO]- check stock asn_status 2, stock status -1, sorted False 
[2022-11-01 23:48:18,726] [models.py:98] [models:check_stock] [INFO]- check stock asn_status 2, stock status -1, sorted False 
[2022-11-01 23:48:18,884] [models.py:98] [models:check_stock] [INFO]- check stock asn_status 2, stock status -1, sorted False 
[2022-11-01 23:48:18,946] [models.py:98] [models:check_stock] [INFO]- check stock asn_status 2, stock status -1, sorted False 
[2022-11-01 23:48:19,008] [models.py:98] [models:check_stock] [INFO]- check stock asn_status 2, stock status -1, sorted False 
[2022-11-01 23:48:19,063] [models.py:98] [models:check_stock] [INFO]- check stock asn_status 2, stock status -1, sorted False 
[2022-11-01 23:48:19,115] [models.py:98] [models:check_stock] [INFO]- check stock asn_status 2, stock status -1, sorted False 
[2022-11-01 23:48:19,169] [models.py:98] [models:check_stock] [INFO]- check stock asn_status 2, stock status -1, sorted False 
[2022-11-01 23:48:19,989] [models.py:98] [models:check_stock] [INFO]- check stock asn_status 3, stock status 1, sorted False 
[2022-11-01 23:48:20,121] [models.py:98] [models:check_stock] [INFO]- check stock asn_status 3, stock status 1, sorted False 
[2022-11-01 23:48:20,242] [models.py:98] [models:check_stock] [INFO]- check stock asn_status 3, stock status 1, sorted False 
[2022-11-01 23:48:20,360] [models.py:98] [models:check_stock] [INFO]- check stock asn_status 3, stock status 1, sorted False 
[2022-11-01 23:48:20,492] [models.py:98] [models:check_stock] [INFO]- check stock asn_status 3, stock status 1, sorted False 
[2022-11-01 23:48:20,613] [models.py:98] [models:check_stock] [INFO]- check stock asn_status 3, stock status 1, sorted False 
[2022-11-01 23:48:20,738] [models.py:98] [models:check_stock] [INFO]- check stock asn_status 3, stock status 1, sorted False 
[2022-11-01 23:48:20,857] [models.py:98] [models:check_stock] [INFO]- check stock asn_status 3, stock status 1, sorted False 
[2022-11-01 23:48:20,976] [models.py:98] [models:check_stock] [INFO]- check stock asn_status 3, stock status 1, sorted False 
[2022-11-01 23:48:21,099] [models.py:98] [models:check_stock] [INFO]- check stock asn_status 3, stock status 1, sorted False 
[2022-11-01 23:49:55,712] [models.py:98] [models:check_stock] [INFO]- check stock asn_status 2, stock status -1, sorted False 
[2022-11-01 23:49:58,606] [models.py:98] [models:check_stock] [INFO]- check stock asn_status 2, stock status -1, sorted False 
[2022-11-01 23:49:58,660] [models.py:98] [models:check_stock] [INFO]- check stock asn_status 2, stock status -1, sorted False 
[2022-11-01 23:49:58,714] [models.py:98] [models:check_stock] [INFO]- check stock asn_status 2, stock status -1, sorted False 
[2022-11-01 23:49:58,877] [models.py:98] [models:check_stock] [INFO]- check stock asn_status 2, stock status -1, sorted False 
[2022-11-01 23:49:58,932] [models.py:98] [models:check_stock] [INFO]- check stock asn_status 2, stock status -1, sorted False 
[2022-11-01 23:49:58,986] [models.py:98] [models:check_stock] [INFO]- check stock asn_status 2, stock status -1, sorted False 
[2022-11-01 23:49:59,041] [models.py:98] [models:check_stock] [INFO]- check stock asn_status 2, stock status -1, sorted False 
[2022-11-01 23:49:59,097] [models.py:98] [models:check_stock] [INFO]- check stock asn_status 2, stock status -1, sorted False 
[2022-11-01 23:49:59,151] [models.py:98] [models:check_stock] [INFO]- check stock asn_status 2, stock status -1, sorted False 
[2022-11-01 23:49:59,962] [models.py:98] [models:check_stock] [INFO]- check stock asn_status 3, stock status 1, sorted False 
[2022-11-01 23:50:00,075] [models.py:98] [models:check_stock] [INFO]- check stock asn_status 3, stock status 1, sorted False 
[2022-11-01 23:50:00,191] [models.py:98] [models:check_stock] [INFO]- check stock asn_status 3, stock status 1, sorted False 
[2022-11-01 23:50:00,301] [models.py:98] [models:check_stock] [INFO]- check stock asn_status 3, stock status 1, sorted False 
[2022-11-01 23:50:00,415] [models.py:98] [models:check_stock] [INFO]- check stock asn_status 3, stock status 1, sorted False 
[2022-11-01 23:50:00,526] [models.py:98] [models:check_stock] [INFO]- check stock asn_status 3, stock status 1, sorted False 
[2022-11-01 23:50:00,637] [models.py:98] [models:check_stock] [INFO]- check stock asn_status 3, stock status 1, sorted False 
[2022-11-01 23:50:00,749] [models.py:98] [models:check_stock] [INFO]- check stock asn_status 3, stock status 1, sorted False 
[2022-11-01 23:50:00,986] [models.py:98] [models:check_stock] [INFO]- check stock asn_status 3, stock status 1, sorted False 
[2022-11-01 23:50:01,098] [models.py:98] [models:check_stock] [INFO]- check stock asn_status 3, stock status 1, sorted False 
[2022-11-01 23:50:56,622] [models.py:98] [models:check_stock] [INFO]- check stock asn_status 2, stock status -1, sorted False 
[2022-11-01 23:50:59,500] [models.py:98] [models:check_stock] [INFO]- check stock asn_status 2, stock status -1, sorted False 
[2022-11-01 23:50:59,554] [models.py:98] [models:check_stock] [INFO]- check stock asn_status 2, stock status -1, sorted False 
[2022-11-01 23:50:59,607] [models.py:98] [models:check_stock] [INFO]- check stock asn_status 2, stock status -1, sorted False 
[2022-11-01 23:50:59,661] [models.py:98] [models:check_stock] [INFO]- check stock asn_status 2, stock status -1, sorted False 
[2022-11-01 23:50:59,714] [models.py:98] [models:check_stock] [INFO]- check stock asn_status 2, stock status -1, sorted False 
[2022-11-01 23:50:59,769] [models.py:98] [models:check_stock] [INFO]- check stock asn_status 2, stock status -1, sorted False 
[2022-11-01 23:50:59,825] [models.py:98] [models:check_stock] [INFO]- check stock asn_status 2, stock status -1, sorted False 
[2022-11-01 23:50:59,879] [models.py:98] [models:check_stock] [INFO]- check stock asn_status 2, stock status -1, sorted False 
[2022-11-01 23:50:59,932] [models.py:98] [models:check_stock] [INFO]- check stock asn_status 2, stock status -1, sorted False 
[2022-11-01 23:51:00,771] [models.py:98] [models:check_stock] [INFO]- check stock asn_status 3, stock status 1, sorted False 
[2022-11-01 23:51:00,913] [models.py:98] [models:check_stock] [INFO]- check stock asn_status 3, stock status 1, sorted False 
[2022-11-01 23:51:01,024] [models.py:98] [models:check_stock] [INFO]- check stock asn_status 3, stock status 1, sorted False 
[2022-11-01 23:51:01,139] [models.py:98] [models:check_stock] [INFO]- check stock asn_status 3, stock status 1, sorted False 
[2022-11-01 23:51:01,255] [models.py:98] [models:check_stock] [INFO]- check stock asn_status 3, stock status 1, sorted False 
[2022-11-01 23:51:01,366] [models.py:98] [models:check_stock] [INFO]- check stock asn_status 3, stock status 1, sorted False 
[2022-11-01 23:51:01,474] [models.py:98] [models:check_stock] [INFO]- check stock asn_status 3, stock status 1, sorted False 
[2022-11-01 23:51:01,593] [models.py:98] [models:check_stock] [INFO]- check stock asn_status 3, stock status 1, sorted False 
[2022-11-01 23:51:01,707] [models.py:98] [models:check_stock] [INFO]- check stock asn_status 3, stock status 1, sorted False 
[2022-11-01 23:51:01,820] [models.py:98] [models:check_stock] [INFO]- check stock asn_status 3, stock status 1, sorted False 
[2022-11-01 23:51:34,443] [models.py:98] [models:check_stock] [INFO]- check stock asn_status 2, stock status -1, sorted False 
[2022-11-01 23:51:37,321] [models.py:98] [models:check_stock] [INFO]- check stock asn_status 2, stock status -1, sorted False 
[2022-11-01 23:51:37,374] [models.py:98] [models:check_stock] [INFO]- check stock asn_status 2, stock status -1, sorted False 
[2022-11-01 23:51:37,426] [models.py:98] [models:check_stock] [INFO]- check stock asn_status 2, stock status -1, sorted False 
[2022-11-01 23:51:37,478] [models.py:98] [models:check_stock] [INFO]- check stock asn_status 2, stock status -1, sorted False 
[2022-11-01 23:51:37,529] [models.py:98] [models:check_stock] [INFO]- check stock asn_status 2, stock status -1, sorted False 
[2022-11-01 23:51:37,584] [models.py:98] [models:check_stock] [INFO]- check stock asn_status 2, stock status -1, sorted False 
[2022-11-01 23:51:37,636] [models.py:98] [models:check_stock] [INFO]- check stock asn_status 2, stock status -1, sorted False 
[2022-11-01 23:51:37,688] [models.py:98] [models:check_stock] [INFO]- check stock asn_status 2, stock status -1, sorted False 
[2022-11-01 23:51:37,843] [models.py:98] [models:check_stock] [INFO]- check stock asn_status 2, stock status -1, sorted False 
[2022-11-01 23:51:38,537] [models.py:98] [models:check_stock] [INFO]- check stock asn_status 3, stock status 1, sorted False 
[2022-11-01 23:51:38,649] [models.py:98] [models:check_stock] [INFO]- check stock asn_status 3, stock status 1, sorted False 
[2022-11-01 23:51:38,768] [models.py:98] [models:check_stock] [INFO]- check stock asn_status 3, stock status 1, sorted False 
[2022-11-01 23:51:38,879] [models.py:98] [models:check_stock] [INFO]- check stock asn_status 3, stock status 1, sorted False 
[2022-11-01 23:51:38,990] [models.py:98] [models:check_stock] [INFO]- check stock asn_status 3, stock status 1, sorted False 
[2022-11-01 23:51:39,100] [models.py:98] [models:check_stock] [INFO]- check stock asn_status 3, stock status 1, sorted False 
[2022-11-01 23:51:39,316] [models.py:98] [models:check_stock] [INFO]- check stock asn_status 3, stock status 1, sorted False 
[2022-11-01 23:51:39,426] [models.py:98] [models:check_stock] [INFO]- check stock asn_status 3, stock status 1, sorted False 
[2022-11-01 23:51:39,542] [models.py:98] [models:check_stock] [INFO]- check stock asn_status 3, stock status 1, sorted False 
[2022-11-01 23:51:39,654] [models.py:98] [models:check_stock] [INFO]- check stock asn_status 3, stock status 1, sorted False 
[2022-11-01 23:52:34,371] [models.py:98] [models:check_stock] [INFO]- check stock asn_status 2, stock status -1, sorted False 
[2022-11-01 23:52:37,272] [models.py:98] [models:check_stock] [INFO]- check stock asn_status 2, stock status -1, sorted False 
[2022-11-01 23:52:37,332] [models.py:98] [models:check_stock] [INFO]- check stock asn_status 2, stock status -1, sorted False 
[2022-11-01 23:52:37,387] [models.py:98] [models:check_stock] [INFO]- check stock asn_status 2, stock status -1, sorted False 
[2022-11-01 23:52:37,439] [models.py:98] [models:check_stock] [INFO]- check stock asn_status 2, stock status -1, sorted False 
[2022-11-01 23:52:37,492] [models.py:98] [models:check_stock] [INFO]- check stock asn_status 2, stock status -1, sorted False 
[2022-11-01 23:52:37,545] [models.py:98] [models:check_stock] [INFO]- check stock asn_status 2, stock status -1, sorted False 
[2022-11-01 23:52:37,710] [models.py:98] [models:check_stock] [INFO]- check stock asn_status 2, stock status -1, sorted False 
[2022-11-01 23:52:37,762] [models.py:98] [models:check_stock] [INFO]- check stock asn_status 2, stock status -1, sorted False 
[2022-11-01 23:52:37,814] [models.py:98] [models:check_stock] [INFO]- check stock asn_status 2, stock status -1, sorted False 
[2022-11-01 23:52:38,727] [models.py:98] [models:check_stock] [INFO]- check stock asn_status 3, stock status 1, sorted False 
[2022-11-01 23:52:38,848] [models.py:98] [models:check_stock] [INFO]- check stock asn_status 3, stock status 1, sorted False 
[2022-11-01 23:52:38,959] [models.py:98] [models:check_stock] [INFO]- check stock asn_status 3, stock status 1, sorted False 
[2022-11-01 23:52:39,070] [models.py:98] [models:check_stock] [INFO]- check stock asn_status 3, stock status 1, sorted False 
[2022-11-01 23:52:39,180] [models.py:98] [models:check_stock] [INFO]- check stock asn_status 3, stock status 1, sorted False 
[2022-11-01 23:52:39,290] [models.py:98] [models:check_stock] [INFO]- check stock asn_status 3, stock status 1, sorted False 
[2022-11-01 23:52:39,403] [models.py:98] [models:check_stock] [INFO]- check stock asn_status 3, stock status 1, sorted False 
[2022-11-01 23:52:39,517] [models.py:98] [models:check_stock] [INFO]- check stock asn_status 3, stock status 1, sorted False 
[2022-11-01 23:52:39,629] [models.py:98] [models:check_stock] [INFO]- check stock asn_status 3, stock status 1, sorted False 
[2022-11-01 23:52:39,739] [models.py:98] [models:check_stock] [INFO]- check stock asn_status 3, stock status 1, sorted False 
[2022-11-01 23:53:02,445] [models.py:98] [models:check_stock] [INFO]- check stock asn_status 2, stock status -1, sorted False 
[2022-11-01 23:53:05,316] [models.py:98] [models:check_stock] [INFO]- check stock asn_status 2, stock status -1, sorted False 
[2022-11-01 23:53:05,483] [models.py:98] [models:check_stock] [INFO]- check stock asn_status 2, stock status -1, sorted False 
[2022-11-01 23:53:05,538] [models.py:98] [models:check_stock] [INFO]- check stock asn_status 2, stock status -1, sorted False 
[2022-11-01 23:53:05,592] [models.py:98] [models:check_stock] [INFO]- check stock asn_status 2, stock status -1, sorted False 
[2022-11-01 23:53:05,645] [models.py:98] [models:check_stock] [INFO]- check stock asn_status 2, stock status -1, sorted False 
[2022-11-01 23:53:05,699] [models.py:98] [models:check_stock] [INFO]- check stock asn_status 2, stock status -1, sorted False 
[2022-11-01 23:53:05,754] [models.py:98] [models:check_stock] [INFO]- check stock asn_status 2, stock status -1, sorted False 
[2022-11-01 23:53:05,807] [models.py:98] [models:check_stock] [INFO]- check stock asn_status 2, stock status -1, sorted False 
[2022-11-01 23:53:05,861] [models.py:98] [models:check_stock] [INFO]- check stock asn_status 2, stock status -1, sorted False 
[2022-11-01 23:53:06,573] [models.py:98] [models:check_stock] [INFO]- check stock asn_status 3, stock status 1, sorted False 
[2022-11-01 23:53:06,694] [models.py:98] [models:check_stock] [INFO]- check stock asn_status 3, stock status 1, sorted False 
[2022-11-01 23:53:06,810] [models.py:98] [models:check_stock] [INFO]- check stock asn_status 3, stock status 1, sorted False 
[2022-11-01 23:53:06,924] [models.py:98] [models:check_stock] [INFO]- check stock asn_status 3, stock status 1, sorted False 
[2022-11-01 23:53:07,151] [models.py:98] [models:check_stock] [INFO]- check stock asn_status 3, stock status 1, sorted False 
[2022-11-01 23:53:07,362] [models.py:98] [models:check_stock] [INFO]- check stock asn_status 3, stock status 1, sorted False 
[2022-11-01 23:53:07,578] [models.py:98] [models:check_stock] [INFO]- check stock asn_status 3, stock status 1, sorted False 
[2022-11-01 23:53:07,691] [models.py:98] [models:check_stock] [INFO]- check stock asn_status 3, stock status 1, sorted False 
[2022-11-01 23:53:07,801] [models.py:98] [models:check_stock] [INFO]- check stock asn_status 3, stock status 1, sorted False 
[2022-11-01 23:53:07,913] [models.py:98] [models:check_stock] [INFO]- check stock asn_status 3, stock status 1, sorted False 
[2022-11-01 23:53:29,170] [models.py:98] [models:check_stock] [INFO]- check stock asn_status 2, stock status -1, sorted False 
[2022-11-01 23:53:31,983] [models.py:98] [models:check_stock] [INFO]- check stock asn_status 2, stock status -1, sorted False 
[2022-11-01 23:53:32,037] [models.py:98] [models:check_stock] [INFO]- check stock asn_status 2, stock status -1, sorted False 
[2022-11-01 23:53:32,090] [models.py:98] [models:check_stock] [INFO]- check stock asn_status 2, stock status -1, sorted False 
[2022-11-01 23:53:32,142] [models.py:98] [models:check_stock] [INFO]- check stock asn_status 2, stock status -1, sorted False 
[2022-11-01 23:53:32,193] [models.py:98] [models:check_stock] [INFO]- check stock asn_status 2, stock status -1, sorted False 
[2022-11-01 23:53:32,246] [models.py:98] [models:check_stock] [INFO]- check stock asn_status 2, stock status -1, sorted False 
[2022-11-01 23:53:32,298] [models.py:98] [models:check_stock] [INFO]- check stock asn_status 2, stock status -1, sorted False 
[2022-11-01 23:53:32,351] [models.py:98] [models:check_stock] [INFO]- check stock asn_status 2, stock status -1, sorted False 
[2022-11-01 23:53:32,403] [models.py:98] [models:check_stock] [INFO]- check stock asn_status 2, stock status -1, sorted False 
[2022-11-01 23:53:33,357] [models.py:98] [models:check_stock] [INFO]- check stock asn_status 3, stock status 1, sorted False 
[2022-11-01 23:53:33,468] [models.py:98] [models:check_stock] [INFO]- check stock asn_status 3, stock status 1, sorted False 
[2022-11-01 23:53:33,583] [models.py:98] [models:check_stock] [INFO]- check stock asn_status 3, stock status 1, sorted False 
[2022-11-01 23:53:33,797] [models.py:98] [models:check_stock] [INFO]- check stock asn_status 3, stock status 1, sorted False 
[2022-11-01 23:53:33,908] [models.py:98] [models:check_stock] [INFO]- check stock asn_status 3, stock status 1, sorted False 
[2022-11-01 23:53:34,017] [models.py:98] [models:check_stock] [INFO]- check stock asn_status 3, stock status 1, sorted False 
[2022-11-01 23:53:34,126] [models.py:98] [models:check_stock] [INFO]- check stock asn_status 3, stock status 1, sorted False 
[2022-11-01 23:53:34,342] [models.py:98] [models:check_stock] [INFO]- check stock asn_status 3, stock status 1, sorted False 
[2022-11-01 23:53:34,454] [models.py:98] [models:check_stock] [INFO]- check stock asn_status 3, stock status 1, sorted False 
[2022-11-01 23:53:34,566] [models.py:98] [models:check_stock] [INFO]- check stock asn_status 3, stock status 1, sorted False 
[2022-11-01 23:57:43,395] [models.py:98] [models:check_stock] [INFO]- check stock asn_status 2, stock status -1, sorted False 
[2022-11-01 23:57:46,293] [models.py:98] [models:check_stock] [INFO]- check stock asn_status 2, stock status -1, sorted False 
[2022-11-01 23:57:46,347] [models.py:98] [models:check_stock] [INFO]- check stock asn_status 2, stock status -1, sorted False 
[2022-11-01 23:57:46,402] [models.py:98] [models:check_stock] [INFO]- check stock asn_status 2, stock status -1, sorted False 
[2022-11-01 23:57:46,459] [models.py:98] [models:check_stock] [INFO]- check stock asn_status 2, stock status -1, sorted False 
[2022-11-01 23:57:46,625] [models.py:98] [models:check_stock] [INFO]- check stock asn_status 2, stock status -1, sorted False 
[2022-11-01 23:57:46,680] [models.py:98] [models:check_stock] [INFO]- check stock asn_status 2, stock status -1, sorted False 
[2022-11-01 23:57:46,734] [models.py:98] [models:check_stock] [INFO]- check stock asn_status 2, stock status -1, sorted False 
[2022-11-01 23:57:46,792] [models.py:98] [models:check_stock] [INFO]- check stock asn_status 2, stock status -1, sorted False 
[2022-11-01 23:57:46,850] [models.py:98] [models:check_stock] [INFO]- check stock asn_status 2, stock status -1, sorted False 
[2022-11-01 23:57:47,657] [models.py:98] [models:check_stock] [INFO]- check stock asn_status 3, stock status 1, sorted False 
[2022-11-01 23:57:47,780] [models.py:98] [models:check_stock] [INFO]- check stock asn_status 3, stock status 1, sorted False 
[2022-11-01 23:57:47,892] [models.py:98] [models:check_stock] [INFO]- check stock asn_status 3, stock status 1, sorted False 
[2022-11-01 23:57:48,004] [models.py:98] [models:check_stock] [INFO]- check stock asn_status 3, stock status 1, sorted False 
[2022-11-01 23:57:48,115] [models.py:98] [models:check_stock] [INFO]- check stock asn_status 3, stock status 1, sorted False 
[2022-11-01 23:57:48,224] [models.py:98] [models:check_stock] [INFO]- check stock asn_status 3, stock status 1, sorted False 
[2022-11-01 23:57:48,333] [models.py:98] [models:check_stock] [INFO]- check stock asn_status 3, stock status 1, sorted False 
[2022-11-01 23:57:48,440] [models.py:98] [models:check_stock] [INFO]- check stock asn_status 3, stock status 1, sorted False 
[2022-11-01 23:57:48,552] [models.py:98] [models:check_stock] [INFO]- check stock asn_status 3, stock status 1, sorted False 
[2022-11-01 23:57:48,765] [models.py:98] [models:check_stock] [INFO]- check stock asn_status 3, stock status 1, sorted False 
