[2022-11-02 00:02:40,649] [models.py:98] [models:check_stock] [INFO]- check stock asn_status 2, stock status -1, sorted False 
[2022-11-02 00:02:43,524] [models.py:98] [models:check_stock] [INFO]- check stock asn_status 2, stock status -1, sorted False 
[2022-11-02 00:02:43,576] [models.py:98] [models:check_stock] [INFO]- check stock asn_status 2, stock status -1, sorted False 
[2022-11-02 00:02:43,631] [models.py:98] [models:check_stock] [INFO]- check stock asn_status 2, stock status -1, sorted False 
[2022-11-02 00:02:43,685] [models.py:98] [models:check_stock] [INFO]- check stock asn_status 2, stock status -1, sorted False 
[2022-11-02 00:02:43,739] [models.py:98] [models:check_stock] [INFO]- check stock asn_status 2, stock status -1, sorted False 
[2022-11-02 00:02:43,795] [models.py:98] [models:check_stock] [INFO]- check stock asn_status 2, stock status -1, sorted False 
[2022-11-02 00:02:43,850] [models.py:98] [models:check_stock] [INFO]- check stock asn_status 2, stock status -1, sorted False 
[2022-11-02 00:02:43,905] [models.py:98] [models:check_stock] [INFO]- check stock asn_status 2, stock status -1, sorted False 
[2022-11-02 00:02:43,958] [models.py:98] [models:check_stock] [INFO]- check stock asn_status 2, stock status -1, sorted False 
[2022-11-02 00:02:44,657] [models.py:98] [models:check_stock] [INFO]- check stock asn_status 3, stock status 1, sorted False 
[2022-11-02 00:02:44,891] [models.py:98] [models:check_stock] [INFO]- check stock asn_status 3, stock status 1, sorted False 
[2022-11-02 00:02:45,002] [models.py:98] [models:check_stock] [INFO]- check stock asn_status 3, stock status 1, sorted False 
[2022-11-02 00:02:45,112] [models.py:98] [models:check_stock] [INFO]- check stock asn_status 3, stock status 1, sorted False 
[2022-11-02 00:02:45,223] [models.py:98] [models:check_stock] [INFO]- check stock asn_status 3, stock status 1, sorted False 
[2022-11-02 00:02:45,340] [models.py:98] [models:check_stock] [INFO]- check stock asn_status 3, stock status 1, sorted False 
[2022-11-02 00:02:45,554] [models.py:98] [models:check_stock] [INFO]- check stock asn_status 3, stock status 1, sorted False 
[2022-11-02 00:02:45,663] [models.py:98] [models:check_stock] [INFO]- check stock asn_status 3, stock status 1, sorted False 
[2022-11-02 00:02:45,771] [models.py:98] [models:check_stock] [INFO]- check stock asn_status 3, stock status 1, sorted False 
[2022-11-02 00:02:45,884] [models.py:98] [models:check_stock] [INFO]- check stock asn_status 3, stock status 1, sorted False 
[2022-11-02 15:56:21,524] [autoreload.py:677] [autoreload:run_with_reloader] [INFO]- Watching for file changes with StatReloader
[2022-11-02 15:56:21,524] [autoreload.py:677] [autoreload:run_with_reloader] [INFO]- Watching for file changes with StatReloader
[2022-11-02 16:02:32,020] [autoreload.py:266] [autoreload:trigger_reload] [INFO]- D:\src\smarterwms\supplier\utils\auth.py changed, reloading.
[2022-11-02 16:02:32,020] [autoreload.py:266] [autoreload:trigger_reload] [INFO]- D:\src\smarterwms\supplier\utils\auth.py changed, reloading.
[2022-11-02 16:02:34,305] [autoreload.py:677] [autoreload:run_with_reloader] [INFO]- Watching for file changes with StatReloader
[2022-11-02 16:02:34,305] [autoreload.py:677] [autoreload:run_with_reloader] [INFO]- Watching for file changes with StatReloader
[2022-11-02 16:10:49,484] [autoreload.py:266] [autoreload:trigger_reload] [INFO]- D:\src\smarterwms\supplier\asn\views.py changed, reloading.
[2022-11-02 16:10:49,484] [autoreload.py:266] [autoreload:trigger_reload] [INFO]- D:\src\smarterwms\supplier\asn\views.py changed, reloading.
[2022-11-02 16:10:51,196] [autoreload.py:677] [autoreload:run_with_reloader] [INFO]- Watching for file changes with StatReloader
[2022-11-02 16:10:51,196] [autoreload.py:677] [autoreload:run_with_reloader] [INFO]- Watching for file changes with StatReloader
[2022-11-02 16:18:13,645] [autoreload.py:266] [autoreload:trigger_reload] [INFO]- D:\src\smarterwms\supplier\supplier\views.py changed, reloading.
[2022-11-02 16:18:13,645] [autoreload.py:266] [autoreload:trigger_reload] [INFO]- D:\src\smarterwms\supplier\supplier\views.py changed, reloading.
[2022-11-02 16:18:15,322] [autoreload.py:677] [autoreload:run_with_reloader] [INFO]- Watching for file changes with StatReloader
[2022-11-02 16:18:15,322] [autoreload.py:677] [autoreload:run_with_reloader] [INFO]- Watching for file changes with StatReloader
[2022-11-02 16:18:34,779] [autoreload.py:266] [autoreload:trigger_reload] [INFO]- D:\src\smarterwms\supplier\supplier\views.py changed, reloading.
[2022-11-02 16:18:34,779] [autoreload.py:266] [autoreload:trigger_reload] [INFO]- D:\src\smarterwms\supplier\supplier\views.py changed, reloading.
[2022-11-02 16:18:36,578] [autoreload.py:677] [autoreload:run_with_reloader] [INFO]- Watching for file changes with StatReloader
[2022-11-02 16:18:36,578] [autoreload.py:677] [autoreload:run_with_reloader] [INFO]- Watching for file changes with StatReloader
[2022-11-02 16:18:39,540] [log.py:241] [log:log_response] [ERROR]- Internal Server Error: /asn/list/
Traceback (most recent call last):
  File "C:\Users\heqix\anaconda3\envs\GreateWMS\lib\site-packages\django\core\handlers\exception.py", line 55, in inner
    response = get_response(request)
  File "C:\Users\heqix\anaconda3\envs\GreateWMS\lib\site-packages\django\core\handlers\base.py", line 197, in _get_response
    response = wrapped_callback(request, *callback_args, **callback_kwargs)
  File "C:\Users\heqix\anaconda3\envs\GreateWMS\lib\site-packages\django\views\decorators\csrf.py", line 54, in wrapped_view
    return view_func(*args, **kwargs)
  File "C:\Users\heqix\anaconda3\envs\GreateWMS\lib\site-packages\rest_framework\viewsets.py", line 125, in view
    return self.dispatch(request, *args, **kwargs)
  File "C:\Users\heqix\anaconda3\envs\GreateWMS\lib\site-packages\rest_framework\views.py", line 509, in dispatch
    response = self.handle_exception(exc)
  File "C:\Users\heqix\anaconda3\envs\GreateWMS\lib\site-packages\rest_framework\views.py", line 469, in handle_exception
    self.raise_uncaught_exception(exc)
  File "C:\Users\heqix\anaconda3\envs\GreateWMS\lib\site-packages\rest_framework\views.py", line 480, in raise_uncaught_exception
    raise exc
  File "C:\Users\heqix\anaconda3\envs\GreateWMS\lib\site-packages\rest_framework\views.py", line 497, in dispatch
    self.initial(request, *args, **kwargs)
  File "C:\Users\heqix\anaconda3\envs\GreateWMS\lib\site-packages\rest_framework\views.py", line 416, in initial
    self.check_throttles(request)
  File "C:\Users\heqix\anaconda3\envs\GreateWMS\lib\site-packages\rest_framework\views.py", line 359, in check_throttles
    if not throttle.allow_request(request, self):
  File "D:\src\smarterwms\supplier\utils\throttle.py", line 17, in allow_request
    openid = request.auth.openid
AttributeError: 'NoneType' object has no attribute 'openid'
[2022-11-02 16:18:39,540] [log.py:241] [log:log_response] [ERROR]- Internal Server Error: /asn/list/
Traceback (most recent call last):
  File "C:\Users\heqix\anaconda3\envs\GreateWMS\lib\site-packages\django\core\handlers\exception.py", line 55, in inner
    response = get_response(request)
  File "C:\Users\heqix\anaconda3\envs\GreateWMS\lib\site-packages\django\core\handlers\base.py", line 197, in _get_response
    response = wrapped_callback(request, *callback_args, **callback_kwargs)
  File "C:\Users\heqix\anaconda3\envs\GreateWMS\lib\site-packages\django\views\decorators\csrf.py", line 54, in wrapped_view
    return view_func(*args, **kwargs)
  File "C:\Users\heqix\anaconda3\envs\GreateWMS\lib\site-packages\rest_framework\viewsets.py", line 125, in view
    return self.dispatch(request, *args, **kwargs)
  File "C:\Users\heqix\anaconda3\envs\GreateWMS\lib\site-packages\rest_framework\views.py", line 509, in dispatch
    response = self.handle_exception(exc)
  File "C:\Users\heqix\anaconda3\envs\GreateWMS\lib\site-packages\rest_framework\views.py", line 469, in handle_exception
    self.raise_uncaught_exception(exc)
  File "C:\Users\heqix\anaconda3\envs\GreateWMS\lib\site-packages\rest_framework\views.py", line 480, in raise_uncaught_exception
    raise exc
  File "C:\Users\heqix\anaconda3\envs\GreateWMS\lib\site-packages\rest_framework\views.py", line 497, in dispatch
    self.initial(request, *args, **kwargs)
  File "C:\Users\heqix\anaconda3\envs\GreateWMS\lib\site-packages\rest_framework\views.py", line 416, in initial
    self.check_throttles(request)
  File "C:\Users\heqix\anaconda3\envs\GreateWMS\lib\site-packages\rest_framework\views.py", line 359, in check_throttles
    if not throttle.allow_request(request, self):
  File "D:\src\smarterwms\supplier\utils\throttle.py", line 17, in allow_request
    openid = request.auth.openid
AttributeError: 'NoneType' object has no attribute 'openid'
[2022-11-02 16:18:39,574] [basehttp.py:187] [basehttp:log_message] [ERROR]- "GET /asn/list/?asn_details=1&asn_supplier=details&asn_order=1&asn_details_purchase=1&asn_details_goods=1&goods_stocks=aggregation&purchases=true&supplier=true&asn_status=0 HTTP/1.1" 500 115353
[2022-11-02 16:18:39,574] [basehttp.py:187] [basehttp:log_message] [ERROR]- "GET /asn/list/?asn_details=1&asn_supplier=details&asn_order=1&asn_details_purchase=1&asn_details_goods=1&goods_stocks=aggregation&purchases=true&supplier=true&asn_status=0 HTTP/1.1" 500 115353
[2022-11-02 16:22:22,640] [autoreload.py:266] [autoreload:trigger_reload] [INFO]- D:\src\smarterwms\supplier\utils\throttle.py changed, reloading.
[2022-11-02 16:22:22,640] [autoreload.py:266] [autoreload:trigger_reload] [INFO]- D:\src\smarterwms\supplier\utils\throttle.py changed, reloading.
[2022-11-02 16:22:24,377] [autoreload.py:677] [autoreload:run_with_reloader] [INFO]- Watching for file changes with StatReloader
[2022-11-02 16:22:24,377] [autoreload.py:677] [autoreload:run_with_reloader] [INFO]- Watching for file changes with StatReloader
[2022-11-02 16:22:27,892] [log.py:241] [log:log_response] [ERROR]- Internal Server Error: /asn/list/
Traceback (most recent call last):
  File "C:\Users\heqix\anaconda3\envs\GreateWMS\lib\site-packages\django\core\handlers\exception.py", line 55, in inner
    response = get_response(request)
  File "C:\Users\heqix\anaconda3\envs\GreateWMS\lib\site-packages\django\core\handlers\base.py", line 197, in _get_response
    response = wrapped_callback(request, *callback_args, **callback_kwargs)
  File "C:\Users\heqix\anaconda3\envs\GreateWMS\lib\site-packages\django\views\decorators\csrf.py", line 54, in wrapped_view
    return view_func(*args, **kwargs)
  File "C:\Users\heqix\anaconda3\envs\GreateWMS\lib\site-packages\rest_framework\viewsets.py", line 125, in view
    return self.dispatch(request, *args, **kwargs)
  File "C:\Users\heqix\anaconda3\envs\GreateWMS\lib\site-packages\rest_framework\views.py", line 509, in dispatch
    response = self.handle_exception(exc)
  File "C:\Users\heqix\anaconda3\envs\GreateWMS\lib\site-packages\rest_framework\views.py", line 469, in handle_exception
    self.raise_uncaught_exception(exc)
  File "C:\Users\heqix\anaconda3\envs\GreateWMS\lib\site-packages\rest_framework\views.py", line 480, in raise_uncaught_exception
    raise exc
  File "C:\Users\heqix\anaconda3\envs\GreateWMS\lib\site-packages\rest_framework\views.py", line 506, in dispatch
    response = handler(request, *args, **kwargs)
  File "D:\src\smarterwms\supplier\base\profiler.py", line 48, in _inner
    ret = prof.runcall(func, *args, **kwargs)
  File "C:\Users\heqix\anaconda3\envs\GreateWMS\lib\cProfile.py", line 109, in runcall
    return func(*args, **kw)
  File "D:\src\smarterwms\supplier\asn\views.py", line 82, in list
    response = self.get_paginated_response(serializer.data)
  File "C:\Users\heqix\anaconda3\envs\GreateWMS\lib\site-packages\rest_framework\generics.py", line 178, in get_paginated_response
    return self.paginator.get_paginated_response(data)
  File "D:\src\smarterwms\supplier\asn\page.py", line 53, in get_paginated_response
    supplier_list_data = supplier.objects.filter(openid=self.request.auth.openid, is_delete=False)
AttributeError: 'NoneType' object has no attribute 'openid'
[2022-11-02 16:22:27,892] [log.py:241] [log:log_response] [ERROR]- Internal Server Error: /asn/list/
Traceback (most recent call last):
  File "C:\Users\heqix\anaconda3\envs\GreateWMS\lib\site-packages\django\core\handlers\exception.py", line 55, in inner
    response = get_response(request)
  File "C:\Users\heqix\anaconda3\envs\GreateWMS\lib\site-packages\django\core\handlers\base.py", line 197, in _get_response
    response = wrapped_callback(request, *callback_args, **callback_kwargs)
  File "C:\Users\heqix\anaconda3\envs\GreateWMS\lib\site-packages\django\views\decorators\csrf.py", line 54, in wrapped_view
    return view_func(*args, **kwargs)
  File "C:\Users\heqix\anaconda3\envs\GreateWMS\lib\site-packages\rest_framework\viewsets.py", line 125, in view
    return self.dispatch(request, *args, **kwargs)
  File "C:\Users\heqix\anaconda3\envs\GreateWMS\lib\site-packages\rest_framework\views.py", line 509, in dispatch
    response = self.handle_exception(exc)
  File "C:\Users\heqix\anaconda3\envs\GreateWMS\lib\site-packages\rest_framework\views.py", line 469, in handle_exception
    self.raise_uncaught_exception(exc)
  File "C:\Users\heqix\anaconda3\envs\GreateWMS\lib\site-packages\rest_framework\views.py", line 480, in raise_uncaught_exception
    raise exc
  File "C:\Users\heqix\anaconda3\envs\GreateWMS\lib\site-packages\rest_framework\views.py", line 506, in dispatch
    response = handler(request, *args, **kwargs)
  File "D:\src\smarterwms\supplier\base\profiler.py", line 48, in _inner
    ret = prof.runcall(func, *args, **kwargs)
  File "C:\Users\heqix\anaconda3\envs\GreateWMS\lib\cProfile.py", line 109, in runcall
    return func(*args, **kw)
  File "D:\src\smarterwms\supplier\asn\views.py", line 82, in list
    response = self.get_paginated_response(serializer.data)
  File "C:\Users\heqix\anaconda3\envs\GreateWMS\lib\site-packages\rest_framework\generics.py", line 178, in get_paginated_response
    return self.paginator.get_paginated_response(data)
  File "D:\src\smarterwms\supplier\asn\page.py", line 53, in get_paginated_response
    supplier_list_data = supplier.objects.filter(openid=self.request.auth.openid, is_delete=False)
AttributeError: 'NoneType' object has no attribute 'openid'
[2022-11-02 16:22:27,926] [basehttp.py:187] [basehttp:log_message] [ERROR]- "GET /asn/list/?asn_details=1&asn_supplier=details&asn_order=1&asn_details_purchase=1&asn_details_goods=1&goods_stocks=aggregation&purchases=true&supplier=true&asn_status=1 HTTP/1.1" 500 124139
[2022-11-02 16:22:27,926] [basehttp.py:187] [basehttp:log_message] [ERROR]- "GET /asn/list/?asn_details=1&asn_supplier=details&asn_order=1&asn_details_purchase=1&asn_details_goods=1&goods_stocks=aggregation&purchases=true&supplier=true&asn_status=1 HTTP/1.1" 500 124139
[2022-11-02 16:22:29,280] [log.py:241] [log:log_response] [ERROR]- Internal Server Error: /asn/list/
Traceback (most recent call last):
  File "C:\Users\heqix\anaconda3\envs\GreateWMS\lib\site-packages\django\core\handlers\exception.py", line 55, in inner
    response = get_response(request)
  File "C:\Users\heqix\anaconda3\envs\GreateWMS\lib\site-packages\django\core\handlers\base.py", line 197, in _get_response
    response = wrapped_callback(request, *callback_args, **callback_kwargs)
  File "C:\Users\heqix\anaconda3\envs\GreateWMS\lib\site-packages\django\views\decorators\csrf.py", line 54, in wrapped_view
    return view_func(*args, **kwargs)
  File "C:\Users\heqix\anaconda3\envs\GreateWMS\lib\site-packages\rest_framework\viewsets.py", line 125, in view
    return self.dispatch(request, *args, **kwargs)
  File "C:\Users\heqix\anaconda3\envs\GreateWMS\lib\site-packages\rest_framework\views.py", line 509, in dispatch
    response = self.handle_exception(exc)
  File "C:\Users\heqix\anaconda3\envs\GreateWMS\lib\site-packages\rest_framework\views.py", line 469, in handle_exception
    self.raise_uncaught_exception(exc)
  File "C:\Users\heqix\anaconda3\envs\GreateWMS\lib\site-packages\rest_framework\views.py", line 480, in raise_uncaught_exception
    raise exc
  File "C:\Users\heqix\anaconda3\envs\GreateWMS\lib\site-packages\rest_framework\views.py", line 506, in dispatch
    response = handler(request, *args, **kwargs)
  File "D:\src\smarterwms\supplier\base\profiler.py", line 48, in _inner
    ret = prof.runcall(func, *args, **kwargs)
  File "C:\Users\heqix\anaconda3\envs\GreateWMS\lib\cProfile.py", line 109, in runcall
    return func(*args, **kw)
  File "D:\src\smarterwms\supplier\asn\views.py", line 82, in list
    response = self.get_paginated_response(serializer.data)
  File "C:\Users\heqix\anaconda3\envs\GreateWMS\lib\site-packages\rest_framework\generics.py", line 178, in get_paginated_response
    return self.paginator.get_paginated_response(data)
  File "D:\src\smarterwms\supplier\asn\page.py", line 53, in get_paginated_response
    supplier_list_data = supplier.objects.filter(openid=self.request.auth.openid, is_delete=False)
AttributeError: 'NoneType' object has no attribute 'openid'
[2022-11-02 16:22:29,280] [log.py:241] [log:log_response] [ERROR]- Internal Server Error: /asn/list/
Traceback (most recent call last):
  File "C:\Users\heqix\anaconda3\envs\GreateWMS\lib\site-packages\django\core\handlers\exception.py", line 55, in inner
    response = get_response(request)
  File "C:\Users\heqix\anaconda3\envs\GreateWMS\lib\site-packages\django\core\handlers\base.py", line 197, in _get_response
    response = wrapped_callback(request, *callback_args, **callback_kwargs)
  File "C:\Users\heqix\anaconda3\envs\GreateWMS\lib\site-packages\django\views\decorators\csrf.py", line 54, in wrapped_view
    return view_func(*args, **kwargs)
  File "C:\Users\heqix\anaconda3\envs\GreateWMS\lib\site-packages\rest_framework\viewsets.py", line 125, in view
    return self.dispatch(request, *args, **kwargs)
  File "C:\Users\heqix\anaconda3\envs\GreateWMS\lib\site-packages\rest_framework\views.py", line 509, in dispatch
    response = self.handle_exception(exc)
  File "C:\Users\heqix\anaconda3\envs\GreateWMS\lib\site-packages\rest_framework\views.py", line 469, in handle_exception
    self.raise_uncaught_exception(exc)
  File "C:\Users\heqix\anaconda3\envs\GreateWMS\lib\site-packages\rest_framework\views.py", line 480, in raise_uncaught_exception
    raise exc
  File "C:\Users\heqix\anaconda3\envs\GreateWMS\lib\site-packages\rest_framework\views.py", line 506, in dispatch
    response = handler(request, *args, **kwargs)
  File "D:\src\smarterwms\supplier\base\profiler.py", line 48, in _inner
    ret = prof.runcall(func, *args, **kwargs)
  File "C:\Users\heqix\anaconda3\envs\GreateWMS\lib\cProfile.py", line 109, in runcall
    return func(*args, **kw)
  File "D:\src\smarterwms\supplier\asn\views.py", line 82, in list
    response = self.get_paginated_response(serializer.data)
  File "C:\Users\heqix\anaconda3\envs\GreateWMS\lib\site-packages\rest_framework\generics.py", line 178, in get_paginated_response
    return self.paginator.get_paginated_response(data)
  File "D:\src\smarterwms\supplier\asn\page.py", line 53, in get_paginated_response
    supplier_list_data = supplier.objects.filter(openid=self.request.auth.openid, is_delete=False)
AttributeError: 'NoneType' object has no attribute 'openid'
[2022-11-02 16:22:29,312] [basehttp.py:187] [basehttp:log_message] [ERROR]- "GET /asn/list/?asn_details=1&asn_supplier=details&asn_order=1&asn_details_purchase=1&asn_details_goods=1&goods_stocks=aggregation&purchases=true&supplier=true&asn_status=0 HTTP/1.1" 500 124139
[2022-11-02 16:22:29,312] [basehttp.py:187] [basehttp:log_message] [ERROR]- "GET /asn/list/?asn_details=1&asn_supplier=details&asn_order=1&asn_details_purchase=1&asn_details_goods=1&goods_stocks=aggregation&purchases=true&supplier=true&asn_status=0 HTTP/1.1" 500 124139
[2022-11-02 16:23:33,596] [autoreload.py:266] [autoreload:trigger_reload] [INFO]- D:\src\smarterwms\supplier\asn\page.py changed, reloading.
[2022-11-02 16:23:33,596] [autoreload.py:266] [autoreload:trigger_reload] [INFO]- D:\src\smarterwms\supplier\asn\page.py changed, reloading.
[2022-11-02 16:23:35,267] [autoreload.py:677] [autoreload:run_with_reloader] [INFO]- Watching for file changes with StatReloader
[2022-11-02 16:23:35,267] [autoreload.py:677] [autoreload:run_with_reloader] [INFO]- Watching for file changes with StatReloader
[2022-11-02 16:23:39,319] [basehttp.py:187] [basehttp:log_message] [INFO]- "GET /asn/list/?asn_details=1&asn_supplier=details&asn_order=1&asn_details_purchase=1&asn_details_goods=1&goods_stocks=aggregation&purchases=true&supplier=true&asn_status=1 HTTP/1.1" 200 71
[2022-11-02 16:23:39,319] [basehttp.py:187] [basehttp:log_message] [INFO]- "GET /asn/list/?asn_details=1&asn_supplier=details&asn_order=1&asn_details_purchase=1&asn_details_goods=1&goods_stocks=aggregation&purchases=true&supplier=true&asn_status=1 HTTP/1.1" 200 71
[2022-11-02 16:23:40,599] [basehttp.py:187] [basehttp:log_message] [INFO]- "GET /asn/list/?asn_details=1&asn_supplier=details&asn_order=1&asn_details_purchase=1&asn_details_goods=1&goods_stocks=aggregation&purchases=true&supplier=true&asn_status=0 HTTP/1.1" 200 71
[2022-11-02 16:23:40,599] [basehttp.py:187] [basehttp:log_message] [INFO]- "GET /asn/list/?asn_details=1&asn_supplier=details&asn_order=1&asn_details_purchase=1&asn_details_goods=1&goods_stocks=aggregation&purchases=true&supplier=true&asn_status=0 HTTP/1.1" 200 71
[2022-11-02 16:23:41,771] [basehttp.py:187] [basehttp:log_message] [INFO]- "GET /asn/list/?asn_details=1&asn_supplier=details&asn_order=1&asn_details_purchase=1&asn_details_goods=1&goods_stocks=aggregation&purchases=true&supplier=true&asn_status=1 HTTP/1.1" 200 71
[2022-11-02 16:23:41,771] [basehttp.py:187] [basehttp:log_message] [INFO]- "GET /asn/list/?asn_details=1&asn_supplier=details&asn_order=1&asn_details_purchase=1&asn_details_goods=1&goods_stocks=aggregation&purchases=true&supplier=true&asn_status=1 HTTP/1.1" 200 71
[2022-11-02 16:23:42,182] [basehttp.py:187] [basehttp:log_message] [INFO]- "GET /asn/list/?asn_details=1&asn_supplier=details&asn_order=1&asn_details_purchase=1&asn_details_goods=1&goods_stocks=aggregation&purchases=true&supplier=true&asn_status=2 HTTP/1.1" 200 71
[2022-11-02 16:23:42,182] [basehttp.py:187] [basehttp:log_message] [INFO]- "GET /asn/list/?asn_details=1&asn_supplier=details&asn_order=1&asn_details_purchase=1&asn_details_goods=1&goods_stocks=aggregation&purchases=true&supplier=true&asn_status=2 HTTP/1.1" 200 71
[2022-11-02 16:23:43,099] [basehttp.py:187] [basehttp:log_message] [INFO]- "GET /supplier/?supplier_purchases=details HTTP/1.1" 200 52
[2022-11-02 16:23:43,099] [basehttp.py:187] [basehttp:log_message] [INFO]- "GET /supplier/?supplier_purchases=details HTTP/1.1" 200 52
[2022-11-02 16:23:57,335] [basehttp.py:187] [basehttp:log_message] [INFO]- "POST /supplier/ HTTP/1.1" 200 287
[2022-11-02 16:23:57,335] [basehttp.py:187] [basehttp:log_message] [INFO]- "POST /supplier/ HTTP/1.1" 200 287
[2022-11-02 16:24:00,756] [basehttp.py:187] [basehttp:log_message] [INFO]- "POST /supplier/purchase/ HTTP/1.1" 200 121
[2022-11-02 16:24:00,756] [basehttp.py:187] [basehttp:log_message] [INFO]- "POST /supplier/purchase/ HTTP/1.1" 200 121
[2022-11-02 16:24:03,447] [basehttp.py:187] [basehttp:log_message] [INFO]- "GET /supplier/?supplier_purchases=details HTTP/1.1" 200 426
[2022-11-02 16:24:03,447] [basehttp.py:187] [basehttp:log_message] [INFO]- "GET /supplier/?supplier_purchases=details HTTP/1.1" 200 426
[2022-11-02 16:30:51,930] [autoreload.py:677] [autoreload:run_with_reloader] [INFO]- Watching for file changes with StatReloader
[2022-11-02 16:30:51,930] [autoreload.py:677] [autoreload:run_with_reloader] [INFO]- Watching for file changes with StatReloader
[2022-11-02 16:32:46,725] [autoreload.py:677] [autoreload:run_with_reloader] [INFO]- Watching for file changes with StatReloader
[2022-11-02 16:32:46,725] [autoreload.py:677] [autoreload:run_with_reloader] [INFO]- Watching for file changes with StatReloader
[2022-11-02 17:29:18,136] [basehttp.py:187] [basehttp:log_message] [INFO]- "GET /asn/list/?asn_details=1&asn_supplier=details&asn_order=1&asn_details_purchase=1&asn_details_goods=1&goods_stocks=aggregation&purchases=true&supplier=true&asn_status=0 HTTP/1.1" 200 77
[2022-11-02 17:29:18,136] [basehttp.py:187] [basehttp:log_message] [INFO]- "GET /asn/list/?asn_details=1&asn_supplier=details&asn_order=1&asn_details_purchase=1&asn_details_goods=1&goods_stocks=aggregation&purchases=true&supplier=true&asn_status=0 HTTP/1.1" 200 77
[2022-11-02 21:25:28,503] [autoreload.py:677] [autoreload:run_with_reloader] [INFO]- Watching for file changes with StatReloader
[2022-11-02 21:25:28,503] [autoreload.py:677] [autoreload:run_with_reloader] [INFO]- Watching for file changes with StatReloader
[2022-11-03 09:57:17,325] [basehttp.py:187] [basehttp:log_message] [INFO]- "GET /asn/list/?asn_details=1&asn_supplier=details&asn_order=1&asn_details_purchase=1&asn_details_goods=1&goods_stocks=aggregation&purchases=true&supplier=true&asn_status=0 HTTP/1.1" 200 77
[2022-11-03 09:57:17,325] [basehttp.py:187] [basehttp:log_message] [INFO]- "GET /asn/list/?asn_details=1&asn_supplier=details&asn_order=1&asn_details_purchase=1&asn_details_goods=1&goods_stocks=aggregation&purchases=true&supplier=true&asn_status=0 HTTP/1.1" 200 77
[2022-11-03 09:57:27,791] [basehttp.py:187] [basehttp:log_message] [INFO]- "GET /asn/list/?asn_details=1&asn_supplier=details&asn_order=1&asn_details_purchase=1&asn_details_goods=1&goods_stocks=aggregation&purchases=true&supplier=true&asn_status=0 HTTP/1.1" 200 77
[2022-11-03 09:57:27,791] [basehttp.py:187] [basehttp:log_message] [INFO]- "GET /asn/list/?asn_details=1&asn_supplier=details&asn_order=1&asn_details_purchase=1&asn_details_goods=1&goods_stocks=aggregation&purchases=true&supplier=true&asn_status=0 HTTP/1.1" 200 77
[2022-11-03 09:57:31,084] [basehttp.py:187] [basehttp:log_message] [INFO]- "GET /asn/list/?asn_details=1&asn_supplier=details&asn_order=1&asn_details_purchase=1&asn_details_goods=1&goods_stocks=aggregation&purchases=true&supplier=true&asn_status=0 HTTP/1.1" 200 77
[2022-11-03 09:57:31,084] [basehttp.py:187] [basehttp:log_message] [INFO]- "GET /asn/list/?asn_details=1&asn_supplier=details&asn_order=1&asn_details_purchase=1&asn_details_goods=1&goods_stocks=aggregation&purchases=true&supplier=true&asn_status=0 HTTP/1.1" 200 77
