[2022-11-07 11:28:34,207] [base.py:444] [base:add_job] [INFO]- Adding job tentatively -- it will be properly scheduled when the scheduler starts
[2022-11-07 11:28:34,420] [base.py:444] [base:add_job] [INFO]- Adding job tentatively -- it will be properly scheduled when the scheduler starts
[2022-11-07 11:28:34,420] [base.py:444] [base:add_job] [INFO]- Adding job tentatively -- it will be properly scheduled when the scheduler starts
[2022-11-07 11:28:34,995] [autoreload.py:677] [autoreload:run_with_reloader] [INFO]- Watching for file changes with StatReloader
[2022-11-07 11:28:34,995] [autoreload.py:677] [autoreload:run_with_reloader] [INFO]- Watching for file changes with StatReloader
[2022-11-07 11:32:20,850] [autoreload.py:266] [autoreload:trigger_reload] [INFO]- D:\src\smarterwms\shopee\publish\urls.py changed, reloading.
[2022-11-07 11:32:20,850] [autoreload.py:266] [autoreload:trigger_reload] [INFO]- D:\src\smarterwms\shopee\publish\urls.py changed, reloading.
[2022-11-07 11:32:22,997] [base.py:444] [base:add_job] [INFO]- Adding job tentatively -- it will be properly scheduled when the scheduler starts
[2022-11-07 11:32:23,268] [base.py:444] [base:add_job] [INFO]- Adding job tentatively -- it will be properly scheduled when the scheduler starts
[2022-11-07 11:32:23,269] [base.py:444] [base:add_job] [INFO]- Adding job tentatively -- it will be properly scheduled when the scheduler starts
[2022-11-07 11:32:23,912] [autoreload.py:677] [autoreload:run_with_reloader] [INFO]- Watching for file changes with StatReloader
[2022-11-07 11:32:23,912] [autoreload.py:677] [autoreload:run_with_reloader] [INFO]- Watching for file changes with StatReloader
[2022-11-07 11:49:04,282] [autoreload.py:266] [autoreload:trigger_reload] [INFO]- D:\src\smarterwms\shopee\publish\views.py changed, reloading.
[2022-11-07 11:49:04,282] [autoreload.py:266] [autoreload:trigger_reload] [INFO]- D:\src\smarterwms\shopee\publish\views.py changed, reloading.
[2022-11-07 11:49:06,006] [base.py:444] [base:add_job] [INFO]- Adding job tentatively -- it will be properly scheduled when the scheduler starts
[2022-11-07 11:49:06,215] [base.py:444] [base:add_job] [INFO]- Adding job tentatively -- it will be properly scheduled when the scheduler starts
[2022-11-07 11:49:06,216] [base.py:444] [base:add_job] [INFO]- Adding job tentatively -- it will be properly scheduled when the scheduler starts
[2022-11-07 11:49:06,872] [autoreload.py:677] [autoreload:run_with_reloader] [INFO]- Watching for file changes with StatReloader
[2022-11-07 11:49:06,872] [autoreload.py:677] [autoreload:run_with_reloader] [INFO]- Watching for file changes with StatReloader
[2022-11-07 11:50:01,735] [autoreload.py:266] [autoreload:trigger_reload] [INFO]- D:\src\smarterwms\shopee\publish\urls.py changed, reloading.
[2022-11-07 11:50:01,735] [autoreload.py:266] [autoreload:trigger_reload] [INFO]- D:\src\smarterwms\shopee\publish\urls.py changed, reloading.
[2022-11-07 11:50:03,502] [base.py:444] [base:add_job] [INFO]- Adding job tentatively -- it will be properly scheduled when the scheduler starts
[2022-11-07 11:50:03,711] [base.py:444] [base:add_job] [INFO]- Adding job tentatively -- it will be properly scheduled when the scheduler starts
[2022-11-07 11:50:03,711] [base.py:444] [base:add_job] [INFO]- Adding job tentatively -- it will be properly scheduled when the scheduler starts
[2022-11-07 11:50:04,364] [autoreload.py:677] [autoreload:run_with_reloader] [INFO]- Watching for file changes with StatReloader
[2022-11-07 11:50:04,364] [autoreload.py:677] [autoreload:run_with_reloader] [INFO]- Watching for file changes with StatReloader
[2022-11-07 12:03:48,006] [basehttp.py:187] [basehttp:log_message] [INFO]- "GET /store/all/?type=1 HTTP/1.1" 200 282
[2022-11-07 12:03:48,006] [basehttp.py:187] [basehttp:log_message] [INFO]- "GET /store/all/?type=1 HTTP/1.1" 200 282
[2022-11-07 12:03:51,179] [basehttp.py:187] [basehttp:log_message] [INFO]- "POST /shopee/publish/claim HTTP/1.1" 200 56
[2022-11-07 12:03:51,179] [basehttp.py:187] [basehttp:log_message] [INFO]- "POST /shopee/publish/claim HTTP/1.1" 200 56
[2022-11-07 13:12:55,128] [basehttp.py:187] [basehttp:log_message] [INFO]- "GET /store/all/?type=1 HTTP/1.1" 200 282
[2022-11-07 13:12:55,128] [basehttp.py:187] [basehttp:log_message] [INFO]- "GET /store/all/?type=1 HTTP/1.1" 200 282
[2022-11-07 13:12:58,564] [basehttp.py:187] [basehttp:log_message] [INFO]- "POST /shopee/publish/claim HTTP/1.1" 200 56
[2022-11-07 13:12:58,564] [basehttp.py:187] [basehttp:log_message] [INFO]- "POST /shopee/publish/claim HTTP/1.1" 200 56
[2022-11-07 13:16:01,247] [autoreload.py:266] [autoreload:trigger_reload] [INFO]- D:\src\smarterwms\shopee\publish\views.py changed, reloading.
[2022-11-07 13:16:01,247] [autoreload.py:266] [autoreload:trigger_reload] [INFO]- D:\src\smarterwms\shopee\publish\views.py changed, reloading.
[2022-11-07 13:16:02,998] [base.py:444] [base:add_job] [INFO]- Adding job tentatively -- it will be properly scheduled when the scheduler starts
[2022-11-07 13:16:03,177] [base.py:444] [base:add_job] [INFO]- Adding job tentatively -- it will be properly scheduled when the scheduler starts
[2022-11-07 13:16:03,178] [base.py:444] [base:add_job] [INFO]- Adding job tentatively -- it will be properly scheduled when the scheduler starts
[2022-11-07 13:16:03,787] [autoreload.py:677] [autoreload:run_with_reloader] [INFO]- Watching for file changes with StatReloader
[2022-11-07 13:16:03,787] [autoreload.py:677] [autoreload:run_with_reloader] [INFO]- Watching for file changes with StatReloader
[2022-11-07 13:16:21,091] [basehttp.py:187] [basehttp:log_message] [INFO]- "POST /shopee/publish/claim HTTP/1.1" 200 56
[2022-11-07 13:16:21,091] [basehttp.py:187] [basehttp:log_message] [INFO]- "POST /shopee/publish/claim HTTP/1.1" 200 56
[2022-11-07 13:17:10,113] [autoreload.py:266] [autoreload:trigger_reload] [INFO]- D:\src\smarterwms\shopee\publish\views.py changed, reloading.
[2022-11-07 13:17:10,113] [autoreload.py:266] [autoreload:trigger_reload] [INFO]- D:\src\smarterwms\shopee\publish\views.py changed, reloading.
[2022-11-07 13:17:11,943] [base.py:444] [base:add_job] [INFO]- Adding job tentatively -- it will be properly scheduled when the scheduler starts
[2022-11-07 13:17:12,138] [base.py:444] [base:add_job] [INFO]- Adding job tentatively -- it will be properly scheduled when the scheduler starts
[2022-11-07 13:17:12,138] [base.py:444] [base:add_job] [INFO]- Adding job tentatively -- it will be properly scheduled when the scheduler starts
[2022-11-07 13:17:12,888] [autoreload.py:677] [autoreload:run_with_reloader] [INFO]- Watching for file changes with StatReloader
[2022-11-07 13:17:12,888] [autoreload.py:677] [autoreload:run_with_reloader] [INFO]- Watching for file changes with StatReloader
[2022-11-07 13:17:16,611] [basehttp.py:187] [basehttp:log_message] [INFO]- "POST /shopee/publish/claim HTTP/1.1" 200 56
[2022-11-07 13:17:16,611] [basehttp.py:187] [basehttp:log_message] [INFO]- "POST /shopee/publish/claim HTTP/1.1" 200 56
[2022-11-07 13:24:39,950] [basehttp.py:187] [basehttp:log_message] [INFO]- "POST /shopee/publish/claim HTTP/1.1" 200 56
[2022-11-07 13:24:39,950] [basehttp.py:187] [basehttp:log_message] [INFO]- "POST /shopee/publish/claim HTTP/1.1" 200 56
[2022-11-07 13:26:22,634] [autoreload.py:266] [autoreload:trigger_reload] [INFO]- D:\src\smarterwms\shopee\publish\views.py changed, reloading.
[2022-11-07 13:26:22,634] [autoreload.py:266] [autoreload:trigger_reload] [INFO]- D:\src\smarterwms\shopee\publish\views.py changed, reloading.
[2022-11-07 13:26:24,336] [base.py:444] [base:add_job] [INFO]- Adding job tentatively -- it will be properly scheduled when the scheduler starts
[2022-11-07 13:26:24,516] [base.py:444] [base:add_job] [INFO]- Adding job tentatively -- it will be properly scheduled when the scheduler starts
[2022-11-07 13:26:24,517] [base.py:444] [base:add_job] [INFO]- Adding job tentatively -- it will be properly scheduled when the scheduler starts
[2022-11-07 13:26:25,199] [autoreload.py:677] [autoreload:run_with_reloader] [INFO]- Watching for file changes with StatReloader
[2022-11-07 13:26:25,199] [autoreload.py:677] [autoreload:run_with_reloader] [INFO]- Watching for file changes with StatReloader
[2022-11-07 13:27:03,092] [basehttp.py:187] [basehttp:log_message] [INFO]- "GET /store/all/?type=1 HTTP/1.1" 200 282
[2022-11-07 13:27:03,092] [basehttp.py:187] [basehttp:log_message] [INFO]- "GET /store/all/?type=1 HTTP/1.1" 200 282
[2022-11-07 13:27:06,685] [log.py:241] [log:log_response] [ERROR]- Internal Server Error: /shopee/publish/claim
Traceback (most recent call last):
  File "C:\Users\heqix\anaconda3\envs\GreateWMS\lib\site-packages\django\core\handlers\exception.py", line 55, in inner
    response = get_response(request)
  File "C:\Users\heqix\anaconda3\envs\GreateWMS\lib\site-packages\django\core\handlers\base.py", line 197, in _get_response
    response = wrapped_callback(request, *callback_args, **callback_kwargs)
  File "C:\Users\heqix\anaconda3\envs\GreateWMS\lib\site-packages\django\views\decorators\csrf.py", line 54, in wrapped_view
    return view_func(*args, **kwargs)
  File "C:\Users\heqix\anaconda3\envs\GreateWMS\lib\site-packages\rest_framework\viewsets.py", line 125, in view
    return self.dispatch(request, *args, **kwargs)
  File "C:\Users\heqix\anaconda3\envs\GreateWMS\lib\site-packages\rest_framework\views.py", line 509, in dispatch
    response = self.handle_exception(exc)
  File "C:\Users\heqix\anaconda3\envs\GreateWMS\lib\site-packages\rest_framework\views.py", line 469, in handle_exception
    self.raise_uncaught_exception(exc)
  File "C:\Users\heqix\anaconda3\envs\GreateWMS\lib\site-packages\rest_framework\views.py", line 480, in raise_uncaught_exception
    raise exc
  File "C:\Users\heqix\anaconda3\envs\GreateWMS\lib\site-packages\rest_framework\views.py", line 506, in dispatch
    response = handler(request, *args, **kwargs)
  File "D:\src\smarterwms\shopee\publish\views.py", line 92, in claim_global_product
    for global_product_id in global_product_ids:
TypeError: 'int' object is not iterable
[2022-11-07 13:27:06,685] [log.py:241] [log:log_response] [ERROR]- Internal Server Error: /shopee/publish/claim
Traceback (most recent call last):
  File "C:\Users\heqix\anaconda3\envs\GreateWMS\lib\site-packages\django\core\handlers\exception.py", line 55, in inner
    response = get_response(request)
  File "C:\Users\heqix\anaconda3\envs\GreateWMS\lib\site-packages\django\core\handlers\base.py", line 197, in _get_response
    response = wrapped_callback(request, *callback_args, **callback_kwargs)
  File "C:\Users\heqix\anaconda3\envs\GreateWMS\lib\site-packages\django\views\decorators\csrf.py", line 54, in wrapped_view
    return view_func(*args, **kwargs)
  File "C:\Users\heqix\anaconda3\envs\GreateWMS\lib\site-packages\rest_framework\viewsets.py", line 125, in view
    return self.dispatch(request, *args, **kwargs)
  File "C:\Users\heqix\anaconda3\envs\GreateWMS\lib\site-packages\rest_framework\views.py", line 509, in dispatch
    response = self.handle_exception(exc)
  File "C:\Users\heqix\anaconda3\envs\GreateWMS\lib\site-packages\rest_framework\views.py", line 469, in handle_exception
    self.raise_uncaught_exception(exc)
  File "C:\Users\heqix\anaconda3\envs\GreateWMS\lib\site-packages\rest_framework\views.py", line 480, in raise_uncaught_exception
    raise exc
  File "C:\Users\heqix\anaconda3\envs\GreateWMS\lib\site-packages\rest_framework\views.py", line 506, in dispatch
    response = handler(request, *args, **kwargs)
  File "D:\src\smarterwms\shopee\publish\views.py", line 92, in claim_global_product
    for global_product_id in global_product_ids:
TypeError: 'int' object is not iterable
[2022-11-07 13:27:06,716] [basehttp.py:187] [basehttp:log_message] [ERROR]- "POST /shopee/publish/claim HTTP/1.1" 500 109753
[2022-11-07 13:27:06,716] [basehttp.py:187] [basehttp:log_message] [ERROR]- "POST /shopee/publish/claim HTTP/1.1" 500 109753
[2022-11-07 13:36:20,093] [global_product.py:122] [global_product:create_from_global_product] [INFO]- create from global product success
[2022-11-07 13:36:20,905] [basehttp.py:187] [basehttp:log_message] [INFO]- "POST /shopee/publish/claim HTTP/1.1" 200 81
[2022-11-07 13:36:20,905] [basehttp.py:187] [basehttp:log_message] [INFO]- "POST /shopee/publish/claim HTTP/1.1" 200 81
[2022-11-07 13:36:38,015] [basehttp.py:187] [basehttp:log_message] [INFO]- "GET /store/?ordering=-update_time HTTP/1.1" 200 1443
[2022-11-07 13:36:38,015] [basehttp.py:187] [basehttp:log_message] [INFO]- "GET /store/?ordering=-update_time HTTP/1.1" 200 1443
[2022-11-07 13:36:39,320] [basehttp.py:187] [basehttp:log_message] [INFO]- "GET /store/all/?type=2 HTTP/1.1" 200 414
[2022-11-07 13:36:39,320] [basehttp.py:187] [basehttp:log_message] [INFO]- "GET /store/all/?type=2 HTTP/1.1" 200 414
[2022-11-07 13:36:39,619] [basehttp.py:187] [basehttp:log_message] [INFO]- "GET /store/product/?ordering=-update_time&shop_id=619322244&type=1&max_page=30 HTTP/1.1" 200 61
[2022-11-07 13:36:39,619] [basehttp.py:187] [basehttp:log_message] [INFO]- "GET /store/product/?ordering=-update_time&shop_id=619322244&type=1&max_page=30 HTTP/1.1" 200 61
[2022-11-07 13:36:39,763] [basehttp.py:187] [basehttp:log_message] [INFO]- "GET /store/product/?ordering=-update_time&shop_id=619322244&type=1&max_page=30 HTTP/1.1" 200 61
[2022-11-07 13:36:39,763] [basehttp.py:187] [basehttp:log_message] [INFO]- "GET /store/product/?ordering=-update_time&shop_id=619322244&type=1&max_page=30 HTTP/1.1" 200 61
[2022-11-07 13:36:40,683] [basehttp.py:187] [basehttp:log_message] [INFO]- "GET /store/all/?type=1 HTTP/1.1" 200 282
[2022-11-07 13:36:40,683] [basehttp.py:187] [basehttp:log_message] [INFO]- "GET /store/all/?type=1 HTTP/1.1" 200 282
[2022-11-07 13:36:41,203] [basehttp.py:187] [basehttp:log_message] [INFO]- "GET /store/global/?merchant_id=1309172&type=1&max_page=30 HTTP/1.1" 200 37081
[2022-11-07 13:36:41,203] [basehttp.py:187] [basehttp:log_message] [INFO]- "GET /store/global/?merchant_id=1309172&type=1&max_page=30 HTTP/1.1" 200 37081
[2022-11-07 13:36:41,516] [basehttp.py:187] [basehttp:log_message] [INFO]- "GET /store/global/?merchant_id=1309172&type=1&max_page=30 HTTP/1.1" 200 37081
[2022-11-07 13:36:41,516] [basehttp.py:187] [basehttp:log_message] [INFO]- "GET /store/global/?merchant_id=1309172&type=1&max_page=30 HTTP/1.1" 200 37081
[2022-11-07 13:41:04,915] [basehttp.py:187] [basehttp:log_message] [INFO]- "GET /store/all/?type=2 HTTP/1.1" 200 414
[2022-11-07 13:41:04,915] [basehttp.py:187] [basehttp:log_message] [INFO]- "GET /store/all/?type=2 HTTP/1.1" 200 414
[2022-11-07 13:41:05,135] [basehttp.py:187] [basehttp:log_message] [INFO]- "GET /order/?max_page=30&record= HTTP/1.1" 200 61
[2022-11-07 13:41:05,135] [basehttp.py:187] [basehttp:log_message] [INFO]- "GET /order/?max_page=30&record= HTTP/1.1" 200 61
[2022-11-07 13:41:05,234] [basehttp.py:187] [basehttp:log_message] [INFO]- "GET /order/?max_page=30&record= HTTP/1.1" 200 61
[2022-11-07 13:41:05,234] [basehttp.py:187] [basehttp:log_message] [INFO]- "GET /order/?max_page=30&record= HTTP/1.1" 200 61
[2022-11-07 13:41:05,331] [basehttp.py:187] [basehttp:log_message] [INFO]- "GET /order/?max_page=30&record= HTTP/1.1" 200 61
[2022-11-07 13:41:05,331] [basehttp.py:187] [basehttp:log_message] [INFO]- "GET /order/?max_page=30&record= HTTP/1.1" 200 61
[2022-11-07 13:41:06,634] [basehttp.py:187] [basehttp:log_message] [INFO]- "GET /store/all/?type=2 HTTP/1.1" 200 414
[2022-11-07 13:41:06,634] [basehttp.py:187] [basehttp:log_message] [INFO]- "GET /store/all/?type=2 HTTP/1.1" 200 414
[2022-11-07 13:41:06,825] [basehttp.py:187] [basehttp:log_message] [INFO]- "GET /order/?max_page=30&record= HTTP/1.1" 200 61
[2022-11-07 13:41:06,825] [basehttp.py:187] [basehttp:log_message] [INFO]- "GET /order/?max_page=30&record= HTTP/1.1" 200 61
[2022-11-07 13:41:07,003] [basehttp.py:187] [basehttp:log_message] [INFO]- "GET /order/?max_page=30&record= HTTP/1.1" 200 61
[2022-11-07 13:41:07,003] [basehttp.py:187] [basehttp:log_message] [INFO]- "GET /order/?max_page=30&record= HTTP/1.1" 200 61
[2022-11-07 13:41:07,208] [basehttp.py:187] [basehttp:log_message] [INFO]- "GET /order/?max_page=30&record= HTTP/1.1" 200 61
[2022-11-07 13:41:07,208] [basehttp.py:187] [basehttp:log_message] [INFO]- "GET /order/?max_page=30&record= HTTP/1.1" 200 61
[2022-11-07 13:44:09,114] [basehttp.py:187] [basehttp:log_message] [INFO]- "GET /store/all/?type=2 HTTP/1.1" 200 414
[2022-11-07 13:44:09,114] [basehttp.py:187] [basehttp:log_message] [INFO]- "GET /store/all/?type=2 HTTP/1.1" 200 414
[2022-11-07 13:44:14,123] [shopee.py:33] [shopee:async_request] [INFO]- Shopee Request Url: https://openplatform.shopee.cn//api/v2/order/get_order_detail?partner_id=2003935&shop_id=721680121&timestamp=1667799854&access_token=72586d726e6d6155726466746d564e6c&sign=629475bbad5465e47f67f24c0c9887416c235074bc515990af6c68c2850c50ff
[2022-11-07 13:44:15,739] [product_service.py:198] [product_service:refresh_product] [INFO]- Get 8 Item Base Info 721680121  [11191011974, 11191011974, 11191011974, 11191011974, 11191011974, 11191011974, 11191011974, 11191011974]
[2022-11-07 13:44:15,796] [shopee.py:33] [shopee:async_request] [INFO]- Shopee Request Url: https://openplatform.shopee.cn//api/v2/product/get_item_base_info?partner_id=2003935&shop_id=721680121&timestamp=1667799855&access_token=72586d726e6d6155726466746d564e6c&sign=3f6997a68b3174b5eeae7657e6e1116335db8b61804b9aefda1dabb85fab2290
[2022-11-07 13:44:17,465] [product_service.py:262] [product_service:__save_product] [INFO]- product data 
[2022-11-07 13:44:17,536] [shopee.py:33] [shopee:async_request] [INFO]- Shopee Request Url: https://openplatform.shopee.cn//api/v2/product/get_model_list?partner_id=2003935&shop_id=721680121&timestamp=1667799857&access_token=72586d726e6d6155726466746d564e6c&sign=1cfcc671433359d159a565afb04ab9ad7b6b1be73bbbff153dc94d5d3fbc86ae
[2022-11-07 13:44:19,647] [product_service.py:262] [product_service:__save_product] [INFO]- product data 
[2022-11-07 13:44:19,720] [shopee.py:33] [shopee:async_request] [INFO]- Shopee Request Url: https://openplatform.shopee.cn//api/v2/product/get_model_list?partner_id=2003935&shop_id=721680121&timestamp=1667799859&access_token=72586d726e6d6155726466746d564e6c&sign=15658362cd52b1901545e4e9843746d8cbe5e4419b8e89f8c3c1be8eb6fbcc92
[2022-11-07 13:44:21,751] [product_service.py:262] [product_service:__save_product] [INFO]- product data 
[2022-11-07 13:44:21,819] [shopee.py:33] [shopee:async_request] [INFO]- Shopee Request Url: https://openplatform.shopee.cn//api/v2/product/get_model_list?partner_id=2003935&shop_id=721680121&timestamp=1667799861&access_token=72586d726e6d6155726466746d564e6c&sign=22e9f74f14ce8142f14bc41108616f7a7aa98ca789dfa82d8c30e00e7dc79b10
[2022-11-07 13:44:23,751] [product_service.py:262] [product_service:__save_product] [INFO]- product data 
[2022-11-07 13:44:23,827] [shopee.py:33] [shopee:async_request] [INFO]- Shopee Request Url: https://openplatform.shopee.cn//api/v2/product/get_model_list?partner_id=2003935&shop_id=721680121&timestamp=1667799863&access_token=72586d726e6d6155726466746d564e6c&sign=2674944e0b682db7baf1c9a84841bbf2de543af5466b68b4f3944a9a1e8a7ad2
[2022-11-07 13:44:26,026] [product_service.py:262] [product_service:__save_product] [INFO]- product data 
[2022-11-07 13:44:26,110] [shopee.py:33] [shopee:async_request] [INFO]- Shopee Request Url: https://openplatform.shopee.cn//api/v2/product/get_model_list?partner_id=2003935&shop_id=721680121&timestamp=1667799866&access_token=72586d726e6d6155726466746d564e6c&sign=090be2aa7cb453cdc2679b707e22edc2d068a2ff49efa8603dbdd4c377e2dc39
[2022-11-07 13:44:28,442] [product_service.py:262] [product_service:__save_product] [INFO]- product data 
[2022-11-07 13:44:28,543] [shopee.py:33] [shopee:async_request] [INFO]- Shopee Request Url: https://openplatform.shopee.cn//api/v2/product/get_model_list?partner_id=2003935&shop_id=721680121&timestamp=1667799868&access_token=72586d726e6d6155726466746d564e6c&sign=4857a602943b122221d3160a527b430f51cae31e9935aebc72ea7f77a2e91f13
[2022-11-07 13:44:31,542] [product_service.py:262] [product_service:__save_product] [INFO]- product data 
[2022-11-07 13:44:31,618] [shopee.py:33] [shopee:async_request] [INFO]- Shopee Request Url: https://openplatform.shopee.cn//api/v2/product/get_model_list?partner_id=2003935&shop_id=721680121&timestamp=1667799871&access_token=72586d726e6d6155726466746d564e6c&sign=e04df601c3e2bf1e2c7924e1da4a5c0c27d538f363c4fd174ee1a8da0490bb82
[2022-11-07 13:44:35,032] [product_service.py:262] [product_service:__save_product] [INFO]- product data 
[2022-11-07 13:44:35,104] [shopee.py:33] [shopee:async_request] [INFO]- Shopee Request Url: https://openplatform.shopee.cn//api/v2/product/get_model_list?partner_id=2003935&shop_id=721680121&timestamp=1667799875&access_token=72586d726e6d6155726466746d564e6c&sign=f2597afe393ee5eb09b2eadf86a2efd80bec64c5ddb78435397df10ef5c846ae
[2022-11-07 13:44:38,640] [shopee.py:33] [shopee:async_request] [INFO]- Shopee Request Url: https://openplatform.shopee.cn//api/v2/global_product/get_global_item_id?partner_id=2003935&merchant_id=1309172&timestamp=1667799878&access_token=4d69526c6a4f4a72584b6d65506d7355&sign=e063701f7c073c88a1d7433db6edc7879f99370c18cd5d5c39a1fc40ab8ffe06
[2022-11-07 13:44:40,128] [global_service.py:314] [global_service:refresh_global_product] [INFO]- Get 1 Item Base Info [14326844001]
[2022-11-07 13:44:40,183] [shopee.py:33] [shopee:async_request] [INFO]- Shopee Request Url: https://openplatform.shopee.cn//api/v2/global_product/get_global_item_info?partner_id=2003935&merchant_id=1309172&timestamp=1667799880&access_token=4d69526c6a4f4a72584b6d65506d7355&sign=f411f687cefcc632f89f27b934aaa7c2c8ab92f547e721abb80eecea257451ea
[2022-11-07 13:44:41,963] [global_service.py:339] [global_service:__save_product] [INFO]- __save_product 
[2022-11-07 13:44:42,033] [shopee.py:33] [shopee:async_request] [INFO]- Shopee Request Url: https://openplatform.shopee.cn//api/v2/global_product/get_global_model_list?partner_id=2003935&merchant_id=1309172&timestamp=1667799882&access_token=4d69526c6a4f4a72584b6d65506d7355&sign=66fc54a3457ce978c23e8ab1ff7f49bfb139460f2d19c583b98a3f7c74a445e5
[2022-11-07 13:44:45,350] [global_service.py:302] [global_service:emit_goods] [INFO]- Create product L-DZSB-013 success
[2022-11-07 13:44:45,376] [order_service.py:950] [order_service:refresh_order_detail] [ERROR]- Refresh Order Detail error: Value out of range: 171297426495
Traceback (most recent call last):
  File "D:\src\smarterwms\shopee\order\services\order_service.py", line 947, in refresh_order_detail
    self.save_order_detail(new_order, order_info.get('item_list'))
  File "D:\src\smarterwms\shopee\order\services\order_service.py", line 1153, in save_order_detail
    stock = self.stock_service.add_shipping_stock(
  File "D:\src\smarterwms\shopee\stock\services\stockprovider.py", line 48, in add_shipping_stock
    res = GoodsClient.get_instance().retrieve(goods_id)
  File "D:\src\smarterwms\shopee\goods\gRpc\client\goods_service_stub.py", line 44, in retrieve
    res = self.service_stub.Retrieve(goods_pb2.GoodsRetrieveRequest(id=goods_id))
ValueError: Value out of range: 171297426495

[2022-11-07 13:44:48,054] [basehttp.py:187] [basehttp:log_message] [INFO]- "POST /order/sync HTTP/1.1" 200 21
[2022-11-07 13:44:48,054] [basehttp.py:187] [basehttp:log_message] [INFO]- "POST /order/sync HTTP/1.1" 200 21
[2022-11-07 13:45:42,992] [basehttp.py:187] [basehttp:log_message] [INFO]- "GET /store/all/?type=2 HTTP/1.1" 200 414
[2022-11-07 13:45:42,992] [basehttp.py:187] [basehttp:log_message] [INFO]- "GET /store/all/?type=2 HTTP/1.1" 200 414
[2022-11-07 13:51:39,815] [autoreload.py:266] [autoreload:trigger_reload] [INFO]- D:\src\smarterwms\shopee\order\services\order_service.py changed, reloading.
[2022-11-07 13:51:39,815] [autoreload.py:266] [autoreload:trigger_reload] [INFO]- D:\src\smarterwms\shopee\order\services\order_service.py changed, reloading.
[2022-11-07 13:51:41,526] [base.py:444] [base:add_job] [INFO]- Adding job tentatively -- it will be properly scheduled when the scheduler starts
[2022-11-07 13:51:41,708] [base.py:444] [base:add_job] [INFO]- Adding job tentatively -- it will be properly scheduled when the scheduler starts
[2022-11-07 13:51:41,709] [base.py:444] [base:add_job] [INFO]- Adding job tentatively -- it will be properly scheduled when the scheduler starts
[2022-11-07 13:51:42,292] [autoreload.py:677] [autoreload:run_with_reloader] [INFO]- Watching for file changes with StatReloader
[2022-11-07 13:51:42,292] [autoreload.py:677] [autoreload:run_with_reloader] [INFO]- Watching for file changes with StatReloader
[2022-11-07 16:23:13,049] [autoreload.py:266] [autoreload:trigger_reload] [INFO]- D:\src\smarterwms\shopee\stock\models.py changed, reloading.
[2022-11-07 16:23:13,049] [autoreload.py:266] [autoreload:trigger_reload] [INFO]- D:\src\smarterwms\shopee\stock\models.py changed, reloading.
[2022-11-07 16:23:14,803] [base.py:444] [base:add_job] [INFO]- Adding job tentatively -- it will be properly scheduled when the scheduler starts
[2022-11-07 16:23:15,034] [base.py:444] [base:add_job] [INFO]- Adding job tentatively -- it will be properly scheduled when the scheduler starts
[2022-11-07 16:23:15,035] [base.py:444] [base:add_job] [INFO]- Adding job tentatively -- it will be properly scheduled when the scheduler starts
[2022-11-07 16:23:15,796] [autoreload.py:677] [autoreload:run_with_reloader] [INFO]- Watching for file changes with StatReloader
[2022-11-07 16:23:15,796] [autoreload.py:677] [autoreload:run_with_reloader] [INFO]- Watching for file changes with StatReloader
[2022-11-07 16:40:36,909] [autoreload.py:266] [autoreload:trigger_reload] [INFO]- D:\src\smarterwms\shopee\stock\services\stockprovider.py changed, reloading.
[2022-11-07 16:40:36,909] [autoreload.py:266] [autoreload:trigger_reload] [INFO]- D:\src\smarterwms\shopee\stock\services\stockprovider.py changed, reloading.
[2022-11-07 16:40:38,683] [base.py:444] [base:add_job] [INFO]- Adding job tentatively -- it will be properly scheduled when the scheduler starts
[2022-11-07 16:40:38,878] [base.py:444] [base:add_job] [INFO]- Adding job tentatively -- it will be properly scheduled when the scheduler starts
[2022-11-07 16:40:38,879] [base.py:444] [base:add_job] [INFO]- Adding job tentatively -- it will be properly scheduled when the scheduler starts
[2022-11-07 16:40:39,511] [autoreload.py:677] [autoreload:run_with_reloader] [INFO]- Watching for file changes with StatReloader
[2022-11-07 16:40:39,511] [autoreload.py:677] [autoreload:run_with_reloader] [INFO]- Watching for file changes with StatReloader
[2022-11-07 17:46:13,014] [autoreload.py:266] [autoreload:trigger_reload] [INFO]- D:\src\smarterwms\shopee\stock\services\stockprovider.py changed, reloading.
[2022-11-07 17:46:13,014] [autoreload.py:266] [autoreload:trigger_reload] [INFO]- D:\src\smarterwms\shopee\stock\services\stockprovider.py changed, reloading.
[2022-11-07 17:46:14,789] [base.py:444] [base:add_job] [INFO]- Adding job tentatively -- it will be properly scheduled when the scheduler starts
