[2022-10-30 08:50:18,898] [base.py:444] [base:add_job] [INFO]- Adding job tentatively -- it will be properly scheduled when the scheduler starts
[2022-10-30 08:50:19,145] [base.py:444] [base:add_job] [INFO]- Adding job tentatively -- it will be properly scheduled when the scheduler starts
[2022-10-30 08:50:19,146] [base.py:444] [base:add_job] [INFO]- Adding job tentatively -- it will be properly scheduled when the scheduler starts
[2022-10-30 08:50:27,086] [base.py:444] [base:add_job] [INFO]- Adding job tentatively -- it will be properly scheduled when the scheduler starts
[2022-10-30 08:50:27,244] [base.py:444] [base:add_job] [INFO]- Adding job tentatively -- it will be properly scheduled when the scheduler starts
[2022-10-30 08:50:27,247] [base.py:444] [base:add_job] [INFO]- Adding job tentatively -- it will be properly scheduled when the scheduler starts
[2022-10-30 08:51:32,917] [base.py:444] [base:add_job] [INFO]- Adding job tentatively -- it will be properly scheduled when the scheduler starts
[2022-10-30 08:51:33,065] [base.py:444] [base:add_job] [INFO]- Adding job tentatively -- it will be properly scheduled when the scheduler starts
[2022-10-30 08:51:33,066] [base.py:444] [base:add_job] [INFO]- Adding job tentatively -- it will be properly scheduled when the scheduler starts
[2022-10-30 08:51:59,199] [base.py:444] [base:add_job] [INFO]- Adding job tentatively -- it will be properly scheduled when the scheduler starts
[2022-10-30 08:51:59,346] [base.py:444] [base:add_job] [INFO]- Adding job tentatively -- it will be properly scheduled when the scheduler starts
[2022-10-30 08:51:59,346] [base.py:444] [base:add_job] [INFO]- Adding job tentatively -- it will be properly scheduled when the scheduler starts
[2022-10-30 08:52:14,574] [base.py:444] [base:add_job] [INFO]- Adding job tentatively -- it will be properly scheduled when the scheduler starts
[2022-10-30 08:52:14,729] [base.py:444] [base:add_job] [INFO]- Adding job tentatively -- it will be properly scheduled when the scheduler starts
[2022-10-30 08:52:14,729] [base.py:444] [base:add_job] [INFO]- Adding job tentatively -- it will be properly scheduled when the scheduler starts
[2022-10-30 09:01:46,848] [base.py:444] [base:add_job] [INFO]- Adding job tentatively -- it will be properly scheduled when the scheduler starts
[2022-10-30 09:01:46,996] [base.py:444] [base:add_job] [INFO]- Adding job tentatively -- it will be properly scheduled when the scheduler starts
[2022-10-30 09:01:46,997] [base.py:444] [base:add_job] [INFO]- Adding job tentatively -- it will be properly scheduled when the scheduler starts
[2022-10-30 09:01:48,665] [base.py:444] [base:add_job] [INFO]- Adding job tentatively -- it will be properly scheduled when the scheduler starts
[2022-10-30 09:01:48,820] [base.py:444] [base:add_job] [INFO]- Adding job tentatively -- it will be properly scheduled when the scheduler starts
[2022-10-30 09:01:48,820] [base.py:444] [base:add_job] [INFO]- Adding job tentatively -- it will be properly scheduled when the scheduler starts
[2022-10-30 09:01:49,362] [autoreload.py:677] [autoreload:run_with_reloader] [INFO]- Watching for file changes with StatReloader
[2022-10-30 09:01:49,362] [autoreload.py:677] [autoreload:run_with_reloader] [INFO]- Watching for file changes with StatReloader
[2022-10-30 09:02:57,660] [base.py:444] [base:add_job] [INFO]- Adding job tentatively -- it will be properly scheduled when the scheduler starts
[2022-10-30 09:02:57,812] [base.py:444] [base:add_job] [INFO]- Adding job tentatively -- it will be properly scheduled when the scheduler starts
[2022-10-30 09:02:57,813] [base.py:444] [base:add_job] [INFO]- Adding job tentatively -- it will be properly scheduled when the scheduler starts
[2022-10-30 09:08:43,596] [base.py:444] [base:add_job] [INFO]- Adding job tentatively -- it will be properly scheduled when the scheduler starts
[2022-10-30 09:08:43,742] [base.py:444] [base:add_job] [INFO]- Adding job tentatively -- it will be properly scheduled when the scheduler starts
[2022-10-30 09:08:43,743] [base.py:444] [base:add_job] [INFO]- Adding job tentatively -- it will be properly scheduled when the scheduler starts
[2022-10-30 09:15:26,690] [base.py:444] [base:add_job] [INFO]- Adding job tentatively -- it will be properly scheduled when the scheduler starts
[2022-10-30 09:15:26,838] [base.py:444] [base:add_job] [INFO]- Adding job tentatively -- it will be properly scheduled when the scheduler starts
[2022-10-30 09:15:26,839] [base.py:444] [base:add_job] [INFO]- Adding job tentatively -- it will be properly scheduled when the scheduler starts
[2022-10-30 09:17:04,616] [base.py:444] [base:add_job] [INFO]- Adding job tentatively -- it will be properly scheduled when the scheduler starts
[2022-10-30 09:17:04,772] [base.py:444] [base:add_job] [INFO]- Adding job tentatively -- it will be properly scheduled when the scheduler starts
[2022-10-30 09:17:04,773] [base.py:444] [base:add_job] [INFO]- Adding job tentatively -- it will be properly scheduled when the scheduler starts
[2022-10-30 09:18:05,580] [base.py:444] [base:add_job] [INFO]- Adding job tentatively -- it will be properly scheduled when the scheduler starts
[2022-10-30 09:18:05,724] [base.py:444] [base:add_job] [INFO]- Adding job tentatively -- it will be properly scheduled when the scheduler starts
[2022-10-30 09:18:05,724] [base.py:444] [base:add_job] [INFO]- Adding job tentatively -- it will be properly scheduled when the scheduler starts
[2022-10-30 09:18:26,979] [base.py:444] [base:add_job] [INFO]- Adding job tentatively -- it will be properly scheduled when the scheduler starts
[2022-10-30 09:18:27,136] [base.py:444] [base:add_job] [INFO]- Adding job tentatively -- it will be properly scheduled when the scheduler starts
[2022-10-30 09:18:27,137] [base.py:444] [base:add_job] [INFO]- Adding job tentatively -- it will be properly scheduled when the scheduler starts
[2022-10-30 09:20:52,675] [base.py:444] [base:add_job] [INFO]- Adding job tentatively -- it will be properly scheduled when the scheduler starts
[2022-10-30 09:20:52,823] [base.py:444] [base:add_job] [INFO]- Adding job tentatively -- it will be properly scheduled when the scheduler starts
[2022-10-30 09:20:52,823] [base.py:444] [base:add_job] [INFO]- Adding job tentatively -- it will be properly scheduled when the scheduler starts
[2022-10-30 09:24:35,426] [autoreload.py:677] [autoreload:run_with_reloader] [INFO]- Watching for file changes with StatReloader
[2022-10-30 09:24:35,426] [autoreload.py:677] [autoreload:run_with_reloader] [INFO]- Watching for file changes with StatReloader
[2022-10-30 09:24:59,933] [autoreload.py:266] [autoreload:trigger_reload] [INFO]- D:\src\smarterwms\shopee\smarterwms\settings.py changed, reloading.
[2022-10-30 09:24:59,933] [autoreload.py:266] [autoreload:trigger_reload] [INFO]- D:\src\smarterwms\shopee\smarterwms\settings.py changed, reloading.
[2022-10-30 09:25:02,929] [base.py:444] [base:add_job] [INFO]- Adding job tentatively -- it will be properly scheduled when the scheduler starts
[2022-10-30 09:25:03,081] [base.py:444] [base:add_job] [INFO]- Adding job tentatively -- it will be properly scheduled when the scheduler starts
[2022-10-30 09:25:03,081] [base.py:444] [base:add_job] [INFO]- Adding job tentatively -- it will be properly scheduled when the scheduler starts
[2022-10-30 09:25:04,769] [base.py:444] [base:add_job] [INFO]- Adding job tentatively -- it will be properly scheduled when the scheduler starts
[2022-10-30 09:25:04,926] [base.py:444] [base:add_job] [INFO]- Adding job tentatively -- it will be properly scheduled when the scheduler starts
[2022-10-30 09:25:04,927] [base.py:444] [base:add_job] [INFO]- Adding job tentatively -- it will be properly scheduled when the scheduler starts
[2022-10-30 09:25:05,476] [autoreload.py:677] [autoreload:run_with_reloader] [INFO]- Watching for file changes with StatReloader
[2022-10-30 09:25:05,476] [autoreload.py:677] [autoreload:run_with_reloader] [INFO]- Watching for file changes with StatReloader
[2022-10-30 09:33:23,313] [autoreload.py:266] [autoreload:trigger_reload] [INFO]- D:\src\smarterwms\shopee\base\models.py changed, reloading.
[2022-10-30 09:33:23,313] [autoreload.py:266] [autoreload:trigger_reload] [INFO]- D:\src\smarterwms\shopee\base\models.py changed, reloading.
[2022-10-30 09:33:24,727] [base.py:444] [base:add_job] [INFO]- Adding job tentatively -- it will be properly scheduled when the scheduler starts
[2022-10-30 09:33:24,898] [base.py:444] [base:add_job] [INFO]- Adding job tentatively -- it will be properly scheduled when the scheduler starts
[2022-10-30 09:33:24,899] [base.py:444] [base:add_job] [INFO]- Adding job tentatively -- it will be properly scheduled when the scheduler starts
[2022-10-30 09:33:25,648] [autoreload.py:677] [autoreload:run_with_reloader] [INFO]- Watching for file changes with StatReloader
[2022-10-30 09:33:25,648] [autoreload.py:677] [autoreload:run_with_reloader] [INFO]- Watching for file changes with StatReloader
[2022-10-30 14:28:58,379] [autoreload.py:266] [autoreload:trigger_reload] [INFO]- D:\src\smarterwms\shopee\smarterwms\settings.py changed, reloading.
[2022-10-30 14:28:58,379] [autoreload.py:266] [autoreload:trigger_reload] [INFO]- D:\src\smarterwms\shopee\smarterwms\settings.py changed, reloading.
[2022-10-30 14:28:59,725] [base.py:444] [base:add_job] [INFO]- Adding job tentatively -- it will be properly scheduled when the scheduler starts
[2022-10-30 14:28:59,887] [base.py:444] [base:add_job] [INFO]- Adding job tentatively -- it will be properly scheduled when the scheduler starts
[2022-10-30 14:28:59,888] [base.py:444] [base:add_job] [INFO]- Adding job tentatively -- it will be properly scheduled when the scheduler starts
[2022-10-30 14:29:00,481] [autoreload.py:677] [autoreload:run_with_reloader] [INFO]- Watching for file changes with StatReloader
[2022-10-30 14:29:00,481] [autoreload.py:677] [autoreload:run_with_reloader] [INFO]- Watching for file changes with StatReloader
[2022-10-30 14:29:50,335] [autoreload.py:266] [autoreload:trigger_reload] [INFO]- D:\src\smarterwms\shopee\base\gRpc\types\base.py changed, reloading.
[2022-10-30 14:29:50,335] [autoreload.py:266] [autoreload:trigger_reload] [INFO]- D:\src\smarterwms\shopee\base\gRpc\types\base.py changed, reloading.
[2022-10-30 14:29:51,632] [base.py:444] [base:add_job] [INFO]- Adding job tentatively -- it will be properly scheduled when the scheduler starts
[2022-10-30 14:29:51,785] [base.py:444] [base:add_job] [INFO]- Adding job tentatively -- it will be properly scheduled when the scheduler starts
[2022-10-30 14:29:51,785] [base.py:444] [base:add_job] [INFO]- Adding job tentatively -- it will be properly scheduled when the scheduler starts
[2022-10-30 14:29:52,333] [autoreload.py:677] [autoreload:run_with_reloader] [INFO]- Watching for file changes with StatReloader
[2022-10-30 14:29:52,333] [autoreload.py:677] [autoreload:run_with_reloader] [INFO]- Watching for file changes with StatReloader
[2022-10-30 14:33:06,709] [autoreload.py:266] [autoreload:trigger_reload] [INFO]- D:\src\smarterwms\shopee\smarterwms\settings.py changed, reloading.
[2022-10-30 14:33:06,709] [autoreload.py:266] [autoreload:trigger_reload] [INFO]- D:\src\smarterwms\shopee\smarterwms\settings.py changed, reloading.
[2022-10-30 14:33:08,028] [base.py:444] [base:add_job] [INFO]- Adding job tentatively -- it will be properly scheduled when the scheduler starts
[2022-10-30 14:33:08,190] [base.py:444] [base:add_job] [INFO]- Adding job tentatively -- it will be properly scheduled when the scheduler starts
[2022-10-30 14:33:08,191] [base.py:444] [base:add_job] [INFO]- Adding job tentatively -- it will be properly scheduled when the scheduler starts
[2022-10-30 14:33:08,825] [autoreload.py:677] [autoreload:run_with_reloader] [INFO]- Watching for file changes with StatReloader
[2022-10-30 14:33:08,825] [autoreload.py:677] [autoreload:run_with_reloader] [INFO]- Watching for file changes with StatReloader
[2022-10-30 14:36:57,417] [autoreload.py:266] [autoreload:trigger_reload] [INFO]- D:\src\smarterwms\shopee\stock\services\stockprovider.py changed, reloading.
[2022-10-30 14:36:57,417] [autoreload.py:266] [autoreload:trigger_reload] [INFO]- D:\src\smarterwms\shopee\stock\services\stockprovider.py changed, reloading.
[2022-10-30 14:36:59,785] [base.py:444] [base:add_job] [INFO]- Adding job tentatively -- it will be properly scheduled when the scheduler starts
[2022-10-30 14:36:59,985] [base.py:444] [base:add_job] [INFO]- Adding job tentatively -- it will be properly scheduled when the scheduler starts
[2022-10-30 14:36:59,986] [base.py:444] [base:add_job] [INFO]- Adding job tentatively -- it will be properly scheduled when the scheduler starts
[2022-10-30 14:37:00,544] [autoreload.py:677] [autoreload:run_with_reloader] [INFO]- Watching for file changes with StatReloader
[2022-10-30 14:37:00,544] [autoreload.py:677] [autoreload:run_with_reloader] [INFO]- Watching for file changes with StatReloader
[2022-10-30 14:37:57,254] [base.py:444] [base:add_job] [INFO]- Adding job tentatively -- it will be properly scheduled when the scheduler starts
[2022-10-30 14:37:57,407] [base.py:444] [base:add_job] [INFO]- Adding job tentatively -- it will be properly scheduled when the scheduler starts
[2022-10-30 14:37:57,408] [base.py:444] [base:add_job] [INFO]- Adding job tentatively -- it will be properly scheduled when the scheduler starts
[2022-10-30 14:45:04,864] [base.py:444] [base:add_job] [INFO]- Adding job tentatively -- it will be properly scheduled when the scheduler starts
[2022-10-30 14:45:05,016] [base.py:444] [base:add_job] [INFO]- Adding job tentatively -- it will be properly scheduled when the scheduler starts
[2022-10-30 14:45:05,016] [base.py:444] [base:add_job] [INFO]- Adding job tentatively -- it will be properly scheduled when the scheduler starts
[2022-10-30 14:45:05,022] [base.py:885] [base:_real_add_job] [INFO]- Added job "RefreshTokenTask.do_exec" to job store "default"
[2022-10-30 14:45:05,023] [base.py:885] [base:_real_add_job] [INFO]- Added job "SyncOrderTask.do_exec" to job store "default"
[2022-10-30 14:45:05,023] [base.py:885] [base:_real_add_job] [INFO]- Added job "SyncReadyToShipOrderTask.do_exec" to job store "default"
[2022-10-30 14:45:05,023] [base.py:171] [base:start] [INFO]- Scheduler started
[2022-10-30 14:50:21,716] [base.py:444] [base:add_job] [INFO]- Adding job tentatively -- it will be properly scheduled when the scheduler starts
[2022-10-30 14:50:21,872] [base.py:444] [base:add_job] [INFO]- Adding job tentatively -- it will be properly scheduled when the scheduler starts
[2022-10-30 14:50:21,873] [base.py:444] [base:add_job] [INFO]- Adding job tentatively -- it will be properly scheduled when the scheduler starts
[2022-10-30 14:51:47,661] [base.py:444] [base:add_job] [INFO]- Adding job tentatively -- it will be properly scheduled when the scheduler starts
[2022-10-30 14:51:47,816] [base.py:444] [base:add_job] [INFO]- Adding job tentatively -- it will be properly scheduled when the scheduler starts
[2022-10-30 14:51:47,817] [base.py:444] [base:add_job] [INFO]- Adding job tentatively -- it will be properly scheduled when the scheduler starts
[2022-10-30 14:52:57,556] [base.py:444] [base:add_job] [INFO]- Adding job tentatively -- it will be properly scheduled when the scheduler starts
[2022-10-30 14:52:57,715] [base.py:444] [base:add_job] [INFO]- Adding job tentatively -- it will be properly scheduled when the scheduler starts
[2022-10-30 14:52:57,716] [base.py:444] [base:add_job] [INFO]- Adding job tentatively -- it will be properly scheduled when the scheduler starts
[2022-10-30 15:11:34,770] [base.py:444] [base:add_job] [INFO]- Adding job tentatively -- it will be properly scheduled when the scheduler starts
[2022-10-30 15:11:34,925] [base.py:444] [base:add_job] [INFO]- Adding job tentatively -- it will be properly scheduled when the scheduler starts
[2022-10-30 15:11:34,925] [base.py:444] [base:add_job] [INFO]- Adding job tentatively -- it will be properly scheduled when the scheduler starts
[2022-10-30 15:12:02,744] [base.py:444] [base:add_job] [INFO]- Adding job tentatively -- it will be properly scheduled when the scheduler starts
[2022-10-30 15:12:02,895] [base.py:444] [base:add_job] [INFO]- Adding job tentatively -- it will be properly scheduled when the scheduler starts
[2022-10-30 15:12:02,895] [base.py:444] [base:add_job] [INFO]- Adding job tentatively -- it will be properly scheduled when the scheduler starts
[2022-10-30 15:13:09,234] [base.py:444] [base:add_job] [INFO]- Adding job tentatively -- it will be properly scheduled when the scheduler starts
[2022-10-30 15:13:09,382] [base.py:444] [base:add_job] [INFO]- Adding job tentatively -- it will be properly scheduled when the scheduler starts
[2022-10-30 15:13:09,383] [base.py:444] [base:add_job] [INFO]- Adding job tentatively -- it will be properly scheduled when the scheduler starts
[2022-10-30 15:13:14,853] [base.py:444] [base:add_job] [INFO]- Adding job tentatively -- it will be properly scheduled when the scheduler starts
[2022-10-30 15:13:15,010] [base.py:444] [base:add_job] [INFO]- Adding job tentatively -- it will be properly scheduled when the scheduler starts
[2022-10-30 15:13:15,010] [base.py:444] [base:add_job] [INFO]- Adding job tentatively -- it will be properly scheduled when the scheduler starts
[2022-10-30 15:14:06,604] [base.py:444] [base:add_job] [INFO]- Adding job tentatively -- it will be properly scheduled when the scheduler starts
[2022-10-30 15:14:06,755] [base.py:444] [base:add_job] [INFO]- Adding job tentatively -- it will be properly scheduled when the scheduler starts
[2022-10-30 15:14:06,756] [base.py:444] [base:add_job] [INFO]- Adding job tentatively -- it will be properly scheduled when the scheduler starts
[2022-10-30 15:14:36,027] [base.py:444] [base:add_job] [INFO]- Adding job tentatively -- it will be properly scheduled when the scheduler starts
[2022-10-30 15:14:36,174] [base.py:444] [base:add_job] [INFO]- Adding job tentatively -- it will be properly scheduled when the scheduler starts
[2022-10-30 15:14:36,175] [base.py:444] [base:add_job] [INFO]- Adding job tentatively -- it will be properly scheduled when the scheduler starts
[2022-10-30 15:15:06,363] [base.py:444] [base:add_job] [INFO]- Adding job tentatively -- it will be properly scheduled when the scheduler starts
[2022-10-30 15:15:06,522] [base.py:444] [base:add_job] [INFO]- Adding job tentatively -- it will be properly scheduled when the scheduler starts
[2022-10-30 15:15:06,522] [base.py:444] [base:add_job] [INFO]- Adding job tentatively -- it will be properly scheduled when the scheduler starts
[2022-10-30 15:15:49,027] [base.py:444] [base:add_job] [INFO]- Adding job tentatively -- it will be properly scheduled when the scheduler starts
[2022-10-30 15:15:49,177] [base.py:444] [base:add_job] [INFO]- Adding job tentatively -- it will be properly scheduled when the scheduler starts
[2022-10-30 15:15:49,177] [base.py:444] [base:add_job] [INFO]- Adding job tentatively -- it will be properly scheduled when the scheduler starts
[2022-10-30 15:16:51,797] [base.py:444] [base:add_job] [INFO]- Adding job tentatively -- it will be properly scheduled when the scheduler starts
[2022-10-30 15:16:51,960] [base.py:444] [base:add_job] [INFO]- Adding job tentatively -- it will be properly scheduled when the scheduler starts
[2022-10-30 15:16:51,960] [base.py:444] [base:add_job] [INFO]- Adding job tentatively -- it will be properly scheduled when the scheduler starts
[2022-10-30 16:11:22,397] [base.py:444] [base:add_job] [INFO]- Adding job tentatively -- it will be properly scheduled when the scheduler starts
[2022-10-30 16:11:22,556] [base.py:444] [base:add_job] [INFO]- Adding job tentatively -- it will be properly scheduled when the scheduler starts
[2022-10-30 16:11:22,557] [base.py:444] [base:add_job] [INFO]- Adding job tentatively -- it will be properly scheduled when the scheduler starts
[2022-10-30 16:13:41,714] [base.py:444] [base:add_job] [INFO]- Adding job tentatively -- it will be properly scheduled when the scheduler starts
[2022-10-30 16:13:41,864] [base.py:444] [base:add_job] [INFO]- Adding job tentatively -- it will be properly scheduled when the scheduler starts
[2022-10-30 16:13:41,865] [base.py:444] [base:add_job] [INFO]- Adding job tentatively -- it will be properly scheduled when the scheduler starts
[2022-10-30 21:36:17,642] [base.py:444] [base:add_job] [INFO]- Adding job tentatively -- it will be properly scheduled when the scheduler starts
[2022-10-30 21:36:17,800] [base.py:444] [base:add_job] [INFO]- Adding job tentatively -- it will be properly scheduled when the scheduler starts
[2022-10-30 21:36:17,801] [base.py:444] [base:add_job] [INFO]- Adding job tentatively -- it will be properly scheduled when the scheduler starts
[2022-10-30 21:55:27,618] [base.py:444] [base:add_job] [INFO]- Adding job tentatively -- it will be properly scheduled when the scheduler starts
[2022-10-30 21:55:27,776] [base.py:444] [base:add_job] [INFO]- Adding job tentatively -- it will be properly scheduled when the scheduler starts
[2022-10-30 21:55:27,776] [base.py:444] [base:add_job] [INFO]- Adding job tentatively -- it will be properly scheduled when the scheduler starts
[2022-10-30 21:55:57,140] [base.py:444] [base:add_job] [INFO]- Adding job tentatively -- it will be properly scheduled when the scheduler starts
[2022-10-30 21:55:57,298] [base.py:444] [base:add_job] [INFO]- Adding job tentatively -- it will be properly scheduled when the scheduler starts
[2022-10-30 21:55:57,299] [base.py:444] [base:add_job] [INFO]- Adding job tentatively -- it will be properly scheduled when the scheduler starts
[2022-10-30 21:56:26,392] [base.py:444] [base:add_job] [INFO]- Adding job tentatively -- it will be properly scheduled when the scheduler starts
[2022-10-30 21:56:26,552] [base.py:444] [base:add_job] [INFO]- Adding job tentatively -- it will be properly scheduled when the scheduler starts
[2022-10-30 21:56:26,553] [base.py:444] [base:add_job] [INFO]- Adding job tentatively -- it will be properly scheduled when the scheduler starts
[2022-10-30 21:57:07,683] [base.py:444] [base:add_job] [INFO]- Adding job tentatively -- it will be properly scheduled when the scheduler starts
[2022-10-30 21:57:07,833] [base.py:444] [base:add_job] [INFO]- Adding job tentatively -- it will be properly scheduled when the scheduler starts
[2022-10-30 21:57:07,834] [base.py:444] [base:add_job] [INFO]- Adding job tentatively -- it will be properly scheduled when the scheduler starts
[2022-10-30 21:57:32,876] [base.py:444] [base:add_job] [INFO]- Adding job tentatively -- it will be properly scheduled when the scheduler starts
[2022-10-30 21:57:33,035] [base.py:444] [base:add_job] [INFO]- Adding job tentatively -- it will be properly scheduled when the scheduler starts
[2022-10-30 21:57:33,035] [base.py:444] [base:add_job] [INFO]- Adding job tentatively -- it will be properly scheduled when the scheduler starts
[2022-10-30 22:20:42,216] [base.py:444] [base:add_job] [INFO]- Adding job tentatively -- it will be properly scheduled when the scheduler starts
[2022-10-30 22:20:42,370] [base.py:444] [base:add_job] [INFO]- Adding job tentatively -- it will be properly scheduled when the scheduler starts
[2022-10-30 22:20:42,370] [base.py:444] [base:add_job] [INFO]- Adding job tentatively -- it will be properly scheduled when the scheduler starts
[2022-10-30 22:21:10,265] [base.py:444] [base:add_job] [INFO]- Adding job tentatively -- it will be properly scheduled when the scheduler starts
[2022-10-30 22:21:10,420] [base.py:444] [base:add_job] [INFO]- Adding job tentatively -- it will be properly scheduled when the scheduler starts
[2022-10-30 22:21:10,420] [base.py:444] [base:add_job] [INFO]- Adding job tentatively -- it will be properly scheduled when the scheduler starts
[2022-10-30 22:32:13,475] [base.py:444] [base:add_job] [INFO]- Adding job tentatively -- it will be properly scheduled when the scheduler starts
[2022-10-30 22:32:13,629] [base.py:444] [base:add_job] [INFO]- Adding job tentatively -- it will be properly scheduled when the scheduler starts
[2022-10-30 22:32:13,630] [base.py:444] [base:add_job] [INFO]- Adding job tentatively -- it will be properly scheduled when the scheduler starts
[2022-10-30 22:34:10,911] [base.py:444] [base:add_job] [INFO]- Adding job tentatively -- it will be properly scheduled when the scheduler starts
[2022-10-30 22:34:11,063] [base.py:444] [base:add_job] [INFO]- Adding job tentatively -- it will be properly scheduled when the scheduler starts
[2022-10-30 22:34:11,064] [base.py:444] [base:add_job] [INFO]- Adding job tentatively -- it will be properly scheduled when the scheduler starts
[2022-10-30 22:42:06,078] [base.py:444] [base:add_job] [INFO]- Adding job tentatively -- it will be properly scheduled when the scheduler starts
[2022-10-30 22:42:06,231] [base.py:444] [base:add_job] [INFO]- Adding job tentatively -- it will be properly scheduled when the scheduler starts
[2022-10-30 22:42:06,231] [base.py:444] [base:add_job] [INFO]- Adding job tentatively -- it will be properly scheduled when the scheduler starts
[2022-10-30 22:50:41,665] [base.py:444] [base:add_job] [INFO]- Adding job tentatively -- it will be properly scheduled when the scheduler starts
[2022-10-30 22:50:41,818] [base.py:444] [base:add_job] [INFO]- Adding job tentatively -- it will be properly scheduled when the scheduler starts
[2022-10-30 22:50:41,819] [base.py:444] [base:add_job] [INFO]- Adding job tentatively -- it will be properly scheduled when the scheduler starts
[2022-10-30 22:51:10,971] [base.py:444] [base:add_job] [INFO]- Adding job tentatively -- it will be properly scheduled when the scheduler starts
[2022-10-30 22:51:11,118] [base.py:444] [base:add_job] [INFO]- Adding job tentatively -- it will be properly scheduled when the scheduler starts
[2022-10-30 22:51:11,119] [base.py:444] [base:add_job] [INFO]- Adding job tentatively -- it will be properly scheduled when the scheduler starts
[2022-10-30 22:52:12,565] [base.py:444] [base:add_job] [INFO]- Adding job tentatively -- it will be properly scheduled when the scheduler starts
[2022-10-30 22:52:12,715] [base.py:444] [base:add_job] [INFO]- Adding job tentatively -- it will be properly scheduled when the scheduler starts
[2022-10-30 22:52:12,716] [base.py:444] [base:add_job] [INFO]- Adding job tentatively -- it will be properly scheduled when the scheduler starts
[2022-10-30 23:17:52,107] [base.py:444] [base:add_job] [INFO]- Adding job tentatively -- it will be properly scheduled when the scheduler starts
[2022-10-30 23:17:52,272] [base.py:444] [base:add_job] [INFO]- Adding job tentatively -- it will be properly scheduled when the scheduler starts
[2022-10-30 23:17:52,273] [base.py:444] [base:add_job] [INFO]- Adding job tentatively -- it will be properly scheduled when the scheduler starts
[2022-10-30 23:19:12,812] [base.py:444] [base:add_job] [INFO]- Adding job tentatively -- it will be properly scheduled when the scheduler starts
[2022-10-30 23:19:12,962] [base.py:444] [base:add_job] [INFO]- Adding job tentatively -- it will be properly scheduled when the scheduler starts
[2022-10-30 23:19:12,962] [base.py:444] [base:add_job] [INFO]- Adding job tentatively -- it will be properly scheduled when the scheduler starts
[2022-10-30 23:20:30,581] [base.py:444] [base:add_job] [INFO]- Adding job tentatively -- it will be properly scheduled when the scheduler starts
[2022-10-30 23:20:30,729] [base.py:444] [base:add_job] [INFO]- Adding job tentatively -- it will be properly scheduled when the scheduler starts
[2022-10-30 23:20:30,730] [base.py:444] [base:add_job] [INFO]- Adding job tentatively -- it will be properly scheduled when the scheduler starts
