[2022-11-05 00:00:42,521] [base.py:444] [base:add_job] [INFO]- Adding job tentatively -- it will be properly scheduled when the scheduler starts
[2022-11-05 00:00:42,885] [base.py:444] [base:add_job] [INFO]- Adding job tentatively -- it will be properly scheduled when the scheduler starts
[2022-11-05 00:00:42,885] [base.py:444] [base:add_job] [INFO]- Adding job tentatively -- it will be properly scheduled when the scheduler starts
[2022-11-05 00:00:44,720] [autoreload.py:677] [autoreload:run_with_reloader] [INFO]- Watching for file changes with StatReloader
[2022-11-05 00:00:44,720] [autoreload.py:677] [autoreload:run_with_reloader] [INFO]- Watching for file changes with StatReloader
[2022-11-05 00:00:56,666] [views.py:100] [views:create] [INFO]- create publish {'images': [{'url': 'https://s-cf-tw.shopeesz.com/file/sg-11134201-22100-9ubyas5su5ivcc', 'index': 0}, {'url': 'https://s-cf-tw.shopeesz.com/file/sg-11134201-22100-pzhib23su5iva6', 'index': 1}, {'url': 'https://s-cf-tw.shopeesz.com/file/sg-11134201-22100-pzhib23su5iva6', 'index': 2}, {'url': 'http://192.168.2.75:8012/media/uploads/2022/11/05/ecd2bf2454c82df556e0f81572c9afc6.jpg', 'index': 3}, {'url': 'https://s-cf-tw.shopeesz.com/file/sg-11134201-22100-yhpm535su5iv52', 'index': 4}, {'url': 'https://s-cf-tw.shopeesz.com/file/sg-11134201-22100-pzhib23su5iva6', 'index': 5}, {'url': 'https://s-cf-tw.shopeesz.com/file/sg-11134201-22100-6839dd6su5iv95', 'index': 6}, {'url': 'https://s-cf-tw.shopeesz.com/file/sg-11134201-22100-hd4xtm6su5ivdf', 'index': 7}], 'specifications': [{'name': '颜色型号', 'index': 0, 'options': [{'name': '01#', 'image': 'https://s-cf-tw.shopeesz.com/file/sg-11134201-22100-l9d71y6su5iv73', 'index': 0}, {'name': '02#', 'image': 'https://s-cf-tw.shopeesz.com/file/sg-11134201-22100-dedra06su5iv2d', 'index': 1}, {'name': '03#', 'image': 'https://s-cf-tw.shopeesz.com/file/sg-11134201-22100-u3qeuj7su5iv85', 'index': 2}, {'name': '04#', 'image': 'https://s-cf-tw.shopeesz.com/file/sg-11134201-22100-dehurv7su5iv39', 'index': 3}, {'name': '05#', 'image': 'https://s-cf-tw.shopeesz.com/file/sg-11134201-22100-5jgf267su5ivf3', 'index': 4}, {'name': '06#', 'image': 'https://s-cf-tw.shopeesz.com/file/sg-11134201-22100-5bm3oh8su5ivfc', 'index': 5}, {'name': '07#', 'image': 'https://s-cf-tw.shopeesz.com/file/sg-11134201-22100-m5yjis8su5iv3d', 'index': 6}, {'name': '08#', 'image': 'https://s-cf-tw.shopeesz.com/file/sg-11134201-22100-kwc6h38su5iv9b', 'index': 7}, {'name': '09#', 'image': 'https://s-cf-tw.shopeesz.com/file/sg-11134201-22100-cqqp8b9su5iv67', 'index': 8}, {'name': '10#', 'image': 'https://s-cf-tw.shopeesz.com/file/sg-11134201-22100-anxd8l9su5ive7', 'index': 9}, {'name': '11#', 'image': 'https://s-cf-tw.shopeesz.com/file/sg-11134201-22100-k9hxgw9su5iv03', 'index': 10}, {'name': '12#', 'image': 'https://s-cf-tw.shopeesz.com/file/sg-11134201-22100-2wvk179su5iv03', 'index': 11}, {'name': '13#', 'image': 'https://s-cf-tw.shopeesz.com/file/sg-11134201-22100-7v24jh0su5ivf4', 'index': 12}, {'name': '14#', 'image': 'https://s-cf-tw.shopeesz.com/file/sg-11134201-22100-9ens0q0su5iv24', 'index': 13}, {'name': '15#', 'image': 'https://s-cf-tw.shopeesz.com/file/sg-11134201-22100-pnc7k50su5iv24', 'index': 14}, {'name': '16#', 'image': 'https://s-cf-tw.shopeesz.com/file/sg-11134201-22100-idjmr6atu5iv7f', 'index': 15}, {'name': '17#', 'image': 'https://s-cf-tw.shopeesz.com/file/sg-11134201-22100-lcp6agbtu5iv78', 'index': 16}, {'name': '18#', 'image': 'https://s-cf-tw.shopeesz.com/file/sg-11134201-22100-213suqbtu5iv81', 'index': 17}, {'name': '19#', 'image': 'https://s-cf-tw.shopeesz.com/file/sg-11134201-22100-yx0gu1btu5iv47', 'index': 18}, {'name': '20#', 'image': 'https://s-cf-tw.shopeesz.com/file/sg-11134201-22100-htn100btu5iv80', 'index': 19}, {'name': '21#', 'image': 'https://s-cf-tw.shopeesz.com/file/sg-11134201-22100-2c9ktkctu5iv8b', 'index': 20}, {'name': '22#', 'image': 'https://s-cf-tw.shopeesz.com/file/sg-11134201-22100-on193uctu5iv67', 'index': 21}, {'name': '23#', 'image': 'https://s-cf-tw.shopeesz.com/file/sg-11134201-22100-wtyp76ctu5iv6c', 'index': 22}, {'name': '24#', 'image': 'https://s-cf-tw.shopeesz.com/file/sg-11134201-22100-ylcb7fdtu5ivda', 'index': 23}, {'name': '25#', 'image': 'https://s-cf-tw.shopeesz.com/file/sg-11134201-22100-xdqw6pdtu5iv9b', 'index': 24}, {'name': '26#', 'image': 'https://s-cf-tw.shopeesz.com/file/sg-11134201-22100-loqirydtu5iv9e', 'index': 25}, {'name': '27#', 'image': 'https://s-cf-tw.shopeesz.com/file/sg-11134201-22100-lsp5a0dtu5ivd4', 'index': 26}, {'name': '28#', 'image': 'https://s-cf-tw.shopeesz.com/file/sg-11134201-22100-pnov9ketu5iv99', 'index': 27}, {'name': '29#', 'image': 'https://s-cf-tw.shopeesz.com/file/sg-11134201-22100-ce0bouetu5iv5c', 'index': 28}, {'name': '30#', 'image': 'https://s-cf-tw.shopeesz.com/file/sg-11134201-22100-25ts44etu5iv09', 'index': 29}, {'name': '31#', 'image': 'https://s-cf-tw.shopeesz.com/file/sg-11134201-22100-03tlneftu5iv65', 'index': 30}, {'name': '32#', 'image': 'https://s-cf-tw.shopeesz.com/file/sg-11134201-22100-uy853nftu5ivff', 'index': 31}, {'name': '33#', 'image': 'https://s-cf-tw.shopeesz.com/file/sg-11134201-22100-1grmqzftu5iv0e', 'index': 32}, {'name': '34#', 'image': 'https://s-cf-tw.shopeesz.com/file/sg-11134201-22100-prja10ftu5iv35', 'index': 33}, {'name': '35#', 'image': 'https://s-cf-tw.shopeesz.com/file/sg-11134201-22100-0mpv4kgtu5iv49', 'index': 34}, {'name': '36#', 'image': 'https://s-cf-tw.shopeesz.com/file/sg-11134201-22100-78745xgtu5iv5a', 'index': 35}]}], 'sku': 'Baby&KidsFashion_20221025_038D', 'name': '迪士尼公主LED儿童电子手', 'desc': '材料: TPU<br>货号: 迪士尼公<br>产品尺寸: 见规格<br>适用机型: 通用<br>产品重量: 10g<br>上市时间: 2022<br>最快出货时间: 当天<br>发票: 咨询客服<br>包装清单: 50条/包<br>颜色: 01#,02#,03#,04#,05#,06#,07#,08#,09#,10#,11#,12#,13#,14#,15#,16#,17#,18#,19#,20#,21#,22#,23#,24#,25#,26#,27#,28#,29#,30#,31#,32#,33#,34#,35#,36#<br>规格: 小米7代,小米5/6代,小米3/4 代<br>表带材质: tpu<br>接口类型: 凹型接口<br>接口尺寸: 其它尺寸定制', 'second_hand': False, 'image': 'https://s-cf-tw.shopeesz.com/file/sg-11134201-22100-9ubyas5su5ivcc', 'mode': 'MT', 'status': 'ED', 'supplier': {'url': '123'}, 'models_info': [{'name': 'Baby&KidsFashion_20221026_038D-01#', 'sku': 'Baby&KidsFashion_20221026_038D-01#', 'stock': {'stock_qty': 1000, 'price': 2.15}, 'options_index': '[object Object]'}, {'name': 'Baby&KidsFashion_20221026_038D-02#', 'sku': 'Baby&KidsFashion_20221026_038D-02#', 'stock': {'stock_qty': 1000, 'price': 2.15}, 'options_index': '[object Object]'}, {'name': 'Baby&KidsFashion_20221026_038D-03#', 'sku': 'Baby&KidsFashion_20221026_038D-03#', 'stock': {'stock_qty': 1000, 'price': 2.15}, 'options_index': '[object Object]'}, {'name': 'Baby&KidsFashion_20221026_038D-04#', 'sku': 'Baby&KidsFashion_20221026_038D-04#', 'stock': {'stock_qty': 998, 'price': 2.15}, 'options_index': '[object Object]'}, {'name': 'Baby&KidsFashion_20221026_038D-05#', 'sku': 'Baby&KidsFashion_20221026_038D-05#', 'stock': {'stock_qty': 1000, 'price': 2.15}, 'options_index': '[object Object]'}, {'name': 'Baby&KidsFashion_20221026_038D-06#', 'sku': 'Baby&KidsFashion_20221026_038D-06#', 'stock': {'stock_qty': 999, 'price': 2.15}, 'options_index': '[object Object]'}, {'name': 'Baby&KidsFashion_20221026_038D-07#', 'sku': 'Baby&KidsFashion_20221026_038D-07#', 'stock': {'stock_qty': 1000, 'price': 2.15}, 'options_index': '[object Object]'}, {'name': 'Baby&KidsFashion_20221026_038D-08#', 'sku': 'Baby&KidsFashion_20221026_038D-08#', 'stock': {'stock_qty': 1000, 'price': 2.15}, 'options_index': '[object Object]'}, {'name': 'Baby&KidsFashion_20221026_038D-09#', 'sku': 'Baby&KidsFashion_20221026_038D-09#', 'stock': {'stock_qty': 999, 'price': 2.15}, 'options_index': '[object Object]'}, {'name': 'Baby&KidsFashion_20221026_038D-10#', 'sku': 'Baby&KidsFashion_20221026_038D-10#', 'stock': {'stock_qty': 1000, 'price': 2.15}, 'options_index': '[object Object]'}, {'name': 'Baby&KidsFashion_20221026_038D-11#', 'sku': 'Baby&KidsFashion_20221026_038D-11#', 'stock': {'stock_qty': 1000, 'price': 2.15}, 'options_index': '[object Object]'}, {'name': 'Baby&KidsFashion_20221026_038D-12#', 'sku': 'Baby&KidsFashion_20221026_038D-12#', 'stock': {'stock_qty': 1000, 'price': 2.15}, 'options_index': '[object Object]'}, {'name': 'Baby&KidsFashion_20221026_038D-13#', 'sku': 'Baby&KidsFashion_20221026_038D-13#', 'stock': {'stock_qty': 997, 'price': 2.15}, 'options_index': '[object Object]'}, {'name': 'Baby&KidsFashion_20221026_038D-14#', 'sku': 'Baby&KidsFashion_20221026_038D-14#', 'stock': {'stock_qty': 1000, 'price': 2.15}, 'options_index': '[object Object]'}, {'name': 'Baby&KidsFashion_20221026_038D-15#', 'sku': 'Baby&KidsFashion_20221026_038D-15#', 'stock': {'stock_qty': 1000, 'price': 2.15}, 'options_index': '[object Object]'}, {'name': 'Baby&KidsFashion_20221026_038D-16#', 'sku': 'Baby&KidsFashion_20221026_038D-16#', 'stock': {'stock_qty': 1000, 'price': 2.15}, 'options_index': '[object Object]'}, {'name': 'Baby&KidsFashion_20221026_038D-17#', 'sku': 'Baby&KidsFashion_20221026_038D-17#', 'stock': {'stock_qty': 1000, 'price': 2.15}, 'options_index': '[object Object]'}, {'name': 'Baby&KidsFashion_20221026_038D-18#', 'sku': 'Baby&KidsFashion_20221026_038D-18#', 'stock': {'stock_qty': 1000, 'price': 2.15}, 'options_index': '[object Object]'}, {'name': 'Baby&KidsFashion_20221026_038D-19#', 'sku': 'Baby&KidsFashion_20221026_038D-19#', 'stock': {'stock_qty': 999, 'price': 2.15}, 'options_index': '[object Object]'}, {'name': 'Baby&KidsFashion_20221026_038D-20#', 'sku': 'Baby&KidsFashion_20221026_038D-20#', 'stock': {'stock_qty': 1000, 'price': 2.15}, 'options_index': '[object Object]'}, {'name': 'Baby&KidsFashion_20221026_038D-21#', 'sku': 'Baby&KidsFashion_20221026_038D-21#', 'stock': {'stock_qty': 1000, 'price': 2.15}, 'options_index': '[object Object]'}, {'name': 'Baby&KidsFashion_20221026_038D-22#', 'sku': 'Baby&KidsFashion_20221026_038D-22#', 'stock': {'stock_qty': 999, 'price': 2.15}, 'options_index': '[object Object]'}, {'name': 'Baby&KidsFashion_20221026_038D-23#', 'sku': 'Baby&KidsFashion_20221026_038D-23#', 'stock': {'stock_qty': 998, 'price': 2.15}, 'options_index': '[object Object]'}, {'name': 'Baby&KidsFashion_20221026_038D-24#', 'sku': 'Baby&KidsFashion_20221026_038D-24#', 'stock': {'stock_qty': 1000, 'price': 2.15}, 'options_index': '[object Object]'}, {'name': 'Baby&KidsFashion_20221026_038D-25#', 'sku': 'Baby&KidsFashion_20221026_038D-25#', 'stock': {'stock_qty': 999, 'price': 2.15}, 'options_index': '[object Object]'}, {'name': 'Baby&KidsFashion_20221026_038D-26#', 'sku': 'Baby&KidsFashion_20221026_038D-26#', 'stock': {'stock_qty': 999, 'price': 2.15}, 'options_index': '[object Object]'}, {'name': 'Baby&KidsFashion_20221026_038D-27#', 'sku': 'Baby&KidsFashion_20221026_038D-27#', 'stock': {'stock_qty': 1000, 'price': 2.15}, 'options_index': '[object Object]'}, {'name': 'Baby&KidsFashion_20221026_038D-28#', 'sku': 'Baby&KidsFashion_20221026_038D-28#', 'stock': {'stock_qty': 998, 'price': 2.15}, 'options_index': '[object Object]'}, {'name': 'Baby&KidsFashion_20221026_038D-29#', 'sku': 'Baby&KidsFashion_20221026_038D-29#', 'stock': {'stock_qty': 999, 'price': 2.15}, 'options_index': '[object Object]'}, {'name': 'Baby&KidsFashion_20221026_038D-30#', 'sku': 'Baby&KidsFashion_20221026_038D-30#', 'stock': {'stock_qty': 1000, 'price': 2.15}, 'options_index': '[object Object]'}, {'name': 'Baby&KidsFashion_20221026_038D-31#', 'sku': 'Baby&KidsFashion_20221026_038D-31#', 'stock': {'stock_qty': 1000, 'price': 2.15}, 'options_index': '[object Object]'}, {'name': 'Baby&KidsFashion_20221026_038D-32#', 'sku': 'Baby&KidsFashion_20221026_038D-32#', 'stock': {'stock_qty': 1000, 'price': 2.15}, 'options_index': '[object Object]'}, {'name': 'Baby&KidsFashion_20221026_038D-33#', 'sku': 'Baby&KidsFashion_20221026_038D-33#', 'stock': {'stock_qty': 1000, 'price': 2.15}, 'options_index': '[object Object]'}, {'name': 'Baby&KidsFashion_20221026_038D-34#', 'sku': 'Baby&KidsFashion_20221026_038D-34#', 'stock': {'stock_qty': 1000, 'price': 2.15}, 'options_index': '[object Object]'}, {'name': 'Baby&KidsFashion_20221026_038D-35#', 'sku': 'Baby&KidsFashion_20221026_038D-35#', 'stock': {'stock_qty': 1000, 'price': 2.15}, 'options_index': '[object Object]'}, {'name': 'Baby&KidsFashion_20221026_038D-36#', 'sku': 'Baby&KidsFashion_20221026_038D-36#', 'stock': {'stock_qty': 1000, 'price': 2.15}, 'options_index': '[object Object]'}], 'logistic': {'days_deliver': 3}, 'category': {'merchant_id': '1309172', 'category_id': 101034, 'attribute_values': [{'attribute_id': '100233', 'display_value_name': '其他', 'value_id': 1863, 'multiple': False}, {'attribute_id': '100037', 'display_value_name': '中国大陆', 'value_id': 35, 'multiple': False}], 'brand': {'brand_id': 0, 'display_brand_name': 'NoBrand'}}, 'merchant': {'id': 1}, 'global_product_id': 37, 'creater': 'admin'}
[2022-11-05 00:00:56,962] [views.py:495] [views:_create_category_attribute] [INFO]- _create_or_update_category_attribute [{'attribute_id': '100233', 'display_value_name': '其他', 'value_id': 1863, 'multiple': False}, {'attribute_id': '100037', 'display_value_name': '中国大陆', 'value_id': 35, 'multiple': False}]
[2022-11-05 00:00:57,945] [basehttp.py:187] [basehttp:log_message] [INFO]- "POST /shopee/publish/ HTTP/1.1" 200 54877
[2022-11-05 00:00:57,945] [basehttp.py:187] [basehttp:log_message] [INFO]- "POST /shopee/publish/ HTTP/1.1" 200 54877
[2022-11-05 00:01:01,068] [basehttp.py:187] [basehttp:log_message] [INFO]- "GET /store/all/?type=1 HTTP/1.1" 200 282
[2022-11-05 00:01:01,068] [basehttp.py:187] [basehttp:log_message] [INFO]- "GET /store/all/?type=1 HTTP/1.1" 200 282
[2022-11-05 00:01:02,269] [basehttp.py:187] [basehttp:log_message] [INFO]- "GET /shopee/publish/product?global_product_id=37 HTTP/1.1" 200 54879
[2022-11-05 00:01:02,269] [basehttp.py:187] [basehttp:log_message] [INFO]- "GET /shopee/publish/product?global_product_id=37 HTTP/1.1" 200 54879
[2022-11-05 00:11:02,447] [autoreload.py:266] [autoreload:trigger_reload] [INFO]- D:\src\smarterwms\shopee\store\serializers.py changed, reloading.
[2022-11-05 00:11:02,447] [autoreload.py:266] [autoreload:trigger_reload] [INFO]- D:\src\smarterwms\shopee\store\serializers.py changed, reloading.
[2022-11-05 00:11:04,116] [base.py:444] [base:add_job] [INFO]- Adding job tentatively -- it will be properly scheduled when the scheduler starts
[2022-11-05 00:11:04,294] [base.py:444] [base:add_job] [INFO]- Adding job tentatively -- it will be properly scheduled when the scheduler starts
[2022-11-05 00:11:04,294] [base.py:444] [base:add_job] [INFO]- Adding job tentatively -- it will be properly scheduled when the scheduler starts
[2022-11-05 00:11:04,959] [autoreload.py:677] [autoreload:run_with_reloader] [INFO]- Watching for file changes with StatReloader
[2022-11-05 00:11:04,959] [autoreload.py:677] [autoreload:run_with_reloader] [INFO]- Watching for file changes with StatReloader
[2022-11-05 00:11:44,893] [autoreload.py:266] [autoreload:trigger_reload] [INFO]- D:\src\smarterwms\shopee\publish\views.py changed, reloading.
[2022-11-05 00:11:44,893] [autoreload.py:266] [autoreload:trigger_reload] [INFO]- D:\src\smarterwms\shopee\publish\views.py changed, reloading.
[2022-11-05 00:11:46,516] [base.py:444] [base:add_job] [INFO]- Adding job tentatively -- it will be properly scheduled when the scheduler starts
[2022-11-05 00:11:46,712] [base.py:444] [base:add_job] [INFO]- Adding job tentatively -- it will be properly scheduled when the scheduler starts
[2022-11-05 00:11:46,713] [base.py:444] [base:add_job] [INFO]- Adding job tentatively -- it will be properly scheduled when the scheduler starts
[2022-11-05 00:11:47,341] [autoreload.py:677] [autoreload:run_with_reloader] [INFO]- Watching for file changes with StatReloader
[2022-11-05 00:11:47,341] [autoreload.py:677] [autoreload:run_with_reloader] [INFO]- Watching for file changes with StatReloader
[2022-11-05 14:09:10,022] [autoreload.py:266] [autoreload:trigger_reload] [INFO]- D:\src\smarterwms\shopee\globalproduct\gRpc\client\global_product.py changed, reloading.
[2022-11-05 14:09:10,022] [autoreload.py:266] [autoreload:trigger_reload] [INFO]- D:\src\smarterwms\shopee\globalproduct\gRpc\client\global_product.py changed, reloading.
[2022-11-05 14:09:12,401] [base.py:444] [base:add_job] [INFO]- Adding job tentatively -- it will be properly scheduled when the scheduler starts
[2022-11-05 14:09:12,644] [base.py:444] [base:add_job] [INFO]- Adding job tentatively -- it will be properly scheduled when the scheduler starts
[2022-11-05 14:09:12,645] [base.py:444] [base:add_job] [INFO]- Adding job tentatively -- it will be properly scheduled when the scheduler starts
[2022-11-05 14:09:13,490] [autoreload.py:677] [autoreload:run_with_reloader] [INFO]- Watching for file changes with StatReloader
[2022-11-05 14:09:13,490] [autoreload.py:677] [autoreload:run_with_reloader] [INFO]- Watching for file changes with StatReloader
[2022-11-05 14:49:16,030] [autoreload.py:266] [autoreload:trigger_reload] [INFO]- D:\src\smarterwms\shopee\globalproduct\gRpc\client\global_product.py changed, reloading.
[2022-11-05 14:49:16,030] [autoreload.py:266] [autoreload:trigger_reload] [INFO]- D:\src\smarterwms\shopee\globalproduct\gRpc\client\global_product.py changed, reloading.
[2022-11-05 14:49:17,830] [base.py:444] [base:add_job] [INFO]- Adding job tentatively -- it will be properly scheduled when the scheduler starts
[2022-11-05 14:49:18,001] [base.py:444] [base:add_job] [INFO]- Adding job tentatively -- it will be properly scheduled when the scheduler starts
[2022-11-05 14:49:18,001] [base.py:444] [base:add_job] [INFO]- Adding job tentatively -- it will be properly scheduled when the scheduler starts
[2022-11-05 14:49:18,597] [autoreload.py:677] [autoreload:run_with_reloader] [INFO]- Watching for file changes with StatReloader
[2022-11-05 14:49:18,597] [autoreload.py:677] [autoreload:run_with_reloader] [INFO]- Watching for file changes with StatReloader
[2022-11-05 14:56:07,423] [autoreload.py:266] [autoreload:trigger_reload] [INFO]- D:\src\smarterwms\shopee\globalproduct\gRpc\client\global_product.py changed, reloading.
[2022-11-05 14:56:07,423] [autoreload.py:266] [autoreload:trigger_reload] [INFO]- D:\src\smarterwms\shopee\globalproduct\gRpc\client\global_product.py changed, reloading.
[2022-11-05 14:56:09,268] [base.py:444] [base:add_job] [INFO]- Adding job tentatively -- it will be properly scheduled when the scheduler starts
[2022-11-05 16:58:53,877] [base.py:444] [base:add_job] [INFO]- Adding job tentatively -- it will be properly scheduled when the scheduler starts
[2022-11-05 16:58:54,052] [base.py:444] [base:add_job] [INFO]- Adding job tentatively -- it will be properly scheduled when the scheduler starts
[2022-11-05 16:58:54,053] [base.py:444] [base:add_job] [INFO]- Adding job tentatively -- it will be properly scheduled when the scheduler starts
[2022-11-05 16:59:10,568] [base.py:444] [base:add_job] [INFO]- Adding job tentatively -- it will be properly scheduled when the scheduler starts
[2022-11-05 16:59:10,764] [base.py:444] [base:add_job] [INFO]- Adding job tentatively -- it will be properly scheduled when the scheduler starts
[2022-11-05 16:59:10,764] [base.py:444] [base:add_job] [INFO]- Adding job tentatively -- it will be properly scheduled when the scheduler starts
[2022-11-05 16:59:52,809] [base.py:444] [base:add_job] [INFO]- Adding job tentatively -- it will be properly scheduled when the scheduler starts
[2022-11-05 16:59:52,978] [base.py:444] [base:add_job] [INFO]- Adding job tentatively -- it will be properly scheduled when the scheduler starts
[2022-11-05 16:59:52,978] [base.py:444] [base:add_job] [INFO]- Adding job tentatively -- it will be properly scheduled when the scheduler starts
[2022-11-05 17:55:17,352] [base.py:444] [base:add_job] [INFO]- Adding job tentatively -- it will be properly scheduled when the scheduler starts
[2022-11-05 17:55:17,535] [base.py:444] [base:add_job] [INFO]- Adding job tentatively -- it will be properly scheduled when the scheduler starts
[2022-11-05 17:55:17,536] [base.py:444] [base:add_job] [INFO]- Adding job tentatively -- it will be properly scheduled when the scheduler starts
[2022-11-05 17:57:05,789] [base.py:444] [base:add_job] [INFO]- Adding job tentatively -- it will be properly scheduled when the scheduler starts
[2022-11-05 17:57:05,959] [base.py:444] [base:add_job] [INFO]- Adding job tentatively -- it will be properly scheduled when the scheduler starts
[2022-11-05 17:57:05,959] [base.py:444] [base:add_job] [INFO]- Adding job tentatively -- it will be properly scheduled when the scheduler starts
[2022-11-05 17:58:28,429] [base.py:444] [base:add_job] [INFO]- Adding job tentatively -- it will be properly scheduled when the scheduler starts
[2022-11-05 17:58:28,610] [base.py:444] [base:add_job] [INFO]- Adding job tentatively -- it will be properly scheduled when the scheduler starts
[2022-11-05 17:58:28,611] [base.py:444] [base:add_job] [INFO]- Adding job tentatively -- it will be properly scheduled when the scheduler starts
[2022-11-05 17:59:31,124] [base.py:444] [base:add_job] [INFO]- Adding job tentatively -- it will be properly scheduled when the scheduler starts
[2022-11-05 17:59:31,287] [base.py:444] [base:add_job] [INFO]- Adding job tentatively -- it will be properly scheduled when the scheduler starts
[2022-11-05 17:59:31,287] [base.py:444] [base:add_job] [INFO]- Adding job tentatively -- it will be properly scheduled when the scheduler starts
[2022-11-05 18:00:04,726] [base.py:444] [base:add_job] [INFO]- Adding job tentatively -- it will be properly scheduled when the scheduler starts
[2022-11-05 18:00:04,892] [base.py:444] [base:add_job] [INFO]- Adding job tentatively -- it will be properly scheduled when the scheduler starts
[2022-11-05 18:00:04,893] [base.py:444] [base:add_job] [INFO]- Adding job tentatively -- it will be properly scheduled when the scheduler starts
[2022-11-05 18:00:48,304] [base.py:444] [base:add_job] [INFO]- Adding job tentatively -- it will be properly scheduled when the scheduler starts
[2022-11-05 18:00:48,470] [base.py:444] [base:add_job] [INFO]- Adding job tentatively -- it will be properly scheduled when the scheduler starts
[2022-11-05 18:00:48,470] [base.py:444] [base:add_job] [INFO]- Adding job tentatively -- it will be properly scheduled when the scheduler starts
[2022-11-05 18:01:29,631] [base.py:444] [base:add_job] [INFO]- Adding job tentatively -- it will be properly scheduled when the scheduler starts
[2022-11-05 18:01:29,805] [base.py:444] [base:add_job] [INFO]- Adding job tentatively -- it will be properly scheduled when the scheduler starts
[2022-11-05 18:01:29,805] [base.py:444] [base:add_job] [INFO]- Adding job tentatively -- it will be properly scheduled when the scheduler starts
[2022-11-05 18:05:17,273] [base.py:444] [base:add_job] [INFO]- Adding job tentatively -- it will be properly scheduled when the scheduler starts
[2022-11-05 18:05:17,441] [base.py:444] [base:add_job] [INFO]- Adding job tentatively -- it will be properly scheduled when the scheduler starts
[2022-11-05 18:05:17,441] [base.py:444] [base:add_job] [INFO]- Adding job tentatively -- it will be properly scheduled when the scheduler starts
[2022-11-05 18:05:33,950] [base.py:444] [base:add_job] [INFO]- Adding job tentatively -- it will be properly scheduled when the scheduler starts
[2022-11-05 18:05:34,119] [base.py:444] [base:add_job] [INFO]- Adding job tentatively -- it will be properly scheduled when the scheduler starts
[2022-11-05 18:05:34,119] [base.py:444] [base:add_job] [INFO]- Adding job tentatively -- it will be properly scheduled when the scheduler starts
[2022-11-05 18:05:36,212] [global_product.py:120] [global_product:create_from_global_product] [INFO]- create from global product <globalproduct.gRpc.client.types.global_product.ProductResponse object at 0x000001D858A88C10> 
[2022-11-05 18:06:10,097] [base.py:444] [base:add_job] [INFO]- Adding job tentatively -- it will be properly scheduled when the scheduler starts
[2022-11-05 18:06:10,277] [base.py:444] [base:add_job] [INFO]- Adding job tentatively -- it will be properly scheduled when the scheduler starts
[2022-11-05 18:06:10,277] [base.py:444] [base:add_job] [INFO]- Adding job tentatively -- it will be properly scheduled when the scheduler starts
[2022-11-05 18:06:12,333] [global_product.py:120] [global_product:create_from_global_product] [INFO]- create from global product <globalproduct.gRpc.client.types.global_product.ProductResponse object at 0x000002049CBCAB80> 
[2022-11-05 18:06:34,067] [base.py:444] [base:add_job] [INFO]- Adding job tentatively -- it will be properly scheduled when the scheduler starts
[2022-11-05 18:06:34,306] [base.py:444] [base:add_job] [INFO]- Adding job tentatively -- it will be properly scheduled when the scheduler starts
[2022-11-05 18:06:34,306] [base.py:444] [base:add_job] [INFO]- Adding job tentatively -- it will be properly scheduled when the scheduler starts
[2022-11-05 18:06:36,353] [global_product.py:120] [global_product:create_from_global_product] [INFO]- create from global product <globalproduct.gRpc.client.types.global_product.ProductResponse object at 0x0000022B0917BB80> 
[2022-11-05 18:07:57,688] [base.py:444] [base:add_job] [INFO]- Adding job tentatively -- it will be properly scheduled when the scheduler starts
[2022-11-05 18:07:57,874] [base.py:444] [base:add_job] [INFO]- Adding job tentatively -- it will be properly scheduled when the scheduler starts
[2022-11-05 18:07:57,874] [base.py:444] [base:add_job] [INFO]- Adding job tentatively -- it will be properly scheduled when the scheduler starts
[2022-11-05 18:14:50,830] [base.py:444] [base:add_job] [INFO]- Adding job tentatively -- it will be properly scheduled when the scheduler starts
[2022-11-05 18:14:51,030] [base.py:444] [base:add_job] [INFO]- Adding job tentatively -- it will be properly scheduled when the scheduler starts
[2022-11-05 18:14:51,031] [base.py:444] [base:add_job] [INFO]- Adding job tentatively -- it will be properly scheduled when the scheduler starts
[2022-11-05 18:16:00,467] [base.py:444] [base:add_job] [INFO]- Adding job tentatively -- it will be properly scheduled when the scheduler starts
[2022-11-05 18:16:00,658] [base.py:444] [base:add_job] [INFO]- Adding job tentatively -- it will be properly scheduled when the scheduler starts
[2022-11-05 18:16:00,658] [base.py:444] [base:add_job] [INFO]- Adding job tentatively -- it will be properly scheduled when the scheduler starts
[2022-11-05 18:16:47,874] [base.py:444] [base:add_job] [INFO]- Adding job tentatively -- it will be properly scheduled when the scheduler starts
[2022-11-05 18:16:48,058] [base.py:444] [base:add_job] [INFO]- Adding job tentatively -- it will be properly scheduled when the scheduler starts
[2022-11-05 18:16:48,059] [base.py:444] [base:add_job] [INFO]- Adding job tentatively -- it will be properly scheduled when the scheduler starts
[2022-11-05 18:17:54,695] [base.py:444] [base:add_job] [INFO]- Adding job tentatively -- it will be properly scheduled when the scheduler starts
[2022-11-05 18:17:54,871] [base.py:444] [base:add_job] [INFO]- Adding job tentatively -- it will be properly scheduled when the scheduler starts
[2022-11-05 18:17:54,871] [base.py:444] [base:add_job] [INFO]- Adding job tentatively -- it will be properly scheduled when the scheduler starts
[2022-11-05 18:19:26,182] [base.py:444] [base:add_job] [INFO]- Adding job tentatively -- it will be properly scheduled when the scheduler starts
[2022-11-05 18:19:26,373] [base.py:444] [base:add_job] [INFO]- Adding job tentatively -- it will be properly scheduled when the scheduler starts
[2022-11-05 18:19:26,374] [base.py:444] [base:add_job] [INFO]- Adding job tentatively -- it will be properly scheduled when the scheduler starts
[2022-11-05 18:19:41,715] [base.py:444] [base:add_job] [INFO]- Adding job tentatively -- it will be properly scheduled when the scheduler starts
[2022-11-05 18:19:41,908] [base.py:444] [base:add_job] [INFO]- Adding job tentatively -- it will be properly scheduled when the scheduler starts
[2022-11-05 18:19:41,909] [base.py:444] [base:add_job] [INFO]- Adding job tentatively -- it will be properly scheduled when the scheduler starts
[2022-11-05 18:19:46,394] [base.py:444] [base:add_job] [INFO]- Adding job tentatively -- it will be properly scheduled when the scheduler starts
[2022-11-05 18:19:46,562] [base.py:444] [base:add_job] [INFO]- Adding job tentatively -- it will be properly scheduled when the scheduler starts
[2022-11-05 18:19:46,563] [base.py:444] [base:add_job] [INFO]- Adding job tentatively -- it will be properly scheduled when the scheduler starts
[2022-11-05 21:42:22,833] [base.py:444] [base:add_job] [INFO]- Adding job tentatively -- it will be properly scheduled when the scheduler starts
[2022-11-05 21:42:23,013] [base.py:444] [base:add_job] [INFO]- Adding job tentatively -- it will be properly scheduled when the scheduler starts
[2022-11-05 21:42:23,013] [base.py:444] [base:add_job] [INFO]- Adding job tentatively -- it will be properly scheduled when the scheduler starts
[2022-11-05 21:43:23,079] [base.py:444] [base:add_job] [INFO]- Adding job tentatively -- it will be properly scheduled when the scheduler starts
[2022-11-05 21:43:23,248] [base.py:444] [base:add_job] [INFO]- Adding job tentatively -- it will be properly scheduled when the scheduler starts
[2022-11-05 21:43:23,248] [base.py:444] [base:add_job] [INFO]- Adding job tentatively -- it will be properly scheduled when the scheduler starts
[2022-11-05 21:44:20,862] [base.py:444] [base:add_job] [INFO]- Adding job tentatively -- it will be properly scheduled when the scheduler starts
[2022-11-05 21:44:21,044] [base.py:444] [base:add_job] [INFO]- Adding job tentatively -- it will be properly scheduled when the scheduler starts
[2022-11-05 21:44:21,044] [base.py:444] [base:add_job] [INFO]- Adding job tentatively -- it will be properly scheduled when the scheduler starts
[2022-11-05 23:17:17,036] [base.py:444] [base:add_job] [INFO]- Adding job tentatively -- it will be properly scheduled when the scheduler starts
[2022-11-05 23:17:17,214] [base.py:444] [base:add_job] [INFO]- Adding job tentatively -- it will be properly scheduled when the scheduler starts
[2022-11-05 23:17:17,215] [base.py:444] [base:add_job] [INFO]- Adding job tentatively -- it will be properly scheduled when the scheduler starts
[2022-11-05 23:21:40,303] [base.py:444] [base:add_job] [INFO]- Adding job tentatively -- it will be properly scheduled when the scheduler starts
[2022-11-05 23:21:40,475] [base.py:444] [base:add_job] [INFO]- Adding job tentatively -- it will be properly scheduled when the scheduler starts
[2022-11-05 23:21:40,475] [base.py:444] [base:add_job] [INFO]- Adding job tentatively -- it will be properly scheduled when the scheduler starts
[2022-11-05 23:24:33,475] [base.py:444] [base:add_job] [INFO]- Adding job tentatively -- it will be properly scheduled when the scheduler starts
[2022-11-05 23:24:33,645] [base.py:444] [base:add_job] [INFO]- Adding job tentatively -- it will be properly scheduled when the scheduler starts
[2022-11-05 23:24:33,645] [base.py:444] [base:add_job] [INFO]- Adding job tentatively -- it will be properly scheduled when the scheduler starts
[2022-11-05 23:32:07,470] [base.py:444] [base:add_job] [INFO]- Adding job tentatively -- it will be properly scheduled when the scheduler starts
[2022-11-05 23:32:07,638] [base.py:444] [base:add_job] [INFO]- Adding job tentatively -- it will be properly scheduled when the scheduler starts
[2022-11-05 23:32:07,638] [base.py:444] [base:add_job] [INFO]- Adding job tentatively -- it will be properly scheduled when the scheduler starts
[2022-11-05 23:32:39,016] [base.py:444] [base:add_job] [INFO]- Adding job tentatively -- it will be properly scheduled when the scheduler starts
[2022-11-05 23:32:39,199] [base.py:444] [base:add_job] [INFO]- Adding job tentatively -- it will be properly scheduled when the scheduler starts
[2022-11-05 23:32:39,199] [base.py:444] [base:add_job] [INFO]- Adding job tentatively -- it will be properly scheduled when the scheduler starts
